{"version":1,"windowDimensions":{"x":0,"y":63,"width":1366,"height":705,"maximized":true},"grammars":{"grammarOverridesByPath":{}},"project":{"deserializer":"Project","paths":["/home/juanjo/CLIENTES/proyectobutano/butanoServer/.elasticbeanstalk/logs/i-0456500401cca7796/var/log"],"buffers":[{"id":"a9dc3ebc24117c1219aa910271f588a6","text":"[2017-01-17T18:04:08.368Z] INFO  [2695]  - [Initialization] : Starting activity...\n[2017-01-17T18:04:08.368Z] INFO  [2695]  - [Initialization/AddonsBefore] : Starting activity...\n[2017-01-17T18:04:08.368Z] INFO  [2695]  - [Initialization/AddonsBefore] : Completed activity.\n[2017-01-17T18:04:08.368Z] INFO  [2695]  - [Initialization/PreInitStage0] : Starting activity...\n[2017-01-17T18:04:08.368Z] INFO  [2695]  - [Initialization/PreInitStage0/InfraWriteConfig] : Starting activity...\n[2017-01-17T18:04:08.370Z] INFO  [2695]  - [Initialization/PreInitStage0/InfraWriteConfig] : Completed activity. Result:\n  Recreated directory /opt/elasticbeanstalk/deploy/configuration/.\n  Generate appsource url file at /opt/elasticbeanstalk/deploy/configuration/appsourceurl.\n  Generate container config file at /opt/elasticbeanstalk/deploy/configuration/containerconfiguration.\n[2017-01-17T18:04:08.371Z] INFO  [2695]  - [Initialization/PreInitStage0/DownloadSourceBundle] : Starting activity...\n[2017-01-17T18:04:08.703Z] INFO  [2695]  - [Initialization/PreInitStage0/DownloadSourceBundle] : Completed activity. Result:\n  [2017-01-17T18:04:08.472Z] INFO  [2711]  : Application version will be saved to /opt/elasticbeanstalk/deploy/appsource.\n  [2017-01-17T18:04:08.472Z] INFO  [2711]  : Using manifest cache with deployment ID 1 and serial 1.\n  [2017-01-17T18:04:08.472Z] INFO  [2711]  : Attempting to download application source bundle to: '/opt/elasticbeanstalk/deploy/appsource/source_bundle'.\n  [2017-01-17T18:04:08.472Z] INFO  [2711]  : Using computed s3 key.\n  [2017-01-17T18:04:08.588Z] INFO  [2711]  : Downloading from bucket 'elasticbeanstalk-eu-west-1-492870086323' with key 'resources/environments/e-mxvmn37mgu/_runtime/_versions/butanoServer/app-170117_190150' and version '' to '/opt/elasticbeanstalk/deploy/appsource/source_bundle'.\n  [2017-01-17T18:04:08.641Z] INFO  [2711]  : Size: 491875, ETag: \"85cbd3fb1dae1757404213bb51dab19a\", Metadata: {\"environmentid\"=>\"e-mxvmn37mgu\", \"requestid\"=>\"07415a88-dcdf-11e6-8082-d791597a439c\"}.\n  [2017-01-17T18:04:08.690Z] INFO  [2711]  : Downloaded size: 491875.\n  [2017-01-17T18:04:08.690Z] INFO  [2711]  : Successfully downloaded to '/opt/elasticbeanstalk/deploy/appsource/source_bundle'.\n[2017-01-17T18:04:08.703Z] INFO  [2695]  - [Initialization/PreInitStage0/PreInitHook] : Starting activity...\n[2017-01-17T18:04:08.704Z] INFO  [2695]  - [Initialization/PreInitStage0/PreInitHook/01setuplogs.sh] : Starting activity...\n[2017-01-17T18:04:08.923Z] INFO  [2695]  - [Initialization/PreInitStage0/PreInitHook/01setuplogs.sh] : Completed activity. Result:\n  + mkdir -p /opt/elasticbeanstalk/tasks/taillogs.d /opt/elasticbeanstalk/tasks/sytemtaillogs.d /opt/elasticbeanstalk/tasks/bundlelogs.d /opt/elasticbeanstalk/tasks/publishlogs.d\n  + /opt/elasticbeanstalk/bin/log-conf -n python '-l/opt/python/log/*' -t taillogs,systemtaillogs,bundlelogs\n  + /opt/elasticbeanstalk/bin/log-conf -n python-app '-l/opt/python/log/app.out.*' -t publishlogs\n  + /opt/elasticbeanstalk/bin/log-conf -n supervisord '-l/opt/python/log/supervisord.log.*' -t publishlogs\n  + /opt/elasticbeanstalk/bin/log-conf -nhttpd '-l/var/log/httpd/*' -f /opt/elasticbeanstalk/containerfiles/beanstalkhttpd\n[2017-01-17T18:04:08.923Z] INFO  [2695]  - [Initialization/PreInitStage0/PreInitHook/02installpackages.sh] : Starting activity...\n[2017-01-17T18:04:09.013Z] INFO  [2695]  - [Initialization/PreInitStage0/PreInitHook/02installpackages.sh] : Completed activity. Result:\n  ++ /opt/elasticbeanstalk/bin/get-config container -k python_version\n  + PYTHON_VERSION=2.7\n  + is_baked python_packages\n  + [[ -f /etc/elasticbeanstalk/baking_manifest/python_packages ]]\n  + true\n  + echo python common packages have already been installed. Skipping installation.\n  python common packages have already been installed. Skipping installation.\n  + '[' 2.7 = 2.6 ']'\n  + '[' 2.7 = 2.7 ']'\n  + is_baked python27_packages\n  + [[ -f /etc/elasticbeanstalk/baking_manifest/python27_packages ]]\n  + true\n  + echo python-2.7 has already been installed. Skipping installation.\n  python-2.7 has already been installed. Skipping installation.\n  + is_baked python_libs\n  + [[ -f /etc/elasticbeanstalk/baking_manifest/python_libs ]]\n  + true\n  + echo python libs has already been installed. Skipping installation.\n  python libs has already been installed. Skipping installation.\n[2017-01-17T18:04:09.013Z] INFO  [2695]  - [Initialization/PreInitStage0/PreInitHook/03rmdefaultconfig.sh] : Starting activity...\n[2017-01-17T18:04:09.016Z] INFO  [2695]  - [Initialization/PreInitStage0/PreInitHook/03rmdefaultconfig.sh] : Completed activity. Result:\n  + [[ true == \\t\\r\\u\\e ]]\n  + rm -f /etc/httpd/conf.d/autoindex.conf /etc/httpd/conf.d/notrace.conf /etc/httpd/conf.d/README /etc/httpd/conf.d/userdir.conf /etc/httpd/conf.d/welcome.conf\n[2017-01-17T18:04:09.016Z] INFO  [2695]  - [Initialization/PreInitStage0/PreInitHook/04installconfig.py] : Starting activity...\n[2017-01-17T18:04:13.662Z] INFO  [2695]  - [Initialization/PreInitStage0/PreInitHook/04installconfig.py] : Completed activity. Result:\n  New python executable in /opt/python/run/baselinenv/bin/python2.7\n  Also creating executable in /opt/python/run/baselinenv/bin/python\n  Installing setuptools, pip...done.\n  Already using interpreter /usr/bin/python2.7\n  New python executable in /opt/python/run/venv/bin/python2.7\n  Also creating executable in /opt/python/run/venv/bin/python\n  Installing setuptools, pip...done.\n  Ignoring indexes: https://pypi.python.org/simple\n  Processing /opt/elasticbeanstalk/containerfiles/packages/pip-7.1.2-py2.py3-none-any.whl\n  Installing collected packages: pip\n    Found existing installation: pip 6.0.8\n      Uninstalling pip-6.0.8:\n        Successfully uninstalled pip-6.0.8\n  \n  Successfully installed pip-7.1.2\n  Ignoring indexes: https://pypi.python.org/simple\n  Collecting setuptools\n  Installing collected packages: setuptools\n    Found existing installation: setuptools 12.0.5\n      Uninstalling setuptools-12.0.5:\n        Successfully uninstalled setuptools-12.0.5\n  Successfully installed setuptools-18.4\n[2017-01-17T18:04:13.662Z] INFO  [2695]  - [Initialization/PreInitStage0/PreInitHook/05wsgiuser.sh] : Starting activity...\n[2017-01-17T18:04:14.171Z] INFO  [2695]  - [Initialization/PreInitStage0/PreInitHook/05wsgiuser.sh] : Completed activity. Result:\n  ++ /opt/elasticbeanstalk/bin/get-config container -k app_user\n  + APP_USER=wsgi\n  + id -u wsgi\n  id: wsgi: no such user\n  + adduser --system --user-group wsgi -s /sbin/nologin\n[2017-01-17T18:04:14.171Z] INFO  [2695]  - [Initialization/PreInitStage0/PreInitHook/06startsupervisor.sh] : Starting activity...\n[2017-01-17T18:04:15.283Z] INFO  [2695]  - [Initialization/PreInitStage0/PreInitHook/06startsupervisor.sh] : Completed activity. Result:\n  ++ pgrep supervisord\n  + '[' '!' ']'\n  + start supervisord\n  supervisord start/running, process 2795\n[2017-01-17T18:04:15.283Z] INFO  [2695]  - [Initialization/PreInitStage0/PreInitHook/07updatepermissions.sh] : Starting activity...\n[2017-01-17T18:04:15.437Z] INFO  [2695]  - [Initialization/PreInitStage0/PreInitHook/07updatepermissions.sh] : Completed activity. Result:\n  ++ /opt/elasticbeanstalk/bin/get-config container -k app_user\n  + APP_USER=wsgi\n  + chgrp wsgi /opt/python/log\n  + chmod 775 /opt/python/log\n  + chmod -R 755 /var/log\n[2017-01-17T18:04:15.437Z] INFO  [2695]  - [Initialization/PreInitStage0/PreInitHook/99cleanup.sh] : Starting activity...\n[2017-01-17T18:04:15.439Z] INFO  [2695]  - [Initialization/PreInitStage0/PreInitHook/99cleanup.sh] : Completed activity. Result:\n  + rm -f /etc/logrotate.d/httpd\n[2017-01-17T18:04:15.439Z] INFO  [2695]  - [Initialization/PreInitStage0/PreInitHook] : Completed activity. Result:\n  Successfully execute hooks in directory /opt/elasticbeanstalk/hooks/preinit.\n[2017-01-17T18:04:15.439Z] INFO  [2695]  - [Initialization/PreInitStage0] : Completed activity. Result:\n  Initialization - Command CMD-PreInit stage 0 completed\n[2017-01-17T18:04:15.440Z] INFO  [2695]  - [Initialization/AddonsAfter] : Starting activity...\n[2017-01-17T18:04:15.440Z] INFO  [2695]  - [Initialization/AddonsAfter/InstallCWLAgent] : Starting activity...\n[2017-01-17T18:04:15.440Z] INFO  [2695]  - [Initialization/AddonsAfter/InstallCWLAgent/01-install-cwl-agent.sh] : Starting activity...\n[2017-01-17T18:04:27.594Z] INFO  [2695]  - [Initialization/AddonsAfter/InstallCWLAgent/01-install-cwl-agent.sh] : Completed activity. Result:\n  + yum install -y awslogs\n  Loaded plugins: priorities, update-motd, upgrade-helper\n  Repodata is over 2 weeks old. Install yum-cron? Or run: yum makecache fast\n  Resolving Dependencies\n  --> Running transaction check\n  ---> Package awslogs.noarch 0:1.1.2-1.10.amzn1 will be installed\n  --> Processing Dependency: aws-cli-plugin-cloudwatch-logs(python27) for package: awslogs-1.1.2-1.10.amzn1.noarch\n  --> Running transaction check\n  ---> Package aws-cli-plugin-cloudwatch-logs.noarch 0:1.3.3-1.15.amzn1 will be installed\n  --> Finished Dependency Resolution\n  \n  Dependencies Resolved\n  \n  ================================================================================\n   Package                          Arch     Version            Repository   Size\n  ================================================================================\n  Installing:\n   awslogs                          noarch   1.1.2-1.10.amzn1   amzn-main   8.8 k\n  Installing for dependencies:\n   aws-cli-plugin-cloudwatch-logs   noarch   1.3.3-1.15.amzn1   amzn-main    69 k\n  \n  Transaction Summary\n  ================================================================================\n  Install  1 Package (+1 Dependent package)\n  \n  Total download size: 78 k\n  Installed size: 240 k\n  Downloading packages:\n  --------------------------------------------------------------------------------\n  Total                                              3.5 MB/s |  78 kB  00:00     \n  Running transaction check\n  Running transaction test\n  Transaction test succeeded\n  Running transaction\n    Installing : aws-cli-plugin-cloudwatch-logs-1.3.3-1.15.amzn1.noarch       1/2 \n    Installing : awslogs-1.1.2-1.10.amzn1.noarch                              2/2 \n    Verifying  : awslogs-1.1.2-1.10.amzn1.noarch                              1/2 \n    Verifying  : aws-cli-plugin-cloudwatch-logs-1.3.3-1.15.amzn1.noarch       2/2 \n  \n  Installed:\n    awslogs.noarch 0:1.1.2-1.10.amzn1                                             \n  \n  Dependency Installed:\n    aws-cli-plugin-cloudwatch-logs.noarch 0:1.3.3-1.15.amzn1                      \n  \n  Complete!\n  + cat\n  + /opt/elasticbeanstalk/bin/log-conf -n awslogs -l/var/log/awslogs.log\n  ++ sed 's/.$//'\n  ++ curl 169.254.169.254/latest/meta-data/placement/availability-zone\n    % Total    % Received % Xferd  Average Speed   Time    Time     Time  Current\n                                   Dload  Upload   Total   Spent    Left  Speed\n  \r  0     0    0     0    0     0      0      0 --:--:-- --:--:-- --:--:--     0\r100    10  100    10    0     0   7288      0 --:--:-- --:--:-- --:--:-- 10000\n  + region=eu-west-1\n  + sed -i -e 's/region = us-east-1/region = eu-west-1/g' /etc/awslogs/awscli.conf\n[2017-01-17T18:04:27.594Z] INFO  [2695]  - [Initialization/AddonsAfter/InstallCWLAgent] : Completed activity. Result:\n  Successfully execute hooks in directory /opt/elasticbeanstalk/addons/logstreaming/hooks/install.\n[2017-01-17T18:04:27.594Z] INFO  [2695]  - [Initialization/AddonsAfter] : Completed activity.\n[2017-01-17T18:04:27.595Z] INFO  [2695]  - [Initialization] : Completed activity. Result:\n  Initialization - Command CMD-PreInit succeeded\n[2017-01-17T18:04:40.433Z] INFO  [2962]  - [Application deployment app-170117_190150@1] : Starting activity...\n[2017-01-17T18:04:40.433Z] INFO  [2962]  - [Application deployment app-170117_190150@1/AddonsBefore] : Starting activity...\n[2017-01-17T18:04:40.433Z] INFO  [2962]  - [Application deployment app-170117_190150@1/AddonsBefore] : Completed activity.\n[2017-01-17T18:04:40.679Z] INFO  [2962]  - [Application deployment app-170117_190150@1/StartupStage0] : Starting activity...\n[2017-01-17T18:04:40.679Z] INFO  [2962]  - [Application deployment app-170117_190150@1/StartupStage0/HealthdLogRotation] : Starting activity...\n[2017-01-17T18:04:40.684Z] INFO  [2962]  - [Application deployment app-170117_190150@1/StartupStage0/HealthdLogRotation] : Completed activity. Result:\n  [\"/etc/cron.hourly/cron.logrotate.elasticbeanstalk.healthd.conf\"]\n[2017-01-17T18:04:40.684Z] INFO  [2962]  - [Application deployment app-170117_190150@1/StartupStage0/HealthdHTTPDLogging] : Starting activity...\n[2017-01-17T18:04:40.684Z] INFO  [2962]  - [Application deployment app-170117_190150@1/StartupStage0/HealthdHTTPDLogging] : Completed activity.\n[2017-01-17T18:04:40.684Z] INFO  [2962]  - [Application deployment app-170117_190150@1/StartupStage0/HealthdNginxLogging] : Starting activity...\n[2017-01-17T18:04:40.684Z] INFO  [2962]  - [Application deployment app-170117_190150@1/StartupStage0/HealthdNginxLogging] : Completed activity.\n[2017-01-17T18:04:40.684Z] INFO  [2962]  - [Application deployment app-170117_190150@1/StartupStage0/EbExtensionPreBuild] : Starting activity...\n[2017-01-17T18:04:40.998Z] INFO  [2962]  - [Application deployment app-170117_190150@1/StartupStage0/EbExtensionPreBuild/Infra-EmbeddedPreBuild] : Starting activity...\n[2017-01-17T18:04:40.999Z] INFO  [2962]  - [Application deployment app-170117_190150@1/StartupStage0/EbExtensionPreBuild/Infra-EmbeddedPreBuild/prebuild_0_butanoServer] : Starting activity...\n[2017-01-17T18:04:50.824Z] INFO  [2962]  - [Application deployment app-170117_190150@1/StartupStage0/EbExtensionPreBuild/Infra-EmbeddedPreBuild/prebuild_0_butanoServer/yum install postgresql93-devel git] : Starting activity...\n[2017-01-17T18:05:03.526Z] INFO  [2962]  - [Application deployment app-170117_190150@1/StartupStage0/EbExtensionPreBuild/Infra-EmbeddedPreBuild/prebuild_0_butanoServer/yum install postgresql93-devel git] : Completed activity. Result:\n  Loaded plugins: priorities, update-motd, upgrade-helper\n  Resolving Dependencies\n  --> Running transaction check\n  ---> Package git.x86_64 0:2.7.4-1.47.amzn1 will be installed\n  --> Processing Dependency: perl-Git = 2.7.4-1.47.amzn1 for package: git-2.7.4-1.47.amzn1.x86_64\n  --> Processing Dependency: perl(Term::ReadKey) for package: git-2.7.4-1.47.amzn1.x86_64\n  --> Processing Dependency: perl(Git) for package: git-2.7.4-1.47.amzn1.x86_64\n  --> Processing Dependency: perl(Error) for package: git-2.7.4-1.47.amzn1.x86_64\n  ---> Package postgresql93-devel.x86_64 0:9.3.14-1.62.amzn1 will be installed\n  --> Processing Dependency: postgresql93(x86-64) = 9.3.14-1.62.amzn1 for package: postgresql93-devel-9.3.14-1.62.amzn1.x86_64\n  --> Processing Dependency: postgresql93-libs(x86-64) = 9.3.14-1.62.amzn1 for package: postgresql93-devel-9.3.14-1.62.amzn1.x86_64\n  --> Processing Dependency: postgresql93(alternatives) for package: postgresql93-devel-9.3.14-1.62.amzn1.x86_64\n  --> Processing Dependency: libecpg.so.6()(64bit) for package: postgresql93-devel-9.3.14-1.62.amzn1.x86_64\n  --> Processing Dependency: libecpg_compat.so.3()(64bit) for package: postgresql93-devel-9.3.14-1.62.amzn1.x86_64\n  --> Processing Dependency: libpgtypes.so.3()(64bit) for package: postgresql93-devel-9.3.14-1.62.amzn1.x86_64\n  --> Processing Dependency: libpq.so.5()(64bit) for package: postgresql93-devel-9.3.14-1.62.amzn1.x86_64\n  --> Running transaction check\n  ---> Package perl-Error.noarch 1:0.17020-2.9.amzn1 will be installed\n  ---> Package perl-Git.noarch 0:2.7.4-1.47.amzn1 will be installed\n  ---> Package perl-TermReadKey.x86_64 0:2.30-20.9.amzn1 will be installed\n  ---> Package postgresql93.x86_64 0:9.3.14-1.62.amzn1 will be installed\n  ---> Package postgresql93-libs.x86_64 0:9.3.14-1.62.amzn1 will be installed\n  --> Finished Dependency Resolution\n  \n  Dependencies Resolved\n  \n  ================================================================================\n  Package                Arch       Version                  Repository     Size\n  ================================================================================\n  Installing:\n  git                    x86_64     2.7.4-1.47.amzn1         amzn-main      11 M\n  postgresql93-devel     x86_64     9.3.14-1.62.amzn1        amzn-main     1.1 M\n  Installing for dependencies:\n  perl-Error             noarch     1:0.17020-2.9.amzn1      amzn-main      33 k\n  perl-Git               noarch     2.7.4-1.47.amzn1         amzn-main      64 k\n  perl-TermReadKey       x86_64     2.30-20.9.amzn1          amzn-main      33 k\n  postgresql93           x86_64     9.3.14-1.62.amzn1        amzn-main     1.6 M\n  postgresql93-libs      x86_64     9.3.14-1.62.amzn1        amzn-main     263 k\n  \n  Transaction Summary\n  ================================================================================\n  Install  2 Packages (+5 Dependent packages)\n  \n  Total download size: 14 M\n  Installed size: 36 M\n  Downloading packages:\n  --------------------------------------------------------------------------------\n  Total                                               28 MB/s |  14 MB  00:00\n  Running transaction check\n  Running transaction test\n  Transaction test succeeded\n  Running transaction\n  Installing : postgresql93-libs-9.3.14-1.62.amzn1.x86_64                   1/7\n  Installing : 1:perl-Error-0.17020-2.9.amzn1.noarch                        2/7\n  Installing : postgresql93-9.3.14-1.62.amzn1.x86_64                        3/7\n  Installing : perl-TermReadKey-2.30-20.9.amzn1.x86_64                      4/7\n  Installing : git-2.7.4-1.47.amzn1.x86_64                                  5/7\n  Installing : perl-Git-2.7.4-1.47.amzn1.noarch                             6/7\n  Installing : postgresql93-devel-9.3.14-1.62.amzn1.x86_64                  7/7\n  Verifying  : 1:perl-Error-0.17020-2.9.amzn1.noarch                        1/7\n  Verifying  : postgresql93-devel-9.3.14-1.62.amzn1.x86_64                  2/7\n  Verifying  : perl-TermReadKey-2.30-20.9.amzn1.x86_64                      3/7\n  Verifying  : postgresql93-9.3.14-1.62.amzn1.x86_64                        4/7\n  Verifying  : git-2.7.4-1.47.amzn1.x86_64                                  5/7\n  Verifying  : perl-Git-2.7.4-1.47.amzn1.noarch                             6/7\n  Verifying  : postgresql93-libs-9.3.14-1.62.amzn1.x86_64                   7/7\n  \n  Installed:\n  git.x86_64 0:2.7.4-1.47.amzn1  postgresql93-devel.x86_64 0:9.3.14-1.62.amzn1\n  \n  Dependency Installed:\n  perl-Error.noarch 1:0.17020-2.9.amzn1\n  perl-Git.noarch 0:2.7.4-1.47.amzn1\n  perl-TermReadKey.x86_64 0:2.30-20.9.amzn1\n  postgresql93.x86_64 0:9.3.14-1.62.amzn1\n  postgresql93-libs.x86_64 0:9.3.14-1.62.amzn1\n  \n  Complete!\n  \n[2017-01-17T18:05:03.526Z] INFO  [2962]  - [Application deployment app-170117_190150@1/StartupStage0/EbExtensionPreBuild/Infra-EmbeddedPreBuild/prebuild_0_butanoServer] : Completed activity.\n[2017-01-17T18:05:03.526Z] INFO  [2962]  - [Application deployment app-170117_190150@1/StartupStage0/EbExtensionPreBuild/Infra-EmbeddedPreBuild] : Completed activity.\n[2017-01-17T18:05:03.549Z] INFO  [2962]  - [Application deployment app-170117_190150@1/StartupStage0/EbExtensionPreBuild] : Completed activity.\n[2017-01-17T18:05:03.549Z] INFO  [2962]  - [Application deployment app-170117_190150@1/StartupStage0/AppDeployPreHook] : Starting activity...\n[2017-01-17T18:05:03.549Z] INFO  [2962]  - [Application deployment app-170117_190150@1/StartupStage0/AppDeployPreHook/01new.py] : Starting activity...\n[2017-01-17T18:05:03.859Z] INFO  [2962]  - [Application deployment app-170117_190150@1/StartupStage0/AppDeployPreHook/01new.py] : Completed activity.\n[2017-01-17T18:05:03.859Z] INFO  [2962]  - [Application deployment app-170117_190150@1/StartupStage0/AppDeployPreHook/02unzip.py] : Starting activity...\n[2017-01-17T18:05:04.270Z] INFO  [2962]  - [Application deployment app-170117_190150@1/StartupStage0/AppDeployPreHook/02unzip.py] : Completed activity. Result:\n  Archive:  /opt/elasticbeanstalk/deploy/appsource/source_bundle\n    inflating: /opt/python/ondeck/app/manage.py  \n    inflating: /opt/python/ondeck/app/log.txt  \n    inflating: /opt/python/ondeck/app/requirements.txt  \n    inflating: /opt/python/ondeck/app/db.sqlite3  \n     creating: /opt/python/ondeck/app/core/\n    inflating: /opt/python/ondeck/app/core/models.pyc  \n    inflating: /opt/python/ondeck/app/core/tests.py  \n    inflating: /opt/python/ondeck/app/core/urls.pyc  \n    inflating: /opt/python/ondeck/app/core/admin.pyc  \n    inflating: /opt/python/ondeck/app/core/urls.py  \n    inflating: /opt/python/ondeck/app/core/__init__.py  \n    inflating: /opt/python/ondeck/app/core/apps.py  \n    inflating: /opt/python/ondeck/app/core/views.py  \n    inflating: /opt/python/ondeck/app/core/models.py  \n    inflating: /opt/python/ondeck/app/core/views.pyc  \n    inflating: /opt/python/ondeck/app/core/admin.py  \n    inflating: /opt/python/ondeck/app/core/__init__.pyc  \n     creating: /opt/python/ondeck/app/core/migrations/\n    inflating: /opt/python/ondeck/app/core/migrations/0007_userprofile.pyc  \n    inflating: /opt/python/ondeck/app/core/migrations/0001_initial.py  \n    inflating: /opt/python/ondeck/app/core/migrations/0005_zone_name.pyc  \n    inflating: /opt/python/ondeck/app/core/migrations/0003_auto_20160804_1427.pyc  \n    inflating: /opt/python/ondeck/app/core/migrations/0003_remove_device_location.pyc  \n    inflating: /opt/python/ondeck/app/core/migrations/0008_auto_20160805_1231.pyc  \n    inflating: /opt/python/ondeck/app/core/migrations/__init__.py  \n    inflating: /opt/python/ondeck/app/core/migrations/0004_zone.pyc  \n    inflating: /opt/python/ondeck/app/core/migrations/__init__.pyc  \n    inflating: /opt/python/ondeck/app/core/migrations/0002_device_location.pyc  \n    inflating: /opt/python/ondeck/app/core/migrations/0001_initial.pyc  \n    inflating: /opt/python/ondeck/app/core/migrations/0006_delete_zone.pyc  \n     creating: /opt/python/ondeck/app/core/sql/\n    inflating: /opt/python/ondeck/app/core/sql/dump_sql_2016-08-18.sql  \n     creating: /opt/python/ondeck/app/core/locale/es/LC_MESSAGES/\n    inflating: /opt/python/ondeck/app/core/locale/es/LC_MESSAGES/django.mo  \n    inflating: /opt/python/ondeck/app/core/locale/es/LC_MESSAGES/django.po  \n     creating: /opt/python/ondeck/app/core/locale/en/LC_MESSAGES/\n    inflating: /opt/python/ondeck/app/core/locale/en/LC_MESSAGES/django.mo  \n    inflating: /opt/python/ondeck/app/core/locale/en/LC_MESSAGES/django.po  \n     creating: /opt/python/ondeck/app/butanoServer/\n    inflating: /opt/python/ondeck/app/butanoServer/wsgi.py  \n    inflating: /opt/python/ondeck/app/butanoServer/settings.py  \n    inflating: /opt/python/ondeck/app/butanoServer/urls.pyc  \n    inflating: /opt/python/ondeck/app/butanoServer/urls.py  \n    inflating: /opt/python/ondeck/app/butanoServer/settings.pyc  \n    inflating: /opt/python/ondeck/app/butanoServer/__init__.py  \n    inflating: /opt/python/ondeck/app/butanoServer/wsgi.pyc  \n    inflating: /opt/python/ondeck/app/butanoServer/__init__.pyc  \n     creating: /opt/python/ondeck/app/.vscode/\n    inflating: /opt/python/ondeck/app/.vscode/settings.json  \n     creating: /opt/python/ondeck/app/.ebextensions/\n    inflating: /opt/python/ondeck/app/.ebextensions/django.config  \n    inflating: /opt/python/ondeck/app/.ebextensions/01_packages.config  \n     creating: /opt/python/ondeck/app/api/\n    inflating: /opt/python/ondeck/app/api/models.pyc  \n    inflating: /opt/python/ondeck/app/api/permissions.pyc  \n    inflating: /opt/python/ondeck/app/api/tests.py  \n    inflating: /opt/python/ondeck/app/api/urls.pyc  \n    inflating: /opt/python/ondeck/app/api/admin.pyc  \n    inflating: /opt/python/ondeck/app/api/permissions.py  \n    inflating: /opt/python/ondeck/app/api/urls.py  \n    inflating: /opt/python/ondeck/app/api/__init__.py  \n    inflating: /opt/python/ondeck/app/api/apps.py  \n    inflating: /opt/python/ondeck/app/api/views.py  \n    inflating: /opt/python/ondeck/app/api/views.pyc  \n    inflating: /opt/python/ondeck/app/api/__init__.pyc  \n    inflating: /opt/python/ondeck/app/api/serializers.py  \n    inflating: /opt/python/ondeck/app/api/serializers.pyc  \n     creating: /opt/python/ondeck/app/api/migrations/\n    inflating: /opt/python/ondeck/app/api/migrations/__init__.py  \n    inflating: /opt/python/ondeck/app/api/migrations/__init__.pyc  \n[2017-01-17T18:05:04.270Z] INFO  [2962]  - [Application deployment app-170117_190150@1/StartupStage0/AppDeployPreHook/03deploy.py] : Starting activity...\n[2017-01-17T18:12:51.040Z] INFO  [2962]  - [Application deployment app-170117_190150@1/StartupStage0/AppDeployPreHook/03deploy.py] : Activity execution failed, because: Collecting Django==1.9.8 (from -r /opt/python/ondeck/app/requirements.txt (line 1))\n    Downloading Django-1.9.8-py2.py3-none-any.whl (6.6MB)\n  Collecting django-autocomplete-light==3.2.1 (from -r /opt/python/ondeck/app/requirements.txt (line 2))\n    Downloading django-autocomplete-light-3.2.1.tar.gz (400kB)\n  Collecting django-cities==0.4.2 (from -r /opt/python/ondeck/app/requirements.txt (line 3))\n    Downloading django-cities-0.4.2.tar.gz\n  Collecting django-cors-headers==1.1.0 (from -r /opt/python/ondeck/app/requirements.txt (line 4))\n    Downloading django-cors-headers-1.1.0.tar.gz\n  Collecting django-extensions==1.6.7 (from -r /opt/python/ondeck/app/requirements.txt (line 5))\n    Downloading django_extensions-1.6.7-py2.py3-none-any.whl (206kB)\n  Collecting django-geoposition==0.2.3 (from -r /opt/python/ondeck/app/requirements.txt (line 6))\n    Downloading django-geoposition-0.2.3.tar.gz\n  Collecting django-rosetta==0.7.12 (from -r /opt/python/ondeck/app/requirements.txt (line 7))\n    Downloading django-rosetta-0.7.12.tar.gz (1.6MB)\n  Collecting djangorestframework==3.4.1 (from -r /opt/python/ondeck/app/requirements.txt (line 8))\n    Downloading djangorestframework-3.4.1-py2.py3-none-any.whl (705kB)\n  Collecting geopy==1.11.0 (from -r /opt/python/ondeck/app/requirements.txt (line 9))\n    Downloading geopy-1.11.0-py2.py3-none-any.whl (66kB)\n  Collecting microsofttranslator==0.8 (from -r /opt/python/ondeck/app/requirements.txt (line 10))\n    Downloading microsofttranslator-0.8.tar.gz\n  Collecting mysqlclient==1.3.7 (from -r /opt/python/ondeck/app/requirements.txt (line 11))\n    Downloading mysqlclient-1.3.7.tar.gz (79kB)\n  Collecting numpy==1.11.1 (from -r /opt/python/ondeck/app/requirements.txt (line 12))\n    Downloading numpy-1.11.1.zip (4.7MB)\n  Collecting pandas==0.18.1 (from -r /opt/python/ondeck/app/requirements.txt (line 13))\n    Downloading pandas-0.18.1.tar.gz (7.3MB)\n  Collecting polib==1.0.7 (from -r /opt/python/ondeck/app/requirements.txt (line 14))\n    Downloading polib-1.0.7-py2.py3-none-any.whl\n  Collecting psycopg2==2.6.2 (from -r /opt/python/ondeck/app/requirements.txt (line 15))\n    Downloading psycopg2-2.6.2.tar.gz (376kB)\n  Collecting python-dateutil==2.5.3 (from -r /opt/python/ondeck/app/requirements.txt (line 16))\n    Downloading python_dateutil-2.5.3-py2.py3-none-any.whl (201kB)\n  Collecting pytz==2016.6.1 (from -r /opt/python/ondeck/app/requirements.txt (line 17))\n    Downloading pytz-2016.6.1-py2.py3-none-any.whl (481kB)\n  Collecting requests==2.10.0 (from -r /opt/python/ondeck/app/requirements.txt (line 18))\n    Downloading requests-2.10.0-py2.py3-none-any.whl (506kB)\n  Collecting rest-condition==1.0.2 (from -r /opt/python/ondeck/app/requirements.txt (line 19))\n    Downloading rest_condition-1.0.2.tar.gz\n  Collecting rest-pandas==0.4.0 (from -r /opt/python/ondeck/app/requirements.txt (line 20))\n    Downloading rest-pandas-0.4.0.tar.gz\n  Collecting six==1.10.0 (from -r /opt/python/ondeck/app/requirements.txt (line 21))\n    Downloading six-1.10.0-py2.py3-none-any.whl\n  Collecting Werkzeug==0.11.10 (from -r /opt/python/ondeck/app/requirements.txt (line 22))\n    Downloading Werkzeug-0.11.10-py2.py3-none-any.whl (306kB)\n  Installing collected packages: Django, django-autocomplete-light, django-cities, django-cors-headers, six, django-extensions, django-geoposition, requests, polib, microsofttranslator, django-rosetta, djangorestframework, geopy, mysqlclient, numpy, python-dateutil, pytz, pandas, psycopg2, rest-condition, rest-pandas, Werkzeug\n    Running setup.py install for django-autocomplete-light\n    Running setup.py install for django-cities\n    Running setup.py install for django-cors-headers\n    Running setup.py install for django-geoposition\n    Running setup.py install for microsofttranslator\n    Running setup.py install for django-rosetta\n    Running setup.py install for mysqlclient\n    Running setup.py install for numpy\n    Running setup.py install for pandas\n      Complete output from command /opt/python/run/venv/bin/python2.7 -c \"import setuptools, tokenize;__file__='/tmp/pip-build-SkQ7Dl/pandas/setup.py';exec(compile(getattr(tokenize, 'open', open)(__file__).read().replace('\\r\\n', '\\n'), __file__, 'exec'))\" install --record /tmp/pip-FemoqA-record/install-record.txt --single-version-externally-managed --compile --install-headers /opt/python/run/venv/include/site/python2.7/pandas:\n      running install\n      running build\n      running build_py\n      creating build\n      creating build/lib.linux-x86_64-2.7\n      creating build/lib.linux-x86_64-2.7/pandas\n      copying pandas/info.py -> build/lib.linux-x86_64-2.7/pandas\n      copying pandas/__init__.py -> build/lib.linux-x86_64-2.7/pandas\n      copying pandas/_version.py -> build/lib.linux-x86_64-2.7/pandas\n      creating build/lib.linux-x86_64-2.7/pandas/compat\n      copying pandas/compat/__init__.py -> build/lib.linux-x86_64-2.7/pandas/compat\n      copying pandas/compat/openpyxl_compat.py -> build/lib.linux-x86_64-2.7/pandas/compat\n      copying pandas/compat/pickle_compat.py -> build/lib.linux-x86_64-2.7/pandas/compat\n      copying pandas/compat/chainmap.py -> build/lib.linux-x86_64-2.7/pandas/compat\n      copying pandas/compat/chainmap_impl.py -> build/lib.linux-x86_64-2.7/pandas/compat\n      creating build/lib.linux-x86_64-2.7/pandas/compat/numpy\n      copying pandas/compat/numpy/function.py -> build/lib.linux-x86_64-2.7/pandas/compat/numpy\n      copying pandas/compat/numpy/__init__.py -> build/lib.linux-x86_64-2.7/pandas/compat/numpy\n      creating build/lib.linux-x86_64-2.7/pandas/computation\n      copying pandas/computation/eval.py -> build/lib.linux-x86_64-2.7/pandas/computation\n      copying pandas/computation/__init__.py -> build/lib.linux-x86_64-2.7/pandas/computation\n      copying pandas/computation/pytables.py -> build/lib.linux-x86_64-2.7/pandas/computation\n      copying pandas/computation/engines.py -> build/lib.linux-x86_64-2.7/pandas/computation\n      copying pandas/computation/expr.py -> build/lib.linux-x86_64-2.7/pandas/computation\n      copying pandas/computation/api.py -> build/lib.linux-x86_64-2.7/pandas/computation\n      copying pandas/computation/ops.py -> build/lib.linux-x86_64-2.7/pandas/computation\n      copying pandas/computation/align.py -> build/lib.linux-x86_64-2.7/pandas/computation\n      copying pandas/computation/scope.py -> build/lib.linux-x86_64-2.7/pandas/computation\n      copying pandas/computation/expressions.py -> build/lib.linux-x86_64-2.7/pandas/computation\n      copying pandas/computation/common.py -> build/lib.linux-x86_64-2.7/pandas/computation\n      creating build/lib.linux-x86_64-2.7/pandas/computation/tests\n      copying pandas/computation/tests/test_compat.py -> build/lib.linux-x86_64-2.7/pandas/computation/tests\n      copying pandas/computation/tests/__init__.py -> build/lib.linux-x86_64-2.7/pandas/computation/tests\n      copying pandas/computation/tests/test_eval.py -> build/lib.linux-x86_64-2.7/pandas/computation/tests\n      creating build/lib.linux-x86_64-2.7/pandas/core\n      copying pandas/core/base.py -> build/lib.linux-x86_64-2.7/pandas/core\n      copying pandas/core/algorithms.py -> build/lib.linux-x86_64-2.7/pandas/core\n      copying pandas/core/series.py -> build/lib.linux-x86_64-2.7/pandas/core\n      copying pandas/core/__init__.py -> build/lib.linux-x86_64-2.7/pandas/core\n      copying pandas/core/reshape.py -> build/lib.linux-x86_64-2.7/pandas/core\n      copying pandas/core/strings.py -> build/lib.linux-x86_64-2.7/pandas/core\n      copying pandas/core/panel4d.py -> build/lib.linux-x86_64-2.7/pandas/core\n      copying pandas/core/frame.py -> build/lib.linux-x86_64-2.7/pandas/core\n      copying pandas/core/api.py -> build/lib.linux-x86_64-2.7/pandas/core\n      copying pandas/core/convert.py -> build/lib.linux-x86_64-2.7/pandas/core\n      copying pandas/core/missing.py -> build/lib.linux-x86_64-2.7/pandas/core\n      copying pandas/core/categorical.py -> build/lib.linux-x86_64-2.7/pandas/core\n      copying pandas/core/internals.py -> build/lib.linux-x86_64-2.7/pandas/core\n      copying pandas/core/ops.py -> build/lib.linux-x86_64-2.7/pandas/core\n      copying pandas/core/datetools.py -> build/lib.linux-x86_64-2.7/pandas/core\n      copying pandas/core/generic.py -> build/lib.linux-x86_64-2.7/pandas/core\n      copying pandas/core/nanops.py -> build/lib.linux-x86_64-2.7/pandas/core\n      copying pandas/core/groupby.py -> build/lib.linux-x86_64-2.7/pandas/core\n      copying pandas/core/common.py -> build/lib.linux-x86_64-2.7/pandas/core\n      copying pandas/core/config_init.py -> build/lib.linux-x86_64-2.7/pandas/core\n      copying pandas/core/panelnd.py -> build/lib.linux-x86_64-2.7/pandas/core\n      copying pandas/core/panel.py -> build/lib.linux-x86_64-2.7/pandas/core\n      copying pandas/core/index.py -> build/lib.linux-x86_64-2.7/pandas/core\n      copying pandas/core/window.py -> build/lib.linux-x86_64-2.7/pandas/core\n      copying pandas/core/indexing.py -> build/lib.linux-x86_64-2.7/pandas/core\n      copying pandas/core/config.py -> build/lib.linux-x86_64-2.7/pandas/core\n      copying pandas/core/sparse.py -> build/lib.linux-x86_64-2.7/pandas/core\n      creating build/lib.linux-x86_64-2.7/pandas/indexes\n      copying pandas/indexes/base.py -> build/lib.linux-x86_64-2.7/pandas/indexes\n      copying pandas/indexes/__init__.py -> build/lib.linux-x86_64-2.7/pandas/indexes\n      copying pandas/indexes/range.py -> build/lib.linux-x86_64-2.7/pandas/indexes\n      copying pandas/indexes/api.py -> build/lib.linux-x86_64-2.7/pandas/indexes\n      copying pandas/indexes/category.py -> build/lib.linux-x86_64-2.7/pandas/indexes\n      copying pandas/indexes/numeric.py -> build/lib.linux-x86_64-2.7/pandas/indexes\n      copying pandas/indexes/multi.py -> build/lib.linux-x86_64-2.7/pandas/indexes\n      creating build/lib.linux-x86_64-2.7/pandas/io\n      copying pandas/io/date_converters.py -> build/lib.linux-x86_64-2.7/pandas/io\n      copying pandas/io/gbq.py -> build/lib.linux-x86_64-2.7/pandas/io\n      copying pandas/io/ga.py -> build/lib.linux-x86_64-2.7/pandas/io\n      copying pandas/io/clipboard.py -> build/lib.linux-x86_64-2.7/pandas/io\n      copying pandas/io/__init__.py -> build/lib.linux-x86_64-2.7/pandas/io\n      copying pandas/io/pytables.py -> build/lib.linux-x86_64-2.7/pandas/io\n      copying pandas/io/packers.py -> build/lib.linux-x86_64-2.7/pandas/io\n      copying pandas/io/api.py -> build/lib.linux-x86_64-2.7/pandas/io\n      copying pandas/io/wb.py -> build/lib.linux-x86_64-2.7/pandas/io\n      copying pandas/io/json.py -> build/lib.linux-x86_64-2.7/pandas/io\n      copying pandas/io/pickle.py -> build/lib.linux-x86_64-2.7/pandas/io\n      copying pandas/io/html.py -> build/lib.linux-x86_64-2.7/pandas/io\n      copying pandas/io/auth.py -> build/lib.linux-x86_64-2.7/pandas/io\n      copying pandas/io/common.py -> build/lib.linux-x86_64-2.7/pandas/io\n      copying pandas/io/data.py -> build/lib.linux-x86_64-2.7/pandas/io\n      copying pandas/io/sql.py -> build/lib.linux-x86_64-2.7/pandas/io\n      copying pandas/io/stata.py -> build/lib.linux-x86_64-2.7/pandas/io\n      copying pandas/io/parsers.py -> build/lib.linux-x86_64-2.7/pandas/io\n      copying pandas/io/excel.py -> build/lib.linux-x86_64-2.7/pandas/io\n      creating build/lib.linux-x86_64-2.7/pandas/io/sas\n      copying pandas/io/sas/sas7bdat.py -> build/lib.linux-x86_64-2.7/pandas/io/sas\n      copying pandas/io/sas/__init__.py -> build/lib.linux-x86_64-2.7/pandas/io/sas\n      copying pandas/io/sas/sas_xport.py -> build/lib.linux-x86_64-2.7/pandas/io/sas\n      copying pandas/io/sas/sas_constants.py -> build/lib.linux-x86_64-2.7/pandas/io/sas\n      copying pandas/io/sas/sasreader.py -> build/lib.linux-x86_64-2.7/pandas/io/sas\n      creating build/lib.linux-x86_64-2.7/pandas/formats\n      copying pandas/formats/style.py -> build/lib.linux-x86_64-2.7/pandas/formats\n      copying pandas/formats/format.py -> build/lib.linux-x86_64-2.7/pandas/formats\n      copying pandas/formats/__init__.py -> build/lib.linux-x86_64-2.7/pandas/formats\n      copying pandas/formats/printing.py -> build/lib.linux-x86_64-2.7/pandas/formats\n      creating build/lib.linux-x86_64-2.7/pandas/rpy\n      copying pandas/rpy/base.py -> build/lib.linux-x86_64-2.7/pandas/rpy\n      copying pandas/rpy/mass.py -> build/lib.linux-x86_64-2.7/pandas/rpy\n      copying pandas/rpy/__init__.py -> build/lib.linux-x86_64-2.7/pandas/rpy\n      copying pandas/rpy/vars.py -> build/lib.linux-x86_64-2.7/pandas/rpy\n      copying pandas/rpy/common.py -> build/lib.linux-x86_64-2.7/pandas/rpy\n      creating build/lib.linux-x86_64-2.7/pandas/sandbox\n      copying pandas/sandbox/__init__.py -> build/lib.linux-x86_64-2.7/pandas/sandbox\n      copying pandas/sandbox/qtpandas.py -> build/lib.linux-x86_64-2.7/pandas/sandbox\n      creating build/lib.linux-x86_64-2.7/pandas/sparse\n      copying pandas/sparse/array.py -> build/lib.linux-x86_64-2.7/pandas/sparse\n      copying pandas/sparse/series.py -> build/lib.linux-x86_64-2.7/pandas/sparse\n      copying pandas/sparse/__init__.py -> build/lib.linux-x86_64-2.7/pandas/sparse\n      copying pandas/sparse/scipy_sparse.py -> build/lib.linux-x86_64-2.7/pandas/sparse\n      copying pandas/sparse/frame.py -> build/lib.linux-x86_64-2.7/pandas/sparse\n      copying pandas/sparse/list.py -> build/lib.linux-x86_64-2.7/pandas/sparse\n      copying pandas/sparse/api.py -> build/lib.linux-x86_64-2.7/pandas/sparse\n      copying pandas/sparse/panel.py -> build/lib.linux-x86_64-2.7/pandas/sparse\n      creating build/lib.linux-x86_64-2.7/pandas/sparse/tests\n      copying pandas/sparse/tests/test_combine_concat.py -> build/lib.linux-x86_64-2.7/pandas/sparse/tests\n      copying pandas/sparse/tests/test_libsparse.py -> build/lib.linux-x86_64-2.7/pandas/sparse/tests\n      copying pandas/sparse/tests/test_series.py -> build/lib.linux-x86_64-2.7/pandas/sparse/tests\n      copying pandas/sparse/tests/__init__.py -> build/lib.linux-x86_64-2.7/pandas/sparse/tests\n      copying pandas/sparse/tests/test_array.py -> build/lib.linux-x86_64-2.7/pandas/sparse/tests\n      copying pandas/sparse/tests/test_panel.py -> build/lib.linux-x86_64-2.7/pandas/sparse/tests\n      copying pandas/sparse/tests/test_list.py -> build/lib.linux-x86_64-2.7/pandas/sparse/tests\n      copying pandas/sparse/tests/test_indexing.py -> build/lib.linux-x86_64-2.7/pandas/sparse/tests\n      copying pandas/sparse/tests/test_frame.py -> build/lib.linux-x86_64-2.7/pandas/sparse/tests\n      creating build/lib.linux-x86_64-2.7/pandas/stats\n      copying pandas/stats/var.py -> build/lib.linux-x86_64-2.7/pandas/stats\n      copying pandas/stats/__init__.py -> build/lib.linux-x86_64-2.7/pandas/stats\n      copying pandas/stats/ols.py -> build/lib.linux-x86_64-2.7/pandas/stats\n      copying pandas/stats/misc.py -> build/lib.linux-x86_64-2.7/pandas/stats\n      copying pandas/stats/api.py -> build/lib.linux-x86_64-2.7/pandas/stats\n      copying pandas/stats/fama_macbeth.py -> build/lib.linux-x86_64-2.7/pandas/stats\n      copying pandas/stats/moments.py -> build/lib.linux-x86_64-2.7/pandas/stats\n      copying pandas/stats/plm.py -> build/lib.linux-x86_64-2.7/pandas/stats\n      copying pandas/stats/common.py -> build/lib.linux-x86_64-2.7/pandas/stats\n      copying pandas/stats/math.py -> build/lib.linux-x86_64-2.7/pandas/stats\n      copying pandas/stats/interface.py -> build/lib.linux-x86_64-2.7/pandas/stats\n      creating build/lib.linux-x86_64-2.7/pandas/util\n      copying pandas/util/testing.py -> build/lib.linux-x86_64-2.7/pandas/util\n      copying pandas/util/terminal.py -> build/lib.linux-x86_64-2.7/pandas/util\n      copying pandas/util/decorators.py -> build/lib.linux-x86_64-2.7/pandas/util\n      copying pandas/util/print_versions.py -> build/lib.linux-x86_64-2.7/pandas/util\n      copying pandas/util/clipboard.py -> build/lib.linux-x86_64-2.7/pandas/util\n      copying pandas/util/__init__.py -> build/lib.linux-x86_64-2.7/pandas/util\n      copying pandas/util/doctools.py -> build/lib.linux-x86_64-2.7/pandas/util\n      copying pandas/util/nosetester.py -> build/lib.linux-x86_64-2.7/pandas/util\n      copying pandas/util/validators.py -> build/lib.linux-x86_64-2.7/pandas/util\n      creating build/lib.linux-x86_64-2.7/pandas/tests\n      copying pandas/tests/test_generic.py -> build/lib.linux-x86_64-2.7/pandas/tests\n      copying pandas/tests/test_panel4d.py -> build/lib.linux-x86_64-2.7/pandas/tests\n      copying pandas/tests/test_compat.py -> build/lib.linux-x86_64-2.7/pandas/tests\n      copying pandas/tests/test_common.py -> build/lib.linux-x86_64-2.7/pandas/tests\n      copying pandas/tests/test_util.py -> build/lib.linux-x86_64-2.7/pandas/tests\n      copying pandas/tests/__init__.py -> build/lib.linux-x86_64-2.7/pandas/tests\n      copying pandas/tests/test_internals.py -> build/lib.linux-x86_64-2.7/pandas/tests\n      copying pandas/tests/test_panelnd.py -> build/lib.linux-x86_64-2.7/pandas/tests\n      copying pandas/tests/test_multilevel.py -> build/lib.linux-x86_64-2.7/pandas/tests\n      copying pandas/tests/test_lib.py -> build/lib.linux-x86_64-2.7/pandas/tests\n      copying pandas/tests/test_panel.py -> build/lib.linux-x86_64-2.7/pandas/tests\n      copying pandas/tests/test_categorical.py -> build/lib.linux-x86_64-2.7/pandas/tests\n      copying pandas/tests/test_nanops.py -> build/lib.linux-x86_64-2.7/pandas/tests\n      copying pandas/tests/test_stats.py -> build/lib.linux-x86_64-2.7/pandas/tests\n      copying pandas/tests/test_base.py -> build/lib.linux-x86_64-2.7/pandas/tests\n      copying pandas/tests/test_config.py -> build/lib.linux-x86_64-2.7/pandas/tests\n      copying pandas/tests/test_rplot.py -> build/lib.linux-x86_64-2.7/pandas/tests\n      copying pandas/tests/test_expressions.py -> build/lib.linux-x86_64-2.7/pandas/tests\n      copying pandas/tests/test_algos.py -> build/lib.linux-x86_64-2.7/pandas/tests\n      copying pandas/tests/test_tseries.py -> build/lib.linux-x86_64-2.7/pandas/tests\n      copying pandas/tests/test_take.py -> build/lib.linux-x86_64-2.7/pandas/tests\n      copying pandas/tests/test_graphics_others.py -> build/lib.linux-x86_64-2.7/pandas/tests\n      copying pandas/tests/test_reshape.py -> build/lib.linux-x86_64-2.7/pandas/tests\n      copying pandas/tests/test_strings.py -> build/lib.linux-x86_64-2.7/pandas/tests\n      copying pandas/tests/test_graphics.py -> build/lib.linux-x86_64-2.7/pandas/tests\n      copying pandas/tests/test_window.py -> build/lib.linux-x86_64-2.7/pandas/tests\n      copying pandas/tests/test_groupby.py -> build/lib.linux-x86_64-2.7/pandas/tests\n      copying pandas/tests/test_testing.py -> build/lib.linux-x86_64-2.7/pandas/tests\n      creating build/lib.linux-x86_64-2.7/pandas/tests/frame\n      copying pandas/tests/frame/test_query_eval.py -> build/lib.linux-x86_64-2.7/pandas/tests/frame\n      copying pandas/tests/frame/test_combine_concat.py -> build/lib.linux-x86_64-2.7/pandas/tests/frame\n      copying pandas/tests/frame/test_analytics.py -> build/lib.linux-x86_64-2.7/pandas/tests/frame\n      copying pandas/tests/frame/test_misc_api.py -> build/lib.linux-x86_64-2.7/pandas/tests/frame\n      copying pandas/tests/frame/test_operators.py -> build/lib.linux-x86_64-2.7/pandas/tests/frame\n      copying pandas/tests/frame/test_sorting.py -> build/lib.linux-x86_64-2.7/pandas/tests/frame\n      copying pandas/tests/frame/__init__.py -> build/lib.linux-x86_64-2.7/pandas/tests/frame\n      copying pandas/tests/frame/test_apply.py -> build/lib.linux-x86_64-2.7/pandas/tests/frame\n      copying pandas/tests/frame/test_block_internals.py -> build/lib.linux-x86_64-2.7/pandas/tests/frame\n      copying pandas/tests/frame/test_constructors.py -> build/lib.linux-x86_64-2.7/pandas/tests/frame\n      copying pandas/tests/frame/test_quantile.py -> build/lib.linux-x86_64-2.7/pandas/tests/frame\n      copying pandas/tests/frame/test_timeseries.py -> build/lib.linux-x86_64-2.7/pandas/tests/frame\n      copying pandas/tests/frame/test_convert_to.py -> build/lib.linux-x86_64-2.7/pandas/tests/frame\n      copying pandas/tests/frame/test_subclass.py -> build/lib.linux-x86_64-2.7/pandas/tests/frame\n      copying pandas/tests/frame/test_mutate_columns.py -> build/lib.linux-x86_64-2.7/pandas/tests/frame\n      copying pandas/tests/frame/test_replace.py -> build/lib.linux-x86_64-2.7/pandas/tests/frame\n      copying pandas/tests/frame/test_alter_axes.py -> build/lib.linux-x86_64-2.7/pandas/tests/frame\n      copying pandas/tests/frame/test_dtypes.py -> build/lib.linux-x86_64-2.7/pandas/tests/frame\n      copying pandas/tests/frame/test_repr_info.py -> build/lib.linux-x86_64-2.7/pandas/tests/frame\n      copying pandas/tests/frame/test_indexing.py -> build/lib.linux-x86_64-2.7/pandas/tests/frame\n      copying pandas/tests/frame/common.py -> build/lib.linux-x86_64-2.7/pandas/tests/frame\n      copying pandas/tests/frame/test_axis_select_reindex.py -> build/lib.linux-x86_64-2.7/pandas/tests/frame\n      copying pandas/tests/frame/test_reshape.py -> build/lib.linux-x86_64-2.7/pandas/tests/frame\n      copying pandas/tests/frame/test_to_csv.py -> build/lib.linux-x86_64-2.7/pandas/tests/frame\n      copying pandas/tests/frame/test_nonunique_indexes.py -> build/lib.linux-x86_64-2.7/pandas/tests/frame\n      copying pandas/tests/frame/test_missing.py -> build/lib.linux-x86_64-2.7/pandas/tests/frame\n      creating build/lib.linux-x86_64-2.7/pandas/tests/indexes\n      copying pandas/tests/indexes/__init__.py -> build/lib.linux-x86_64-2.7/pandas/tests/indexes\n      copying pandas/tests/indexes/test_range.py -> build/lib.linux-x86_64-2.7/pandas/tests/indexes\n      copying pandas/tests/indexes/test_base.py -> build/lib.linux-x86_64-2.7/pandas/tests/indexes\n      copying pandas/tests/indexes/test_multi.py -> build/lib.linux-x86_64-2.7/pandas/tests/indexes\n      copying pandas/tests/indexes/test_category.py -> build/lib.linux-x86_64-2.7/pandas/tests/indexes\n      copying pandas/tests/indexes/test_datetimelike.py -> build/lib.linux-x86_64-2.7/pandas/tests/indexes\n      copying pandas/tests/indexes/common.py -> build/lib.linux-x86_64-2.7/pandas/tests/indexes\n      copying pandas/tests/indexes/test_numeric.py -> build/lib.linux-x86_64-2.7/pandas/tests/indexes\n      creating build/lib.linux-x86_64-2.7/pandas/tests/series\n      copying pandas/tests/series/test_combine_concat.py -> build/lib.linux-x86_64-2.7/pandas/tests/series\n      copying pandas/tests/series/test_analytics.py -> build/lib.linux-x86_64-2.7/pandas/tests/series\n      copying pandas/tests/series/test_repr.py -> build/lib.linux-x86_64-2.7/pandas/tests/series\n      copying pandas/tests/series/test_misc_api.py -> build/lib.linux-x86_64-2.7/pandas/tests/series\n      copying pandas/tests/series/test_operators.py -> build/lib.linux-x86_64-2.7/pandas/tests/series\n      copying pandas/tests/series/__init__.py -> build/lib.linux-x86_64-2.7/pandas/tests/series\n      copying pandas/tests/series/test_internals.py -> build/lib.linux-x86_64-2.7/pandas/tests/series\n      copying pandas/tests/series/test_apply.py -> build/lib.linux-x86_64-2.7/pandas/tests/series\n      copying pandas/tests/series/test_datetime_values.py -> build/lib.linux-x86_64-2.7/pandas/tests/series\n      copying pandas/tests/series/test_constructors.py -> build/lib.linux-x86_64-2.7/pandas/tests/series\n      copying pandas/tests/series/test_quantile.py -> build/lib.linux-x86_64-2.7/pandas/tests/series\n      copying pandas/tests/series/test_timeseries.py -> build/lib.linux-x86_64-2.7/pandas/tests/series\n      copying pandas/tests/series/test_subclass.py -> build/lib.linux-x86_64-2.7/pandas/tests/series\n      copying pandas/tests/series/test_io.py -> build/lib.linux-x86_64-2.7/pandas/tests/series\n      copying pandas/tests/series/test_replace.py -> build/lib.linux-x86_64-2.7/pandas/tests/series\n      copying pandas/tests/series/test_alter_axes.py -> build/lib.linux-x86_64-2.7/pandas/tests/series\n      copying pandas/tests/series/test_dtypes.py -> build/lib.linux-x86_64-2.7/pandas/tests/series\n      copying pandas/tests/series/test_indexing.py -> build/lib.linux-x86_64-2.7/pandas/tests/series\n      copying pandas/tests/series/common.py -> build/lib.linux-x86_64-2.7/pandas/tests/series\n      copying pandas/tests/series/test_missing.py -> build/lib.linux-x86_64-2.7/pandas/tests/series\n      creating build/lib.linux-x86_64-2.7/pandas/tests/formats\n      copying pandas/tests/formats/__init__.py -> build/lib.linux-x86_64-2.7/pandas/tests/formats\n      copying pandas/tests/formats/test_printing.py -> build/lib.linux-x86_64-2.7/pandas/tests/formats\n      copying pandas/tests/formats/test_style.py -> build/lib.linux-x86_64-2.7/pandas/tests/formats\n      copying pandas/tests/formats/test_format.py -> build/lib.linux-x86_64-2.7/pandas/tests/formats\n      creating build/lib.linux-x86_64-2.7/pandas/tests/types\n      copying pandas/tests/types/test_generic.py -> build/lib.linux-x86_64-2.7/pandas/tests/types\n      copying pandas/tests/types/__init__.py -> build/lib.linux-x86_64-2.7/pandas/tests/types\n      copying pandas/tests/types/test_dtypes.py -> build/lib.linux-x86_64-2.7/pandas/tests/types\n      creating build/lib.linux-x86_64-2.7/pandas/tests/test_msgpack\n      copying pandas/tests/test_msgpack/test_unpack.py -> build/lib.linux-x86_64-2.7/pandas/tests/test_msgpack\n      copying pandas/tests/test_msgpack/test_seq.py -> build/lib.linux-x86_64-2.7/pandas/tests/test_msgpack\n      copying pandas/tests/test_msgpack/__init__.py -> build/lib.linux-x86_64-2.7/pandas/tests/test_msgpack\n      copying pandas/tests/test_msgpack/test_buffer.py -> build/lib.linux-x86_64-2.7/pandas/tests/test_msgpack\n      copying pandas/tests/test_msgpack/test_extension.py -> build/lib.linux-x86_64-2.7/pandas/tests/test_msgpack\n      copying pandas/tests/test_msgpack/test_except.py -> build/lib.linux-x86_64-2.7/pandas/tests/test_msgpack\n      copying pandas/tests/test_msgpack/test_read_size.py -> build/lib.linux-x86_64-2.7/pandas/tests/test_msgpack\n      copying pandas/tests/test_msgpack/test_unpack_raw.py -> build/lib.linux-x86_64-2.7/pandas/tests/test_msgpack\n      copying pandas/tests/test_msgpack/test_pack.py -> build/lib.linux-x86_64-2.7/pandas/tests/test_msgpack\n      copying pandas/tests/test_msgpack/test_limits.py -> build/lib.linux-x86_64-2.7/pandas/tests/test_msgpack\n      copying pandas/tests/test_msgpack/test_sequnpack.py -> build/lib.linux-x86_64-2.7/pandas/tests/test_msgpack\n      copying pandas/tests/test_msgpack/test_newspec.py -> build/lib.linux-x86_64-2.7/pandas/tests/test_msgpack\n      copying pandas/tests/test_msgpack/test_case.py -> build/lib.linux-x86_64-2.7/pandas/tests/test_msgpack\n      copying pandas/tests/test_msgpack/test_format.py -> build/lib.linux-x86_64-2.7/pandas/tests/test_msgpack\n      copying pandas/tests/test_msgpack/test_subtype.py -> build/lib.linux-x86_64-2.7/pandas/tests/test_msgpack\n      copying pandas/tests/test_msgpack/test_obj.py -> build/lib.linux-x86_64-2.7/pandas/tests/test_msgpack\n      creating build/lib.linux-x86_64-2.7/pandas/tools\n      copying pandas/tools/util.py -> build/lib.linux-x86_64-2.7/pandas/tools\n      copying pandas/tools/__init__.py -> build/lib.linux-x86_64-2.7/pandas/tools\n      copying pandas/tools/tile.py -> build/lib.linux-x86_64-2.7/pandas/tools\n      copying pandas/tools/rplot.py -> build/lib.linux-x86_64-2.7/pandas/tools\n      copying pandas/tools/pivot.py -> build/lib.linux-x86_64-2.7/pandas/tools\n      copying pandas/tools/plotting.py -> build/lib.linux-x86_64-2.7/pandas/tools\n      copying pandas/tools/merge.py -> build/lib.linux-x86_64-2.7/pandas/tools\n      creating build/lib.linux-x86_64-2.7/pandas/tools/tests\n      copying pandas/tools/tests/test_util.py -> build/lib.linux-x86_64-2.7/pandas/tools/tests\n      copying pandas/tools/tests/__init__.py -> build/lib.linux-x86_64-2.7/pandas/tools/tests\n      copying pandas/tools/tests/test_pivot.py -> build/lib.linux-x86_64-2.7/pandas/tools/tests\n      copying pandas/tools/tests/test_tile.py -> build/lib.linux-x86_64-2.7/pandas/tools/tests\n      copying pandas/tools/tests/test_merge.py -> build/lib.linux-x86_64-2.7/pandas/tools/tests\n      creating build/lib.linux-x86_64-2.7/pandas/tseries\n      copying pandas/tseries/base.py -> build/lib.linux-x86_64-2.7/pandas/tseries\n      copying pandas/tseries/util.py -> build/lib.linux-x86_64-2.7/pandas/tseries\n      copying pandas/tseries/resample.py -> build/lib.linux-x86_64-2.7/pandas/tseries\n      copying pandas/tseries/period.py -> build/lib.linux-x86_64-2.7/pandas/tseries\n      copying pandas/tseries/converter.py -> build/lib.linux-x86_64-2.7/pandas/tseries\n      copying pandas/tseries/__init__.py -> build/lib.linux-x86_64-2.7/pandas/tseries\n      copying pandas/tseries/frequencies.py -> build/lib.linux-x86_64-2.7/pandas/tseries\n      copying pandas/tseries/offsets.py -> build/lib.linux-x86_64-2.7/pandas/tseries\n      copying pandas/tseries/api.py -> build/lib.linux-x86_64-2.7/pandas/tseries\n      copying pandas/tseries/holiday.py -> build/lib.linux-x86_64-2.7/pandas/tseries\n      copying pandas/tseries/common.py -> build/lib.linux-x86_64-2.7/pandas/tseries\n      copying pandas/tseries/timedeltas.py -> build/lib.linux-x86_64-2.7/pandas/tseries\n      copying pandas/tseries/plotting.py -> build/lib.linux-x86_64-2.7/pandas/tseries\n      copying pandas/tseries/index.py -> build/lib.linux-x86_64-2.7/pandas/tseries\n      copying pandas/tseries/tools.py -> build/lib.linux-x86_64-2.7/pandas/tseries\n      copying pandas/tseries/interval.py -> build/lib.linux-x86_64-2.7/pandas/tseries\n      copying pandas/tseries/tdi.py -> build/lib.linux-x86_64-2.7/pandas/tseries\n      creating build/lib.linux-x86_64-2.7/pandas/tseries/tests\n      copying pandas/tseries/tests/test_daterange.py -> build/lib.linux-x86_64-2.7/pandas/tseries/tests\n      copying pandas/tseries/tests/test_offsets.py -> build/lib.linux-x86_64-2.7/pandas/tseries/tests\n      copying pandas/tseries/tests/test_util.py -> build/lib.linux-x86_64-2.7/pandas/tseries/tests\n      copying pandas/tseries/tests/test_plotting.py -> build/lib.linux-x86_64-2.7/pandas/tseries/tests\n      copying pandas/tseries/tests/test_timezones.py -> build/lib.linux-x86_64-2.7/pandas/tseries/tests\n      copying pandas/tseries/tests/__init__.py -> build/lib.linux-x86_64-2.7/pandas/tseries/tests\n      copying pandas/tseries/tests/test_converter.py -> build/lib.linux-x86_64-2.7/pandas/tseries/tests\n      copying pandas/tseries/tests/test_period.py -> build/lib.linux-x86_64-2.7/pandas/tseries/tests\n      copying pandas/tseries/tests/test_timeseries.py -> build/lib.linux-x86_64-2.7/pandas/tseries/tests\n      copying pandas/tseries/tests/test_resample.py -> build/lib.linux-x86_64-2.7/pandas/tseries/tests\n      copying pandas/tseries/tests/test_base.py -> build/lib.linux-x86_64-2.7/pandas/tseries/tests\n      copying pandas/tseries/tests/test_timedeltas.py -> build/lib.linux-x86_64-2.7/pandas/tseries/tests\n      copying pandas/tseries/tests/test_holiday.py -> build/lib.linux-x86_64-2.7/pandas/tseries/tests\n      copying pandas/tseries/tests/test_frequencies.py -> build/lib.linux-x86_64-2.7/pandas/tseries/tests\n      copying pandas/tseries/tests/test_timeseries_legacy.py -> build/lib.linux-x86_64-2.7/pandas/tseries/tests\n      copying pandas/tseries/tests/test_tslib.py -> build/lib.linux-x86_64-2.7/pandas/tseries/tests\n      creating build/lib.linux-x86_64-2.7/pandas/types\n      copying pandas/types/__init__.py -> build/lib.linux-x86_64-2.7/pandas/types\n      copying pandas/types/api.py -> build/lib.linux-x86_64-2.7/pandas/types\n      copying pandas/types/concat.py -> build/lib.linux-x86_64-2.7/pandas/types\n      copying pandas/types/generic.py -> build/lib.linux-x86_64-2.7/pandas/types\n      copying pandas/types/dtypes.py -> build/lib.linux-x86_64-2.7/pandas/types\n      creating build/lib.linux-x86_64-2.7/pandas/io/tests\n      copying pandas/io/tests/test_common.py -> build/lib.linux-x86_64-2.7/pandas/io/tests\n      copying pandas/io/tests/test_wb.py -> build/lib.linux-x86_64-2.7/pandas/io/tests\n      copying pandas/io/tests/__init__.py -> build/lib.linux-x86_64-2.7/pandas/io/tests\n      copying pandas/io/tests/test_clipboard.py -> build/lib.linux-x86_64-2.7/pandas/io/tests\n      copying pandas/io/tests/test_packers.py -> build/lib.linux-x86_64-2.7/pandas/io/tests\n      copying pandas/io/tests/test_ga.py -> build/lib.linux-x86_64-2.7/pandas/io/tests\n      copying pandas/io/tests/test_sql.py -> build/lib.linux-x86_64-2.7/pandas/io/tests\n      copying pandas/io/tests/test_data.py -> build/lib.linux-x86_64-2.7/pandas/io/tests\n      copying pandas/io/tests/test_html.py -> build/lib.linux-x86_64-2.7/pandas/io/tests\n      copying pandas/io/tests/test_pickle.py -> build/lib.linux-x86_64-2.7/pandas/io/tests\n      copying pandas/io/tests/test_gbq.py -> build/lib.linux-x86_64-2.7/pandas/io/tests\n      copying pandas/io/tests/test_stata.py -> build/lib.linux-x86_64-2.7/pandas/io/tests\n      copying pandas/io/tests/test_excel.py -> build/lib.linux-x86_64-2.7/pandas/io/tests\n      copying pandas/io/tests/test_date_converters.py -> build/lib.linux-x86_64-2.7/pandas/io/tests\n      copying pandas/io/tests/generate_legacy_storage_files.py -> build/lib.linux-x86_64-2.7/pandas/io/tests\n      copying pandas/io/tests/test_pytables.py -> build/lib.linux-x86_64-2.7/pandas/io/tests\n      creating build/lib.linux-x86_64-2.7/pandas/io/tests/json\n      copying pandas/io/tests/json/test_json_norm.py -> build/lib.linux-x86_64-2.7/pandas/io/tests/json\n      copying pandas/io/tests/json/test_ujson.py -> build/lib.linux-x86_64-2.7/pandas/io/tests/json\n      copying pandas/io/tests/json/__init__.py -> build/lib.linux-x86_64-2.7/pandas/io/tests/json\n      copying pandas/io/tests/json/test_pandas.py -> build/lib.linux-x86_64-2.7/pandas/io/tests/json\n      creating build/lib.linux-x86_64-2.7/pandas/io/tests/parser\n      copying pandas/io/tests/parser/usecols.py -> build/lib.linux-x86_64-2.7/pandas/io/tests/parser\n      copying pandas/io/tests/parser/multithread.py -> build/lib.linux-x86_64-2.7/pandas/io/tests/parser\n      copying pandas/io/tests/parser/comment.py -> build/lib.linux-x86_64-2.7/pandas/io/tests/parser\n      copying pandas/io/tests/parser/__init__.py -> build/lib.linux-x86_64-2.7/pandas/io/tests/parser\n      copying pandas/io/tests/parser/c_parser_only.py -> build/lib.linux-x86_64-2.7/pandas/io/tests/parser\n      copying pandas/io/tests/parser/test_read_fwf.py -> build/lib.linux-x86_64-2.7/pandas/io/tests/parser\n      copying pandas/io/tests/parser/parse_dates.py -> build/lib.linux-x86_64-2.7/pandas/io/tests/parser\n      copying pandas/io/tests/parser/test_parsers.py -> build/lib.linux-x86_64-2.7/pandas/io/tests/parser\n      copying pandas/io/tests/parser/compression.py -> build/lib.linux-x86_64-2.7/pandas/io/tests/parser\n      copying pandas/io/tests/parser/converters.py -> build/lib.linux-x86_64-2.7/pandas/io/tests/parser\n      copying pandas/io/tests/parser/test_unsupported.py -> build/lib.linux-x86_64-2.7/pandas/io/tests/parser\n      copying pandas/io/tests/parser/na_values.py -> build/lib.linux-x86_64-2.7/pandas/io/tests/parser\n      copying pandas/io/tests/parser/common.py -> build/lib.linux-x86_64-2.7/pandas/io/tests/parser\n      copying pandas/io/tests/parser/python_parser_only.py -> build/lib.linux-x86_64-2.7/pandas/io/tests/parser\n      copying pandas/io/tests/parser/test_textreader.py -> build/lib.linux-x86_64-2.7/pandas/io/tests/parser\n      copying pandas/io/tests/parser/test_network.py -> build/lib.linux-x86_64-2.7/pandas/io/tests/parser\n      copying pandas/io/tests/parser/header.py -> build/lib.linux-x86_64-2.7/pandas/io/tests/parser\n      copying pandas/io/tests/parser/skiprows.py -> build/lib.linux-x86_64-2.7/pandas/io/tests/parser\n      copying pandas/io/tests/parser/index_col.py -> build/lib.linux-x86_64-2.7/pandas/io/tests/parser\n      package init file 'pandas/io/tests/sas/__init__.py' not found (or not a regular file)\n      creating build/lib.linux-x86_64-2.7/pandas/io/tests/sas\n      copying pandas/io/tests/sas/test_xport.py -> build/lib.linux-x86_64-2.7/pandas/io/tests/sas\n      copying pandas/io/tests/sas/test_sas7bdat.py -> build/lib.linux-x86_64-2.7/pandas/io/tests/sas\n      creating build/lib.linux-x86_64-2.7/pandas/stats/tests\n      copying pandas/stats/tests/__init__.py -> build/lib.linux-x86_64-2.7/pandas/stats/tests\n      copying pandas/stats/tests/test_fama_macbeth.py -> build/lib.linux-x86_64-2.7/pandas/stats/tests\n      copying pandas/stats/tests/test_math.py -> build/lib.linux-x86_64-2.7/pandas/stats/tests\n      copying pandas/stats/tests/test_var.py -> build/lib.linux-x86_64-2.7/pandas/stats/tests\n      copying pandas/stats/tests/test_ols.py -> build/lib.linux-x86_64-2.7/pandas/stats/tests\n      copying pandas/stats/tests/common.py -> build/lib.linux-x86_64-2.7/pandas/stats/tests\n      creating build/lib.linux-x86_64-2.7/pandas/msgpack\n      copying pandas/msgpack/__init__.py -> build/lib.linux-x86_64-2.7/pandas/msgpack\n      copying pandas/msgpack/exceptions.py -> build/lib.linux-x86_64-2.7/pandas/msgpack\n      copying pandas/msgpack/_version.py -> build/lib.linux-x86_64-2.7/pandas/msgpack\n      creating build/lib.linux-x86_64-2.7/pandas/io/tests/data\n      creating build/lib.linux-x86_64-2.7/pandas/io/tests/data/legacy_hdf\n      copying pandas/io/tests/data/legacy_hdf/datetimetz_object.h5 -> build/lib.linux-x86_64-2.7/pandas/io/tests/data/legacy_hdf\n      copying pandas/io/tests/data/legacy_hdf/legacy.h5 -> build/lib.linux-x86_64-2.7/pandas/io/tests/data/legacy_hdf\n      copying pandas/io/tests/data/legacy_hdf/legacy_0.10.h5 -> build/lib.linux-x86_64-2.7/pandas/io/tests/data/legacy_hdf\n      copying pandas/io/tests/data/legacy_hdf/pytables_native2.h5 -> build/lib.linux-x86_64-2.7/pandas/io/tests/data/legacy_hdf\n      copying pandas/io/tests/data/legacy_hdf/pytables_native.h5 -> build/lib.linux-x86_64-2.7/pandas/io/tests/data/legacy_hdf\n      copying pandas/io/tests/data/legacy_hdf/legacy_table_0.11.h5 -> build/lib.linux-x86_64-2.7/pandas/io/tests/data/legacy_hdf\n      copying pandas/io/tests/data/legacy_hdf/legacy_table.h5 -> build/lib.linux-x86_64-2.7/pandas/io/tests/data/legacy_hdf\n      creating build/lib.linux-x86_64-2.7/pandas/io/tests/data/legacy_pickle\n      creating build/lib.linux-x86_64-2.7/pandas/io/tests/data/legacy_pickle/0.16.2\n      copying pandas/io/tests/data/legacy_pickle/0.16.2/0.16.2_x86_64_darwin_2.7.10.pickle -> build/lib.linux-x86_64-2.7/pandas/io/tests/data/legacy_pickle/0.16.2\n      copying pandas/io/tests/data/legacy_pickle/0.16.2/0.16.2_x86_64_linux_3.4.3.pickle -> build/lib.linux-x86_64-2.7/pandas/io/tests/data/legacy_pickle/0.16.2\n      copying pandas/io/tests/data/legacy_pickle/0.16.2/0.16.2_x86_64_darwin_3.4.3.pickle -> build/lib.linux-x86_64-2.7/pandas/io/tests/data/legacy_pickle/0.16.2\n      copying pandas/io/tests/data/legacy_pickle/0.16.2/0.16.2_x86_64_linux_2.7.10.pickle -> build/lib.linux-x86_64-2.7/pandas/io/tests/data/legacy_pickle/0.16.2\n      copying pandas/io/tests/data/legacy_pickle/0.16.2/0.16.2_AMD64_windows_3.4.3.pickle -> build/lib.linux-x86_64-2.7/pandas/io/tests/data/legacy_pickle/0.16.2\n      copying pandas/io/tests/data/legacy_pickle/0.16.2/0.16.2_x86_64_darwin_2.7.9.pickle -> build/lib.linux-x86_64-2.7/pandas/io/tests/data/legacy_pickle/0.16.2\n      copying pandas/io/tests/data/legacy_pickle/0.16.2/0.16.2_AMD64_windows_2.7.10.pickle -> build/lib.linux-x86_64-2.7/pandas/io/tests/data/legacy_pickle/0.16.2\n      creating build/lib.linux-x86_64-2.7/pandas/io/tests/data/legacy_pickle/0.10.1\n      copying pandas/io/tests/data/legacy_pickle/0.10.1/x86_64_linux_2.7.3.pickle -> build/lib.linux-x86_64-2.7/pandas/io/tests/data/legacy_pickle/0.10.1\n      copying pandas/io/tests/data/legacy_pickle/0.10.1/AMD64_windows_2.7.3.pickle -> build/lib.linux-x86_64-2.7/pandas/io/tests/data/legacy_pickle/0.10.1\n      creating build/lib.linux-x86_64-2.7/pandas/io/tests/data/legacy_pickle/0.13.0\n      copying pandas/io/tests/data/legacy_pickle/0.13.0/0.13.0_i686_linux_2.6.5.pickle -> build/lib.linux-x86_64-2.7/pandas/io/tests/data/legacy_pickle/0.13.0\n      copying pandas/io/tests/data/legacy_pickle/0.13.0/0.13.0_x86_64_linux_3.3.0.pickle -> build/lib.linux-x86_64-2.7/pandas/io/tests/data/legacy_pickle/0.13.0\n      copying pandas/io/tests/data/legacy_pickle/0.13.0/0.13.0_x86_64_linux_2.7.8.pickle -> build/lib.linux-x86_64-2.7/pandas/io/tests/data/legacy_pickle/0.13.0\n      copying pandas/io/tests/data/legacy_pickle/0.13.0/0.13.0_i686_linux_3.2.3.pickle -> build/lib.linux-x86_64-2.7/pandas/io/tests/data/legacy_pickle/0.13.0\n      copying pandas/io/tests/data/legacy_pickle/0.13.0/0.13.0_x86_64_darwin_2.7.5.pickle -> build/lib.linux-x86_64-2.7/pandas/io/tests/data/legacy_pickle/0.13.0\n      copying pandas/io/tests/data/legacy_pickle/0.13.0/0.13.0_AMD64_windows_2.7.3.pickle -> build/lib.linux-x86_64-2.7/pandas/io/tests/data/legacy_pickle/0.13.0\n      copying pandas/io/tests/data/legacy_pickle/0.13.0/0.13.0_x86_64_linux_2.7.3.pickle -> build/lib.linux-x86_64-2.7/pandas/io/tests/data/legacy_pickle/0.13.0\n      copying pandas/io/tests/data/legacy_pickle/0.13.0/0.13.0_x86_64_darwin_2.7.6.pickle -> build/lib.linux-x86_64-2.7/pandas/io/tests/data/legacy_pickle/0.13.0\n      copying pandas/io/tests/data/legacy_pickle/0.13.0/0.13.0_i686_linux_2.7.3.pickle -> build/lib.linux-x86_64-2.7/pandas/io/tests/data/legacy_pickle/0.13.0\n      creating build/lib.linux-x86_64-2.7/pandas/io/tests/data/legacy_pickle/0.16.0\n      copying pandas/io/tests/data/legacy_pickle/0.16.0/0.16.0_x86_64_darwin_2.7.9.pickle -> build/lib.linux-x86_64-2.7/pandas/io/tests/data/legacy_pickle/0.16.0\n      creating build/lib.linux-x86_64-2.7/pandas/io/tests/data/legacy_pickle/0.15.0\n      copying pandas/io/tests/data/legacy_pickle/0.15.0/0.15.0_x86_64_linux_2.7.8.pickle -> build/lib.linux-x86_64-2.7/pandas/io/tests/data/legacy_pickle/0.15.0\n      creating build/lib.linux-x86_64-2.7/pandas/io/tests/data/legacy_pickle/0.17.1\n      copying pandas/io/tests/data/legacy_pickle/0.17.1/0.17.1_AMD64_windows_2.7.11.pickle -> build/lib.linux-x86_64-2.7/pandas/io/tests/data/legacy_pickle/0.17.1\n      copying pandas/io/tests/data/legacy_pickle/0.17.1/0.17.1_x86_64_darwin_2.7.11.pickle -> build/lib.linux-x86_64-2.7/pandas/io/tests/data/legacy_pickle/0.17.1\n      creating build/lib.linux-x86_64-2.7/pandas/io/tests/data/legacy_pickle/0.15.2\n      copying pandas/io/tests/data/legacy_pickle/0.15.2/0.15.2_x86_64_darwin_2.7.9.pickle -> build/lib.linux-x86_64-2.7/pandas/io/tests/data/legacy_pickle/0.15.2\n      creating build/lib.linux-x86_64-2.7/pandas/io/tests/data/legacy_pickle/0.12.0\n      copying pandas/io/tests/data/legacy_pickle/0.12.0/0.12.0_x86_64_linux_2.7.3.pickle -> build/lib.linux-x86_64-2.7/pandas/io/tests/data/legacy_pickle/0.12.0\n      copying pandas/io/tests/data/legacy_pickle/0.12.0/0.12.0_AMD64_windows_2.7.3.pickle -> build/lib.linux-x86_64-2.7/pandas/io/tests/data/legacy_pickle/0.12.0\n      creating build/lib.linux-x86_64-2.7/pandas/io/tests/data/legacy_pickle/0.14.0\n      copying pandas/io/tests/data/legacy_pickle/0.14.0/0.14.0_x86_64_linux_2.7.8.pickle -> build/lib.linux-x86_64-2.7/pandas/io/tests/data/legacy_pickle/0.14.0\n      copying pandas/io/tests/data/legacy_pickle/0.14.0/0.14.0_x86_64_darwin_2.7.6.pickle -> build/lib.linux-x86_64-2.7/pandas/io/tests/data/legacy_pickle/0.14.0\n      creating build/lib.linux-x86_64-2.7/pandas/io/tests/data/legacy_pickle/0.18.0\n      copying pandas/io/tests/data/legacy_pickle/0.18.0/0.18.0_x86_64_darwin_3.5.1.pickle -> build/lib.linux-x86_64-2.7/pandas/io/tests/data/legacy_pickle/0.18.0\n      copying pandas/io/tests/data/legacy_pickle/0.18.0/0.18.0_x86_64_darwin_2.7.11.pickle -> build/lib.linux-x86_64-2.7/pandas/io/tests/data/legacy_pickle/0.18.0\n      copying pandas/io/tests/data/legacy_pickle/0.18.0/0.18.0_AMD64_windows_3.5.1.pickle -> build/lib.linux-x86_64-2.7/pandas/io/tests/data/legacy_pickle/0.18.0\n      copying pandas/io/tests/data/legacy_pickle/0.18.0/0.18.0_AMD64_windows_2.7.11.pickle -> build/lib.linux-x86_64-2.7/pandas/io/tests/data/legacy_pickle/0.18.0\n      creating build/lib.linux-x86_64-2.7/pandas/io/tests/data/legacy_pickle/0.14.1\n      copying pandas/io/tests/data/legacy_pickle/0.14.1/0.14.1_x86_64_linux_2.7.8.pickle -> build/lib.linux-x86_64-2.7/pandas/io/tests/data/legacy_pickle/0.14.1\n      creating build/lib.linux-x86_64-2.7/pandas/io/tests/data/legacy_pickle/0.11.0\n      copying pandas/io/tests/data/legacy_pickle/0.11.0/x86_64_linux_2.7.3.pickle -> build/lib.linux-x86_64-2.7/pandas/io/tests/data/legacy_pickle/0.11.0\n      copying pandas/io/tests/data/legacy_pickle/0.11.0/0.11.0_x86_64_linux_3.3.0.pickle -> build/lib.linux-x86_64-2.7/pandas/io/tests/data/legacy_pickle/0.11.0\n      copying pandas/io/tests/data/legacy_pickle/0.11.0/x86_64_linux_3.3.0.pickle -> build/lib.linux-x86_64-2.7/pandas/io/tests/data/legacy_pickle/0.11.0\n      creating build/lib.linux-x86_64-2.7/pandas/io/tests/data/legacy_msgpack\n      creating build/lib.linux-x86_64-2.7/pandas/io/tests/data/legacy_msgpack/0.16.2\n      copying pandas/io/tests/data/legacy_msgpack/0.16.2/0.16.2_x86_64_darwin_2.7.10.msgpack -> build/lib.linux-x86_64-2.7/pandas/io/tests/data/legacy_msgpack/0.16.2\n      copying pandas/io/tests/data/legacy_msgpack/0.16.2/0.16.2_x86_64_linux_2.7.10.msgpack -> build/lib.linux-x86_64-2.7/pandas/io/tests/data/legacy_msgpack/0.16.2\n      copying pandas/io/tests/data/legacy_msgpack/0.16.2/0.16.2_x86_64_linux_3.4.3.msgpack -> build/lib.linux-x86_64-2.7/pandas/io/tests/data/legacy_msgpack/0.16.2\n      copying pandas/io/tests/data/legacy_msgpack/0.16.2/0.16.2_AMD64_windows_2.7.10.msgpack -> build/lib.linux-x86_64-2.7/pandas/io/tests/data/legacy_msgpack/0.16.2\n      copying pandas/io/tests/data/legacy_msgpack/0.16.2/0.16.2_AMD64_windows_3.4.3.msgpack -> build/lib.linux-x86_64-2.7/pandas/io/tests/data/legacy_msgpack/0.16.2\n      copying pandas/io/tests/data/legacy_msgpack/0.16.2/0.16.2_x86_64_darwin_3.4.3.msgpack -> build/lib.linux-x86_64-2.7/pandas/io/tests/data/legacy_msgpack/0.16.2\n      copying pandas/io/tests/data/legacy_msgpack/0.16.2/0.16.2_x86_64_darwin_2.7.9.msgpack -> build/lib.linux-x86_64-2.7/pandas/io/tests/data/legacy_msgpack/0.16.2\n      creating build/lib.linux-x86_64-2.7/pandas/io/tests/data/legacy_msgpack/0.16.0\n      copying pandas/io/tests/data/legacy_msgpack/0.16.0/0.16.0_x86_64_darwin_2.7.9.msgpack -> build/lib.linux-x86_64-2.7/pandas/io/tests/data/legacy_msgpack/0.16.0\n      creating build/lib.linux-x86_64-2.7/pandas/io/tests/data/legacy_msgpack/0.17.1\n      copying pandas/io/tests/data/legacy_msgpack/0.17.1/0.17.1_AMD64_windows_2.7.11.msgpack -> build/lib.linux-x86_64-2.7/pandas/io/tests/data/legacy_msgpack/0.17.1\n      copying pandas/io/tests/data/legacy_msgpack/0.17.1/0.17.1_x86_64_linux_2.7.11.msgpack -> build/lib.linux-x86_64-2.7/pandas/io/tests/data/legacy_msgpack/0.17.1\n      copying pandas/io/tests/data/legacy_msgpack/0.17.1/0.17.1_x86_64_linux_3.4.4.msgpack -> build/lib.linux-x86_64-2.7/pandas/io/tests/data/legacy_msgpack/0.17.1\n      copying pandas/io/tests/data/legacy_msgpack/0.17.1/0.17.1_AMD64_windows_3.5.1.msgpack -> build/lib.linux-x86_64-2.7/pandas/io/tests/data/legacy_msgpack/0.17.1\n      copying pandas/io/tests/data/legacy_msgpack/0.17.1/0.17.1_x86_64_darwin_3.5.1.msgpack -> build/lib.linux-x86_64-2.7/pandas/io/tests/data/legacy_msgpack/0.17.1\n      copying pandas/io/tests/data/legacy_msgpack/0.17.1/0.17.1_x86_64_darwin_2.7.11.msgpack -> build/lib.linux-x86_64-2.7/pandas/io/tests/data/legacy_msgpack/0.17.1\n      creating build/lib.linux-x86_64-2.7/pandas/io/tests/data/legacy_msgpack/0.18.0\n      copying pandas/io/tests/data/legacy_msgpack/0.18.0/0.18.0_AMD64_windows_2.7.11.msgpack -> build/lib.linux-x86_64-2.7/pandas/io/tests/data/legacy_msgpack/0.18.0\n      copying pandas/io/tests/data/legacy_msgpack/0.18.0/0.18.0_x86_64_darwin_2.7.11.msgpack -> build/lib.linux-x86_64-2.7/pandas/io/tests/data/legacy_msgpack/0.18.0\n      copying pandas/io/tests/data/legacy_msgpack/0.18.0/0.18.0_AMD64_windows_3.5.1.msgpack -> build/lib.linux-x86_64-2.7/pandas/io/tests/data/legacy_msgpack/0.18.0\n      copying pandas/io/tests/data/legacy_msgpack/0.18.0/0.18.0_x86_64_darwin_3.5.1.msgpack -> build/lib.linux-x86_64-2.7/pandas/io/tests/data/legacy_msgpack/0.18.0\n      copying pandas/io/tests/data/stata3.csv -> build/lib.linux-x86_64-2.7/pandas/io/tests/data\n      copying pandas/io/tests/data/stata5.csv -> build/lib.linux-x86_64-2.7/pandas/io/tests/data\n      copying pandas/io/tests/data/iris.csv -> build/lib.linux-x86_64-2.7/pandas/io/tests/data\n      copying pandas/io/tests/data/tips.csv -> build/lib.linux-x86_64-2.7/pandas/io/tests/data\n      copying pandas/io/tests/data/banklist.csv -> build/lib.linux-x86_64-2.7/pandas/io/tests/data\n      copying pandas/io/tests/data/test1.csv -> build/lib.linux-x86_64-2.7/pandas/io/tests/data\n      copying pandas/io/tests/data/stata6.csv -> build/lib.linux-x86_64-2.7/pandas/io/tests/data\n      copying pandas/io/tests/data/stata7_115.dta -> build/lib.linux-x86_64-2.7/pandas/io/tests/data\n      copying pandas/io/tests/data/stata2_117.dta -> build/lib.linux-x86_64-2.7/pandas/io/tests/data\n      copying pandas/io/tests/data/stata8_117.dta -> build/lib.linux-x86_64-2.7/pandas/io/tests/data\n      copying pandas/io/tests/data/stata12_117.dta -> build/lib.linux-x86_64-2.7/pandas/io/tests/data\n      copying pandas/io/tests/data/stata11_115.dta -> build/lib.linux-x86_64-2.7/pandas/io/tests/data\n      copying pandas/io/tests/data/stata2_113.dta -> build/lib.linux-x86_64-2.7/pandas/io/tests/data\n      copying pandas/io/tests/data/stata10_117.dta -> build/lib.linux-x86_64-2.7/pandas/io/tests/data\n      copying pandas/io/tests/data/stata6_115.dta -> build/lib.linux-x86_64-2.7/pandas/io/tests/data\n      copying pandas/io/tests/data/stata4_114.dta -> build/lib.linux-x86_64-2.7/pandas/io/tests/data\n      copying pandas/io/tests/data/stata5_113.dta -> build/lib.linux-x86_64-2.7/pandas/io/tests/data\n      copying pandas/io/tests/data/stata5_115.dta -> build/lib.linux-x86_64-2.7/pandas/io/tests/data\n      copying pandas/io/tests/data/stata5_117.dta -> build/lib.linux-x86_64-2.7/pandas/io/tests/data\n      copying pandas/io/tests/data/stata10_115.dta -> build/lib.linux-x86_64-2.7/pandas/io/tests/data\n      copying pandas/io/tests/data/stata1_117.dta -> build/lib.linux-x86_64-2.7/pandas/io/tests/data\n      copying pandas/io/tests/data/stata3_115.dta -> build/lib.linux-x86_64-2.7/pandas/io/tests/data\n      copying pandas/io/tests/data/stata4_117.dta -> build/lib.linux-x86_64-2.7/pandas/io/tests/data\n      copying pandas/io/tests/data/stata8_115.dta -> build/lib.linux-x86_64-2.7/pandas/io/tests/data\n      copying pandas/io/tests/data/stata3_117.dta -> build/lib.linux-x86_64-2.7/pandas/io/tests/data\n      copying pandas/io/tests/data/stata9_117.dta -> build/lib.linux-x86_64-2.7/pandas/io/tests/data\n      copying pandas/io/tests/data/stata2_115.dta -> build/lib.linux-x86_64-2.7/pandas/io/tests/data\n      copying pandas/io/tests/data/stata11_117.dta -> build/lib.linux-x86_64-2.7/pandas/io/tests/data\n      copying pandas/io/tests/data/stata4_113.dta -> build/lib.linux-x86_64-2.7/pandas/io/tests/data\n      copying pandas/io/tests/data/stata9_115.dta -> build/lib.linux-x86_64-2.7/pandas/io/tests/data\n      copying pandas/io/tests/data/stata3_114.dta -> build/lib.linux-x86_64-2.7/pandas/io/tests/data\n      copying pandas/io/tests/data/stata8_113.dta -> build/lib.linux-x86_64-2.7/pandas/io/tests/data\n      copying pandas/io/tests/data/stata7_117.dta -> build/lib.linux-x86_64-2.7/pandas/io/tests/data\n      copying pandas/io/tests/data/stata5_114.dta -> build/lib.linux-x86_64-2.7/pandas/io/tests/data\n      copying pandas/io/tests/data/stata4_115.dta -> build/lib.linux-x86_64-2.7/pandas/io/tests/data\n      copying pandas/io/tests/data/stata6_117.dta -> build/lib.linux-x86_64-2.7/pandas/io/tests/data\n      copying pandas/io/tests/data/stata6_113.dta -> build/lib.linux-x86_64-2.7/pandas/io/tests/data\n      copying pandas/io/tests/data/stata1_114.dta -> build/lib.linux-x86_64-2.7/pandas/io/tests/data\n      copying pandas/io/tests/data/stata14_118.dta -> build/lib.linux-x86_64-2.7/pandas/io/tests/data\n      copying pandas/io/tests/data/stata1_encoding.dta -> build/lib.linux-x86_64-2.7/pandas/io/tests/data\n      copying pandas/io/tests/data/stata6_114.dta -> build/lib.linux-x86_64-2.7/pandas/io/tests/data\n      copying pandas/io/tests/data/S4_EDUC1.dta -> build/lib.linux-x86_64-2.7/pandas/io/tests/data\n      copying pandas/io/tests/data/stata2_114.dta -> build/lib.linux-x86_64-2.7/pandas/io/tests/data\n      copying pandas/io/tests/data/stata3_113.dta -> build/lib.linux-x86_64-2.7/pandas/io/tests/data\n      copying pandas/io/tests/data/gbq_fake_job.txt -> build/lib.linux-x86_64-2.7/pandas/io/tests/data\n      copying pandas/io/tests/data/test_converters.xls -> build/lib.linux-x86_64-2.7/pandas/io/tests/data\n      copying pandas/io/tests/data/times_1900.xls -> build/lib.linux-x86_64-2.7/pandas/io/tests/data\n      copying pandas/io/tests/data/times_1904.xls -> build/lib.linux-x86_64-2.7/pandas/io/tests/data\n      copying pandas/io/tests/data/test2.xls -> build/lib.linux-x86_64-2.7/pandas/io/tests/data\n      copying pandas/io/tests/data/blank_with_header.xls -> build/lib.linux-x86_64-2.7/pandas/io/tests/data\n      copying pandas/io/tests/data/testmultiindex.xls -> build/lib.linux-x86_64-2.7/pandas/io/tests/data\n      copying pandas/io/tests/data/testskiprows.xls -> build/lib.linux-x86_64-2.7/pandas/io/tests/data\n      copying pandas/io/tests/data/test_types.xls -> build/lib.linux-x86_64-2.7/pandas/io/tests/data\n      copying pandas/io/tests/data/test_squeeze.xls -> build/lib.linux-x86_64-2.7/pandas/io/tests/data\n      copying pandas/io/tests/data/test4.xls -> build/lib.linux-x86_64-2.7/pandas/io/tests/data\n      copying pandas/io/tests/data/test1.xls -> build/lib.linux-x86_64-2.7/pandas/io/tests/data\n      copying pandas/io/tests/data/test_index_name_pre17.xls -> build/lib.linux-x86_64-2.7/pandas/io/tests/data\n      copying pandas/io/tests/data/test3.xls -> build/lib.linux-x86_64-2.7/pandas/io/tests/data\n      copying pandas/io/tests/data/test_multisheet.xls -> build/lib.linux-x86_64-2.7/pandas/io/tests/data\n      copying pandas/io/tests/data/blank.xls -> build/lib.linux-x86_64-2.7/pandas/io/tests/data\n      copying pandas/io/tests/data/test_index_name_pre17.xlsx -> build/lib.linux-x86_64-2.7/pandas/io/tests/data\n      copying pandas/io/tests/data/blank.xlsx -> build/lib.linux-x86_64-2.7/pandas/io/tests/data\n      copying pandas/io/tests/data/test_multisheet.xlsx -> build/lib.linux-x86_64-2.7/pandas/io/tests/data\n      copying pandas/io/tests/data/test2.xlsx -> build/lib.linux-x86_64-2.7/pandas/io/tests/data\n      copying pandas/io/tests/data/test_converters.xlsx -> build/lib.linux-x86_64-2.7/pandas/io/tests/data\n      copying pandas/io/tests/data/test_squeeze.xlsx -> build/lib.linux-x86_64-2.7/pandas/io/tests/data\n      copying pandas/io/tests/data/test4.xlsx -> build/lib.linux-x86_64-2.7/pandas/io/tests/data\n      copying pandas/io/tests/data/testmultiindex.xlsx -> build/lib.linux-x86_64-2.7/pandas/io/tests/data\n      copying pandas/io/tests/data/times_1904.xlsx -> build/lib.linux-x86_64-2.7/pandas/io/tests/data\n      copying pandas/io/tests/data/testskiprows.xlsx -> build/lib.linux-x86_64-2.7/pandas/io/tests/data\n      copying pandas/io/tests/data/times_1900.xlsx -> build/lib.linux-x86_64-2.7/pandas/io/tests/data\n      copying pandas/io/tests/data/test_types.xlsx -> build/lib.linux-x86_64-2.7/pandas/io/tests/data\n      copying pandas/io/tests/data/test3.xlsx -> build/lib.linux-x86_64-2.7/pandas/io/tests/data\n      copying pandas/io/tests/data/test1.xlsx -> build/lib.linux-x86_64-2.7/pandas/io/tests/data\n      copying pandas/io/tests/data/blank_with_header.xlsx -> build/lib.linux-x86_64-2.7/pandas/io/tests/data\n      copying pandas/io/tests/data/test_index_name_pre17.xlsm -> build/lib.linux-x86_64-2.7/pandas/io/tests/data\n      copying pandas/io/tests/data/blank.xlsm -> build/lib.linux-x86_64-2.7/pandas/io/tests/data\n      copying pandas/io/tests/data/times_1904.xlsm -> build/lib.linux-x86_64-2.7/pandas/io/tests/data\n      copying pandas/io/tests/data/test3.xlsm -> build/lib.linux-x86_64-2.7/pandas/io/tests/data\n      copying pandas/io/tests/data/test_types.xlsm -> build/lib.linux-x86_64-2.7/pandas/io/tests/data\n      copying pandas/io/tests/data/test1.xlsm -> build/lib.linux-x86_64-2.7/pandas/io/tests/data\n      copying pandas/io/tests/data/test4.xlsm -> build/lib.linux-x86_64-2.7/pandas/io/tests/data\n      copying pandas/io/tests/data/test_multisheet.xlsm -> build/lib.linux-x86_64-2.7/pandas/io/tests/data\n      copying pandas/io/tests/data/blank_with_header.xlsm -> build/lib.linux-x86_64-2.7/pandas/io/tests/data\n      copying pandas/io/tests/data/test_converters.xlsm -> build/lib.linux-x86_64-2.7/pandas/io/tests/data\n      copying pandas/io/tests/data/test2.xlsm -> build/lib.linux-x86_64-2.7/pandas/io/tests/data\n      copying pandas/io/tests/data/times_1900.xlsm -> build/lib.linux-x86_64-2.7/pandas/io/tests/data\n      copying pandas/io/tests/data/testskiprows.xlsm -> build/lib.linux-x86_64-2.7/pandas/io/tests/data\n      copying pandas/io/tests/data/testmultiindex.xlsm -> build/lib.linux-x86_64-2.7/pandas/io/tests/data\n      copying pandas/io/tests/data/test_squeeze.xlsm -> build/lib.linux-x86_64-2.7/pandas/io/tests/data\n      creating build/lib.linux-x86_64-2.7/pandas/io/tests/parser/data\n      copying pandas/io/tests/parser/data/salary.table.csv -> build/lib.linux-x86_64-2.7/pandas/io/tests/parser/data\n      copying pandas/io/tests/parser/data/iris.csv -> build/lib.linux-x86_64-2.7/pandas/io/tests/parser/data\n      copying pandas/io/tests/parser/data/unicode_series.csv -> build/lib.linux-x86_64-2.7/pandas/io/tests/parser/data\n      copying pandas/io/tests/parser/data/tips.csv -> build/lib.linux-x86_64-2.7/pandas/io/tests/parser/data\n      copying pandas/io/tests/parser/data/test1.csv -> build/lib.linux-x86_64-2.7/pandas/io/tests/parser/data\n      copying pandas/io/tests/parser/data/test2.csv -> build/lib.linux-x86_64-2.7/pandas/io/tests/parser/data\n      copying pandas/io/tests/parser/data/salary.table.gz -> build/lib.linux-x86_64-2.7/pandas/io/tests/parser/data\n      copying pandas/io/tests/parser/data/test1.csv.gz -> build/lib.linux-x86_64-2.7/pandas/io/tests/parser/data\n      copying pandas/io/tests/parser/data/test1.csv.bz2 -> build/lib.linux-x86_64-2.7/pandas/io/tests/parser/data\n      copying pandas/io/tests/parser/data/utf16_ex.txt -> build/lib.linux-x86_64-2.7/pandas/io/tests/parser/data\n      creating build/lib.linux-x86_64-2.7/pandas/io/tests/sas/data\n      copying pandas/io/tests/sas/data/productsales.csv -> build/lib.linux-x86_64-2.7/pandas/io/tests/sas/data\n      copying pandas/io/tests/sas/data/test_12659.csv -> build/lib.linux-x86_64-2.7/pandas/io/tests/sas/data\n      copying pandas/io/tests/sas/data/SSHSV1_A.csv -> build/lib.linux-x86_64-2.7/pandas/io/tests/sas/data\n      copying pandas/io/tests/sas/data/DEMO_G.csv -> build/lib.linux-x86_64-2.7/pandas/io/tests/sas/data\n      copying pandas/io/tests/sas/data/airline.csv -> build/lib.linux-x86_64-2.7/pandas/io/tests/sas/data\n      copying pandas/io/tests/sas/data/test_sas7bdat_1.csv -> build/lib.linux-x86_64-2.7/pandas/io/tests/sas/data\n      copying pandas/io/tests/sas/data/DRXFCD_G.csv -> build/lib.linux-x86_64-2.7/pandas/io/tests/sas/data\n      copying pandas/io/tests/sas/data/paxraw_d_short.csv -> build/lib.linux-x86_64-2.7/pandas/io/tests/sas/data\n      copying pandas/io/tests/sas/data/test_sas7bdat_2.csv -> build/lib.linux-x86_64-2.7/pandas/io/tests/sas/data\n      copying pandas/io/tests/sas/data/SSHSV1_A.xpt -> build/lib.linux-x86_64-2.7/pandas/io/tests/sas/data\n      copying pandas/io/tests/sas/data/DRXFCD_G.xpt -> build/lib.linux-x86_64-2.7/pandas/io/tests/sas/data\n      copying pandas/io/tests/sas/data/paxraw_d_short.xpt -> build/lib.linux-x86_64-2.7/pandas/io/tests/sas/data\n      copying pandas/io/tests/sas/data/DEMO_G.xpt -> build/lib.linux-x86_64-2.7/pandas/io/tests/sas/data\n      copying pandas/io/tests/sas/data/test2.sas7bdat -> build/lib.linux-x86_64-2.7/pandas/io/tests/sas/data\n      copying pandas/io/tests/sas/data/test1.sas7bdat -> build/lib.linux-x86_64-2.7/pandas/io/tests/sas/data\n      copying pandas/io/tests/sas/data/test5.sas7bdat -> build/lib.linux-x86_64-2.7/pandas/io/tests/sas/data\n      copying pandas/io/tests/sas/data/test10.sas7bdat -> build/lib.linux-x86_64-2.7/pandas/io/tests/sas/data\n      copying pandas/io/tests/sas/data/test11.sas7bdat -> build/lib.linux-x86_64-2.7/pandas/io/tests/sas/data\n      copying pandas/io/tests/sas/data/test3.sas7bdat -> build/lib.linux-x86_64-2.7/pandas/io/tests/sas/data\n      copying pandas/io/tests/sas/data/test16.sas7bdat -> build/lib.linux-x86_64-2.7/pandas/io/tests/sas/data\n      copying pandas/io/tests/sas/data/airline.sas7bdat -> build/lib.linux-x86_64-2.7/pandas/io/tests/sas/data\n      copying pandas/io/tests/sas/data/test14.sas7bdat -> build/lib.linux-x86_64-2.7/pandas/io/tests/sas/data\n      copying pandas/io/tests/sas/data/test8.sas7bdat -> build/lib.linux-x86_64-2.7/pandas/io/tests/sas/data\n      copying pandas/io/tests/sas/data/test13.sas7bdat -> build/lib.linux-x86_64-2.7/pandas/io/tests/sas/data\n      copying pandas/io/tests/sas/data/test6.sas7bdat -> build/lib.linux-x86_64-2.7/pandas/io/tests/sas/data\n      copying pandas/io/tests/sas/data/test12.sas7bdat -> build/lib.linux-x86_64-2.7/pandas/io/tests/sas/data\n      copying pandas/io/tests/sas/data/productsales.sas7bdat -> build/lib.linux-x86_64-2.7/pandas/io/tests/sas/data\n      copying pandas/io/tests/sas/data/test_12659.sas7bdat -> build/lib.linux-x86_64-2.7/pandas/io/tests/sas/data\n      copying pandas/io/tests/sas/data/test4.sas7bdat -> build/lib.linux-x86_64-2.7/pandas/io/tests/sas/data\n      copying pandas/io/tests/sas/data/test7.sas7bdat -> build/lib.linux-x86_64-2.7/pandas/io/tests/sas/data\n      copying pandas/io/tests/sas/data/test15.sas7bdat -> build/lib.linux-x86_64-2.7/pandas/io/tests/sas/data\n      copying pandas/io/tests/sas/data/test9.sas7bdat -> build/lib.linux-x86_64-2.7/pandas/io/tests/sas/data\n      copying pandas/io/tests/data/nyse_wsj.html -> build/lib.linux-x86_64-2.7/pandas/io/tests/data\n      copying pandas/io/tests/data/valid_markup.html -> build/lib.linux-x86_64-2.7/pandas/io/tests/data\n      copying pandas/io/tests/data/banklist.html -> build/lib.linux-x86_64-2.7/pandas/io/tests/data\n      copying pandas/io/tests/data/yahoo_options1.html -> build/lib.linux-x86_64-2.7/pandas/io/tests/data\n      copying pandas/io/tests/data/spam.html -> build/lib.linux-x86_64-2.7/pandas/io/tests/data\n      copying pandas/io/tests/data/wikipedia_states.html -> build/lib.linux-x86_64-2.7/pandas/io/tests/data\n      copying pandas/io/tests/data/yahoo_options2.html -> build/lib.linux-x86_64-2.7/pandas/io/tests/data\n      copying pandas/io/tests/data/computer_sales_page.html -> build/lib.linux-x86_64-2.7/pandas/io/tests/data\n      copying pandas/io/tests/data/yahoo_options3.html -> build/lib.linux-x86_64-2.7/pandas/io/tests/data\n      copying pandas/io/tests/data/macau.html -> build/lib.linux-x86_64-2.7/pandas/io/tests/data\n      creating build/lib.linux-x86_64-2.7/pandas/io/tests/data/html_encoding\n      copying pandas/io/tests/data/html_encoding/chinese_utf-16.html -> build/lib.linux-x86_64-2.7/pandas/io/tests/data/html_encoding\n      copying pandas/io/tests/data/html_encoding/chinese_utf-8.html -> build/lib.linux-x86_64-2.7/pandas/io/tests/data/html_encoding\n      copying pandas/io/tests/data/html_encoding/chinese_utf-32.html -> build/lib.linux-x86_64-2.7/pandas/io/tests/data/html_encoding\n      copying pandas/io/tests/data/html_encoding/letz_latin1.html -> build/lib.linux-x86_64-2.7/pandas/io/tests/data/html_encoding\n      creating build/lib.linux-x86_64-2.7/pandas/io/tests/json/data\n      copying pandas/io/tests/json/data/tsframe_iso_v012.json -> build/lib.linux-x86_64-2.7/pandas/io/tests/json/data\n      copying pandas/io/tests/json/data/tsframe_v012.json -> build/lib.linux-x86_64-2.7/pandas/io/tests/json/data\n      creating build/lib.linux-x86_64-2.7/pandas/tests/data\n      copying pandas/tests/data/categorical_0_14_1.pickle -> build/lib.linux-x86_64-2.7/pandas/tests/data\n      copying pandas/tests/data/categorical_0_15_2.pickle -> build/lib.linux-x86_64-2.7/pandas/tests/data\n      copying pandas/tests/data/iris.csv -> build/lib.linux-x86_64-2.7/pandas/tests/data\n      copying pandas/tests/data/tips.csv -> build/lib.linux-x86_64-2.7/pandas/tests/data\n      creating build/lib.linux-x86_64-2.7/pandas/tests/indexes/data\n      copying pandas/tests/indexes/data/s2-0.12.0.pickle -> build/lib.linux-x86_64-2.7/pandas/tests/indexes/data\n      copying pandas/tests/indexes/data/mindex_073.pickle -> build/lib.linux-x86_64-2.7/pandas/tests/indexes/data\n      copying pandas/tests/indexes/data/multiindex_v1.pickle -> build/lib.linux-x86_64-2.7/pandas/tests/indexes/data\n      copying pandas/tests/indexes/data/s1-0.12.0.pickle -> build/lib.linux-x86_64-2.7/pandas/tests/indexes/data\n      creating build/lib.linux-x86_64-2.7/pandas/tests/formats/data\n      copying pandas/tests/formats/data/unicode_series.csv -> build/lib.linux-x86_64-2.7/pandas/tests/formats/data\n      copying pandas/tools/tests/cut_data.csv -> build/lib.linux-x86_64-2.7/pandas/tools/tests\n      creating build/lib.linux-x86_64-2.7/pandas/tseries/tests/data\n      copying pandas/tseries/tests/data/series_daterange0.pickle -> build/lib.linux-x86_64-2.7/pandas/tseries/tests/data\n      copying pandas/tseries/tests/data/frame.pickle -> build/lib.linux-x86_64-2.7/pandas/tseries/tests/data\n      copying pandas/tseries/tests/data/series.pickle -> build/lib.linux-x86_64-2.7/pandas/tseries/tests/data\n      copying pandas/tseries/tests/data/dateoffset_0_15_2.pickle -> build/lib.linux-x86_64-2.7/pandas/tseries/tests/data\n      copying pandas/tseries/tests/data/cday-0.14.1.pickle -> build/lib.linux-x86_64-2.7/pandas/tseries/tests/data\n      copying pandas/tseries/tests/data/daterange_073.pickle -> build/lib.linux-x86_64-2.7/pandas/tseries/tests/data\n      package init file 'pandas/io/tests/sas/__init__.py' not found (or not a regular file)\n      UPDATING build/lib.linux-x86_64-2.7/pandas/_version.py\n      set build/lib.linux-x86_64-2.7/pandas/_version.py to '0.18.1'\n      running build_ext\n      building 'pandas.index' extension\n      creating build/temp.linux-x86_64-2.7\n      creating build/temp.linux-x86_64-2.7/pandas\n      creating build/temp.linux-x86_64-2.7/pandas/src\n      creating build/temp.linux-x86_64-2.7/pandas/src/datetime\n      gcc -pthread -fno-strict-aliasing -O2 -g -pipe -Wall -Wp,-D_FORTIFY_SOURCE=2 -fexceptions -fstack-protector --param=ssp-buffer-size=4 -m64 -mtune=generic -D_GNU_SOURCE -fPIC -fwrapv -DNDEBUG -O2 -g -pipe -Wall -Wp,-D_FORTIFY_SOURCE=2 -fexceptions -fstack-protector --param=ssp-buffer-size=4 -m64 -mtune=generic -D_GNU_SOURCE -fPIC -fwrapv -fPIC -Ipandas/src/klib -Ipandas/src -I/opt/python/run/venv/local/lib64/python2.7/site-packages/numpy/core/include -I/usr/include/python2.7 -c pandas/index.c -o build/temp.linux-x86_64-2.7/pandas/index.o -Wno-unused-function\n      In file included from /opt/python/run/venv/local/lib64/python2.7/site-packages/numpy/core/include/numpy/ndarraytypes.h:1777,\n                       from /opt/python/run/venv/local/lib64/python2.7/site-packages/numpy/core/include/numpy/ndarrayobject.h:18,\n                       from /opt/python/run/venv/local/lib64/python2.7/site-packages/numpy/core/include/numpy/arrayobject.h:4,\n                       from pandas/index.c:266:\n      /opt/python/run/venv/local/lib64/python2.7/site-packages/numpy/core/include/numpy/npy_1_7_deprecated_api.h:15:2: warning: #warning \"Using deprecated NumPy API, disable it by \" \"#defining NPY_NO_DEPRECATED_API NPY_1_7_API_VERSION\"\n      pandas/index.c: In function __pyx_f_6pandas_5index_11IndexEngine__maybe_get_bool_indexer:\n      pandas/index.c:4431: warning: __pyx_v_last_true may be used uninitialized in this function\n      pandas/index.c: In function __pyx_f_6pandas_5index_13Float64Engine__maybe_get_bool_indexer:\n      pandas/index.c:8370: warning: __pyx_v_last_true may be used uninitialized in this function\n      pandas/index.c: In function __pyx_f_6pandas_5index_11Int64Engine__maybe_get_bool_indexer:\n      pandas/index.c:7720: warning: __pyx_v_last_true may be used uninitialized in this function\n      gcc -pthread -fno-strict-aliasing -O2 -g -pipe -Wall -Wp,-D_FORTIFY_SOURCE=2 -fexceptions -fstack-protector --param=ssp-buffer-size=4 -m64 -mtune=generic -D_GNU_SOURCE -fPIC -fwrapv -DNDEBUG -O2 -g -pipe -Wall -Wp,-D_FORTIFY_SOURCE=2 -fexceptions -fstack-protector --param=ssp-buffer-size=4 -m64 -mtune=generic -D_GNU_SOURCE -fPIC -fwrapv -fPIC -Ipandas/src/klib -Ipandas/src -I/opt/python/run/venv/local/lib64/python2.7/site-packages/numpy/core/include -I/usr/include/python2.7 -c pandas/src/datetime/np_datetime.c -o build/temp.linux-x86_64-2.7/pandas/src/datetime/np_datetime.o -Wno-unused-function\n      In file included from /opt/python/run/venv/local/lib64/python2.7/site-packages/numpy/core/include/numpy/ndarraytypes.h:1777,\n                       from /opt/python/run/venv/local/lib64/python2.7/site-packages/numpy/core/include/numpy/ndarrayobject.h:18,\n                       from /opt/python/run/venv/local/lib64/python2.7/site-packages/numpy/core/include/numpy/arrayobject.h:4,\n                       from pandas/src/datetime/np_datetime.c:18:\n      /opt/python/run/venv/local/lib64/python2.7/site-packages/numpy/core/include/numpy/npy_1_7_deprecated_api.h:15:2: warning: #warning \"Using deprecated NumPy API, disable it by \" \"#defining NPY_NO_DEPRECATED_API NPY_1_7_API_VERSION\"\n      /usr/include/python2.7/datetime.h:188: warning: PyDateTimeAPI defined but not used\n      gcc -pthread -fno-strict-aliasing -O2 -g -pipe -Wall -Wp,-D_FORTIFY_SOURCE=2 -fexceptions -fstack-protector --param=ssp-buffer-size=4 -m64 -mtune=generic -D_GNU_SOURCE -fPIC -fwrapv -DNDEBUG -O2 -g -pipe -Wall -Wp,-D_FORTIFY_SOURCE=2 -fexceptions -fstack-protector --param=ssp-buffer-size=4 -m64 -mtune=generic -D_GNU_SOURCE -fPIC -fwrapv -fPIC -Ipandas/src/klib -Ipandas/src -I/opt/python/run/venv/local/lib64/python2.7/site-packages/numpy/core/include -I/usr/include/python2.7 -c pandas/src/datetime/np_datetime_strings.c -o build/temp.linux-x86_64-2.7/pandas/src/datetime/np_datetime_strings.o -Wno-unused-function\n      In file included from /opt/python/run/venv/local/lib64/python2.7/site-packages/numpy/core/include/numpy/ndarraytypes.h:1777,\n                       from /opt/python/run/venv/local/lib64/python2.7/site-packages/numpy/core/include/numpy/ndarrayobject.h:18,\n                       from /opt/python/run/venv/local/lib64/python2.7/site-packages/numpy/core/include/numpy/arrayobject.h:4,\n                       from pandas/src/datetime/np_datetime_strings.c:17:\n      /opt/python/run/venv/local/lib64/python2.7/site-packages/numpy/core/include/numpy/npy_1_7_deprecated_api.h:15:2: warning: #warning \"Using deprecated NumPy API, disable it by \" \"#defining NPY_NO_DEPRECATED_API NPY_1_7_API_VERSION\"\n      gcc -pthread -shared build/temp.linux-x86_64-2.7/pandas/index.o build/temp.linux-x86_64-2.7/pandas/src/datetime/np_datetime.o build/temp.linux-x86_64-2.7/pandas/src/datetime/np_datetime_strings.o -L/usr/lib64 -lpython2.7 -o build/lib.linux-x86_64-2.7/pandas/index.so\n      building 'pandas._period' extension\n      gcc -pthread -fno-strict-aliasing -O2 -g -pipe -Wall -Wp,-D_FORTIFY_SOURCE=2 -fexceptions -fstack-protector --param=ssp-buffer-size=4 -m64 -mtune=generic -D_GNU_SOURCE -fPIC -fwrapv -DNDEBUG -O2 -g -pipe -Wall -Wp,-D_FORTIFY_SOURCE=2 -fexceptions -fstack-protector --param=ssp-buffer-size=4 -m64 -mtune=generic -D_GNU_SOURCE -fPIC -fwrapv -fPIC -Ipandas/src/klib -Ipandas/src -I/opt/python/run/venv/local/lib64/python2.7/site-packages/numpy/core/include -I/usr/include/python2.7 -c pandas/src/period.c -o build/temp.linux-x86_64-2.7/pandas/src/period.o -Wno-unused-function\n      In file included from /opt/python/run/venv/local/lib64/python2.7/site-packages/numpy/core/include/numpy/ndarraytypes.h:1777,\n                       from /opt/python/run/venv/local/lib64/python2.7/site-packages/numpy/core/include/numpy/ndarrayobject.h:18,\n                       from /opt/python/run/venv/local/lib64/python2.7/site-packages/numpy/core/include/numpy/arrayobject.h:4,\n                       from pandas/src/period.c:267:\n      /opt/python/run/venv/local/lib64/python2.7/site-packages/numpy/core/include/numpy/npy_1_7_deprecated_api.h:15:2: warning: #warning \"Using deprecated NumPy API, disable it by \" \"#defining NPY_NO_DEPRECATED_API NPY_1_7_API_VERSION\"\n      pandas/src/period.c: In function __Pyx_WriteUnraisable.clone.1:\n      pandas/src/period.c:24813: warning: state may be used uninitialized in this function\n      gcc -pthread -fno-strict-aliasing -O2 -g -pipe -Wall -Wp,-D_FORTIFY_SOURCE=2 -fexceptions -fstack-protector --param=ssp-buffer-size=4 -m64 -mtune=generic -D_GNU_SOURCE -fPIC -fwrapv -DNDEBUG -O2 -g -pipe -Wall -Wp,-D_FORTIFY_SOURCE=2 -fexceptions -fstack-protector --param=ssp-buffer-size=4 -m64 -mtune=generic -D_GNU_SOURCE -fPIC -fwrapv -fPIC -Ipandas/src/klib -Ipandas/src -I/opt/python/run/venv/local/lib64/python2.7/site-packages/numpy/core/include -I/usr/include/python2.7 -c pandas/src/datetime/np_datetime.c -o build/temp.linux-x86_64-2.7/pandas/src/datetime/np_datetime.o -Wno-unused-function\n      In file included from /opt/python/run/venv/local/lib64/python2.7/site-packages/numpy/core/include/numpy/ndarraytypes.h:1777,\n                       from /opt/python/run/venv/local/lib64/python2.7/site-packages/numpy/core/include/numpy/ndarrayobject.h:18,\n                       from /opt/python/run/venv/local/lib64/python2.7/site-packages/numpy/core/include/numpy/arrayobject.h:4,\n                       from pandas/src/datetime/np_datetime.c:18:\n      /opt/python/run/venv/local/lib64/python2.7/site-packages/numpy/core/include/numpy/npy_1_7_deprecated_api.h:15:2: warning: #warning \"Using deprecated NumPy API, disable it by \" \"#defining NPY_NO_DEPRECATED_API NPY_1_7_API_VERSION\"\n      /usr/include/python2.7/datetime.h:188: warning: PyDateTimeAPI defined but not used\n      gcc -pthread -fno-strict-aliasing -O2 -g -pipe -Wall -Wp,-D_FORTIFY_SOURCE=2 -fexceptions -fstack-protector --param=ssp-buffer-size=4 -m64 -mtune=generic -D_GNU_SOURCE -fPIC -fwrapv -DNDEBUG -O2 -g -pipe -Wall -Wp,-D_FORTIFY_SOURCE=2 -fexceptions -fstack-protector --param=ssp-buffer-size=4 -m64 -mtune=generic -D_GNU_SOURCE -fPIC -fwrapv -fPIC -Ipandas/src/klib -Ipandas/src -I/opt/python/run/venv/local/lib64/python2.7/site-packages/numpy/core/include -I/usr/include/python2.7 -c pandas/src/datetime/np_datetime_strings.c -o build/temp.linux-x86_64-2.7/pandas/src/datetime/np_datetime_strings.o -Wno-unused-function\n      In file included from /opt/python/run/venv/local/lib64/python2.7/site-packages/numpy/core/include/numpy/ndarraytypes.h:1777,\n                       from /opt/python/run/venv/local/lib64/python2.7/site-packages/numpy/core/include/numpy/ndarrayobject.h:18,\n                       from /opt/python/run/venv/local/lib64/python2.7/site-packages/numpy/core/include/numpy/arrayobject.h:4,\n                       from pandas/src/datetime/np_datetime_strings.c:17:\n      /opt/python/run/venv/local/lib64/python2.7/site-packages/numpy/core/include/numpy/npy_1_7_deprecated_api.h:15:2: warning: #warning \"Using deprecated NumPy API, disable it by \" \"#defining NPY_NO_DEPRECATED_API NPY_1_7_API_VERSION\"\n      gcc -pthread -fno-strict-aliasing -O2 -g -pipe -Wall -Wp,-D_FORTIFY_SOURCE=2 -fexceptions -fstack-protector --param=ssp-buffer-size=4 -m64 -mtune=generic -D_GNU_SOURCE -fPIC -fwrapv -DNDEBUG -O2 -g -pipe -Wall -Wp,-D_FORTIFY_SOURCE=2 -fexceptions -fstack-protector --param=ssp-buffer-size=4 -m64 -mtune=generic -D_GNU_SOURCE -fPIC -fwrapv -fPIC -Ipandas/src/klib -Ipandas/src -I/opt/python/run/venv/local/lib64/python2.7/site-packages/numpy/core/include -I/usr/include/python2.7 -c pandas/src/period_helper.c -o build/temp.linux-x86_64-2.7/pandas/src/period_helper.o -Wno-unused-function\n      In file included from /opt/python/run/venv/local/lib64/python2.7/site-packages/numpy/core/include/numpy/ndarraytypes.h:1777,\n                       from pandas/src/period_helper.h:12,\n                       from pandas/src/period_helper.c:1:\n      /opt/python/run/venv/local/lib64/python2.7/site-packages/numpy/core/include/numpy/npy_1_7_deprecated_api.h:15:2: warning: #warning \"Using deprecated NumPy API, disable it by \" \"#defining NPY_NO_DEPRECATED_API NPY_1_7_API_VERSION\"\n      gcc -pthread -shared build/temp.linux-x86_64-2.7/pandas/src/period.o build/temp.linux-x86_64-2.7/pandas/src/datetime/np_datetime.o build/temp.linux-x86_64-2.7/pandas/src/datetime/np_datetime_strings.o build/temp.linux-x86_64-2.7/pandas/src/period_helper.o -L/usr/lib64 -lpython2.7 -o build/lib.linux-x86_64-2.7/pandas/_period.so\n      building 'pandas.algos' extension\n      gcc -pthread -fno-strict-aliasing -O2 -g -pipe -Wall -Wp,-D_FORTIFY_SOURCE=2 -fexceptions -fstack-protector --param=ssp-buffer-size=4 -m64 -mtune=generic -D_GNU_SOURCE -fPIC -fwrapv -DNDEBUG -O2 -g -pipe -Wall -Wp,-D_FORTIFY_SOURCE=2 -fexceptions -fstack-protector --param=ssp-buffer-size=4 -m64 -mtune=generic -D_GNU_SOURCE -fPIC -fwrapv -fPIC -Ipandas/src/klib -Ipandas/src -I/opt/python/run/venv/local/lib64/python2.7/site-packages/numpy/core/include -I/usr/include/python2.7 -c pandas/algos.c -o build/temp.linux-x86_64-2.7/pandas/algos.o -Wno-unused-function\n      In file included from /opt/python/run/venv/local/lib64/python2.7/site-packages/numpy/core/include/numpy/ndarraytypes.h:1777,\n                       from /opt/python/run/venv/local/lib64/python2.7/site-packages/numpy/core/include/numpy/ndarrayobject.h:18,\n                       from /opt/python/run/venv/local/lib64/python2.7/site-packages/numpy/core/include/numpy/arrayobject.h:4,\n                       from pandas/algos.c:266:\n      /opt/python/run/venv/local/lib64/python2.7/site-packages/numpy/core/include/numpy/npy_1_7_deprecated_api.h:15:2: warning: #warning \"Using deprecated NumPy API, disable it by \" \"#defining NPY_NO_DEPRECATED_API NPY_1_7_API_VERSION\"\n      gcc -pthread -shared build/temp.linux-x86_64-2.7/pandas/algos.o -L/usr/lib64 -lpython2.7 -o build/lib.linux-x86_64-2.7/pandas/algos.so\n      building 'pandas.lib' extension\n      gcc -pthread -fno-strict-aliasing -O2 -g -pipe -Wall -Wp,-D_FORTIFY_SOURCE=2 -fexceptions -fstack-protector --param=ssp-buffer-size=4 -m64 -mtune=generic -D_GNU_SOURCE -fPIC -fwrapv -DNDEBUG -O2 -g -pipe -Wall -Wp,-D_FORTIFY_SOURCE=2 -fexceptions -fstack-protector --param=ssp-buffer-size=4 -m64 -mtune=generic -D_GNU_SOURCE -fPIC -fwrapv -fPIC -Ipandas/src/klib -Ipandas/src -I/opt/python/run/venv/local/lib64/python2.7/site-packages/numpy/core/include -I/usr/include/python2.7 -c pandas/lib.c -o build/temp.linux-x86_64-2.7/pandas/lib.o -Wno-unused-function\n      In file included from /opt/python/run/venv/local/lib64/python2.7/site-packages/numpy/core/include/numpy/ndarraytypes.h:1777,\n                       from /opt/python/run/venv/local/lib64/python2.7/site-packages/numpy/core/include/numpy/ndarrayobject.h:18,\n                       from /opt/python/run/venv/local/lib64/python2.7/site-packages/numpy/core/include/numpy/arrayobject.h:4,\n                       from pandas/lib.c:266:\n      /opt/python/run/venv/local/lib64/python2.7/site-packages/numpy/core/include/numpy/npy_1_7_deprecated_api.h:15:2: warning: #warning \"Using deprecated NumPy API, disable it by \" \"#defining NPY_NO_DEPRECATED_API NPY_1_7_API_VERSION\"\n      pandas/lib.c: In function __pyx_gb_6pandas_3lib_118generator:\n      pandas/lib.c:26292: warning: __pyx_t_5 may be used uninitialized in this function\n      pandas/lib.c:26297: warning: __pyx_t_10 may be used uninitialized in this function\n      pandas/lib.c:26301: warning: __pyx_t_14 may be used uninitialized in this function\n      pandas/lib.c:26298: warning: __pyx_t_11 may be used uninitialized in this function\n      pandas/lib.c:26309: warning: __pyx_t_22 may be used uninitialized in this function\n      gcc -pthread -shared build/temp.linux-x86_64-2.7/pandas/lib.o -L/usr/lib64 -lpython2.7 -o build/lib.linux-x86_64-2.7/pandas/lib.so\n      building 'pandas.tslib' extension\n      gcc -pthread -fno-strict-aliasing -O2 -g -pipe -Wall -Wp,-D_FORTIFY_SOURCE=2 -fexceptions -fstack-protector --param=ssp-buffer-size=4 -m64 -mtune=generic -D_GNU_SOURCE -fPIC -fwrapv -DNDEBUG -O2 -g -pipe -Wall -Wp,-D_FORTIFY_SOURCE=2 -fexceptions -fstack-protector --param=ssp-buffer-size=4 -m64 -mtune=generic -D_GNU_SOURCE -fPIC -fwrapv -fPIC -Ipandas/src/klib -Ipandas/src -I/opt/python/run/venv/local/lib64/python2.7/site-packages/numpy/core/include -I/usr/include/python2.7 -c pandas/tslib.c -o build/temp.linux-x86_64-2.7/pandas/tslib.o -Wno-unused-function\n      In file included from /opt/python/run/venv/local/lib64/python2.7/site-packages/numpy/core/include/numpy/ndarraytypes.h:1777,\n                       from /opt/python/run/venv/local/lib64/python2.7/site-packages/numpy/core/include/numpy/ndarrayobject.h:18,\n                       from /opt/python/run/venv/local/lib64/python2.7/site-packages/numpy/core/include/numpy/arrayobject.h:4,\n                       from pandas/tslib.c:266:\n      /opt/python/run/venv/local/lib64/python2.7/site-packages/numpy/core/include/numpy/npy_1_7_deprecated_api.h:15:2: warning: #warning \"Using deprecated NumPy API, disable it by \" \"#defining NPY_NO_DEPRECATED_API NPY_1_7_API_VERSION\"\n      pandas/tslib.c: In function __pyx_f_6pandas_5tslib__check_dts_bounds:\n      pandas/tslib.c:29050: warning: implicit declaration of function cmp_pandas_datetimestruct\n      pandas/tslib.c: In function __pyx_f_6pandas_5tslib__parse_dateabbr_string:\n      pandas/tslib.c:32473: warning: __pyx_v_year may be used uninitialized in this function\n      pandas/tslib.c:32474: warning: __pyx_v_quarter may be used uninitialized in this function\n      gcc -pthread -fno-strict-aliasing -O2 -g -pipe -Wall -Wp,-D_FORTIFY_SOURCE=2 -fexceptions -fstack-protector --param=ssp-buffer-size=4 -m64 -mtune=generic -D_GNU_SOURCE -fPIC -fwrapv -DNDEBUG -O2 -g -pipe -Wall -Wp,-D_FORTIFY_SOURCE=2 -fexceptions -fstack-protector --param=ssp-buffer-size=4 -m64 -mtune=generic -D_GNU_SOURCE -fPIC -fwrapv -fPIC -Ipandas/src/klib -Ipandas/src -I/opt/python/run/venv/local/lib64/python2.7/site-packages/numpy/core/include -I/usr/include/python2.7 -c pandas/src/datetime/np_datetime.c -o build/temp.linux-x86_64-2.7/pandas/src/datetime/np_datetime.o -Wno-unused-function\n      In file included from /opt/python/run/venv/local/lib64/python2.7/site-packages/numpy/core/include/numpy/ndarraytypes.h:1777,\n                       from /opt/python/run/venv/local/lib64/python2.7/site-packages/numpy/core/include/numpy/ndarrayobject.h:18,\n                       from /opt/python/run/venv/local/lib64/python2.7/site-packages/numpy/core/include/numpy/arrayobject.h:4,\n                       from pandas/src/datetime/np_datetime.c:18:\n      /opt/python/run/venv/local/lib64/python2.7/site-packages/numpy/core/include/numpy/npy_1_7_deprecated_api.h:15:2: warning: #warning \"Using deprecated NumPy API, disable it by \" \"#defining NPY_NO_DEPRECATED_API NPY_1_7_API_VERSION\"\n      /usr/include/python2.7/datetime.h:188: warning: PyDateTimeAPI defined but not used\n      gcc -pthread -fno-strict-aliasing -O2 -g -pipe -Wall -Wp,-D_FORTIFY_SOURCE=2 -fexceptions -fstack-protector --param=ssp-buffer-size=4 -m64 -mtune=generic -D_GNU_SOURCE -fPIC -fwrapv -DNDEBUG -O2 -g -pipe -Wall -Wp,-D_FORTIFY_SOURCE=2 -fexceptions -fstack-protector --param=ssp-buffer-size=4 -m64 -mtune=generic -D_GNU_SOURCE -fPIC -fwrapv -fPIC -Ipandas/src/klib -Ipandas/src -I/opt/python/run/venv/local/lib64/python2.7/site-packages/numpy/core/include -I/usr/include/python2.7 -c pandas/src/datetime/np_datetime_strings.c -o build/temp.linux-x86_64-2.7/pandas/src/datetime/np_datetime_strings.o -Wno-unused-function\n      In file included from /opt/python/run/venv/local/lib64/python2.7/site-packages/numpy/core/include/numpy/ndarraytypes.h:1777,\n                       from /opt/python/run/venv/local/lib64/python2.7/site-packages/numpy/core/include/numpy/ndarrayobject.h:18,\n                       from /opt/python/run/venv/local/lib64/python2.7/site-packages/numpy/core/include/numpy/arrayobject.h:4,\n                       from pandas/src/datetime/np_datetime_strings.c:17:\n      /opt/python/run/venv/local/lib64/python2.7/site-packages/numpy/core/include/numpy/npy_1_7_deprecated_api.h:15:2: warning: #warning \"Using deprecated NumPy API, disable it by \" \"#defining NPY_NO_DEPRECATED_API NPY_1_7_API_VERSION\"\n      gcc -pthread -fno-strict-aliasing -O2 -g -pipe -Wall -Wp,-D_FORTIFY_SOURCE=2 -fexceptions -fstack-protector --param=ssp-buffer-size=4 -m64 -mtune=generic -D_GNU_SOURCE -fPIC -fwrapv -DNDEBUG -O2 -g -pipe -Wall -Wp,-D_FORTIFY_SOURCE=2 -fexceptions -fstack-protector --param=ssp-buffer-size=4 -m64 -mtune=generic -D_GNU_SOURCE -fPIC -fwrapv -fPIC -Ipandas/src/klib -Ipandas/src -I/opt/python/run/venv/local/lib64/python2.7/site-packages/numpy/core/include -I/usr/include/python2.7 -c pandas/src/period_helper.c -o build/temp.linux-x86_64-2.7/pandas/src/period_helper.o -Wno-unused-function\n      In file included from /opt/python/run/venv/local/lib64/python2.7/site-packages/numpy/core/include/numpy/ndarraytypes.h:1777,\n                       from pandas/src/period_helper.h:12,\n                       from pandas/src/period_helper.c:1:\n      /opt/python/run/venv/local/lib64/python2.7/site-packages/numpy/core/include/numpy/npy_1_7_deprecated_api.h:15:2: warning: #warning \"Using deprecated NumPy API, disable it by \" \"#defining NPY_NO_DEPRECATED_API NPY_1_7_API_VERSION\"\n      gcc -pthread -shared build/temp.linux-x86_64-2.7/pandas/tslib.o build/temp.linux-x86_64-2.7/pandas/src/datetime/np_datetime.o build/temp.linux-x86_64-2.7/pandas/src/datetime/np_datetime_strings.o build/temp.linux-x86_64-2.7/pandas/src/period_helper.o -L/usr/lib64 -lpython2.7 -o build/lib.linux-x86_64-2.7/pandas/tslib.so\n      building 'pandas.parser' extension\n      creating build/temp.linux-x86_64-2.7/pandas/src/parser\n      gcc -pthread -fno-strict-aliasing -O2 -g -pipe -Wall -Wp,-D_FORTIFY_SOURCE=2 -fexceptions -fstack-protector --param=ssp-buffer-size=4 -m64 -mtune=generic -D_GNU_SOURCE -fPIC -fwrapv -DNDEBUG -O2 -g -pipe -Wall -Wp,-D_FORTIFY_SOURCE=2 -fexceptions -fstack-protector --param=ssp-buffer-size=4 -m64 -mtune=generic -D_GNU_SOURCE -fPIC -fwrapv -fPIC -Ipandas/src/klib -Ipandas/src -I/opt/python/run/venv/local/lib64/python2.7/site-packages/numpy/core/include -I/usr/include/python2.7 -c pandas/parser.c -o build/temp.linux-x86_64-2.7/pandas/parser.o -Wno-unused-function\n      In file included from /opt/python/run/venv/local/lib64/python2.7/site-packages/numpy/core/include/numpy/ndarraytypes.h:1777,\n                       from /opt/python/run/venv/local/lib64/python2.7/site-packages/numpy/core/include/numpy/ndarrayobject.h:18,\n                       from /opt/python/run/venv/local/lib64/python2.7/site-packages/numpy/core/include/numpy/arrayobject.h:4,\n                       from pandas/parser.c:267:\n      /opt/python/run/venv/local/lib64/python2.7/site-packages/numpy/core/include/numpy/npy_1_7_deprecated_api.h:15:2: warning: #warning \"Using deprecated NumPy API, disable it by \" \"#defining NPY_NO_DEPRECATED_API NPY_1_7_API_VERSION\"\n      pandas/parser.c: In function __pyx_f_6pandas_6parser_10TextReader__get_header:\n      pandas/parser.c:7101: warning: __pyx_v_data_line may be used uninitialized in this function\n      gcc -pthread -fno-strict-aliasing -O2 -g -pipe -Wall -Wp,-D_FORTIFY_SOURCE=2 -fexceptions -fstack-protector --param=ssp-buffer-size=4 -m64 -mtune=generic -D_GNU_SOURCE -fPIC -fwrapv -DNDEBUG -O2 -g -pipe -Wall -Wp,-D_FORTIFY_SOURCE=2 -fexceptions -fstack-protector --param=ssp-buffer-size=4 -m64 -mtune=generic -D_GNU_SOURCE -fPIC -fwrapv -fPIC -Ipandas/src/klib -Ipandas/src -I/opt/python/run/venv/local/lib64/python2.7/site-packages/numpy/core/include -I/usr/include/python2.7 -c pandas/src/parser/tokenizer.c -o build/temp.linux-x86_64-2.7/pandas/src/parser/tokenizer.o -Wno-unused-function\n      pandas/src/parser/tokenizer.c:911:17: warning: multi-line comment\n      gcc -pthread -fno-strict-aliasing -O2 -g -pipe -Wall -Wp,-D_FORTIFY_SOURCE=2 -fexceptions -fstack-protector --param=ssp-buffer-size=4 -m64 -mtune=generic -D_GNU_SOURCE -fPIC -fwrapv -DNDEBUG -O2 -g -pipe -Wall -Wp,-D_FORTIFY_SOURCE=2 -fexceptions -fstack-protector --param=ssp-buffer-size=4 -m64 -mtune=generic -D_GNU_SOURCE -fPIC -fwrapv -fPIC -Ipandas/src/klib -Ipandas/src -I/opt/python/run/venv/local/lib64/python2.7/site-packages/numpy/core/include -I/usr/include/python2.7 -c pandas/src/parser/io.c -o build/temp.linux-x86_64-2.7/pandas/src/parser/io.o -Wno-unused-function\n      gcc -pthread -shared build/temp.linux-x86_64-2.7/pandas/parser.o build/temp.linux-x86_64-2.7/pandas/src/parser/tokenizer.o build/temp.linux-x86_64-2.7/pandas/src/parser/io.o -L/usr/lib64 -lpython2.7 -o build/lib.linux-x86_64-2.7/pandas/parser.so\n      building 'pandas.io.sas.saslib' extension\n      creating build/temp.linux-x86_64-2.7/pandas/io\n      creating build/temp.linux-x86_64-2.7/pandas/io/sas\n      gcc -pthread -fno-strict-aliasing -O2 -g -pipe -Wall -Wp,-D_FORTIFY_SOURCE=2 -fexceptions -fstack-protector --param=ssp-buffer-size=4 -m64 -mtune=generic -D_GNU_SOURCE -fPIC -fwrapv -DNDEBUG -O2 -g -pipe -Wall -Wp,-D_FORTIFY_SOURCE=2 -fexceptions -fstack-protector --param=ssp-buffer-size=4 -m64 -mtune=generic -D_GNU_SOURCE -fPIC -fwrapv -fPIC -Ipandas/src/klib -Ipandas/src -I/opt/python/run/venv/local/lib64/python2.7/site-packages/numpy/core/include -I/usr/include/python2.7 -c pandas/io/sas/saslib.c -o build/temp.linux-x86_64-2.7/pandas/io/sas/saslib.o -Wno-unused-function\n      In file included from /opt/python/run/venv/local/lib64/python2.7/site-packages/numpy/core/include/numpy/ndarraytypes.h:1777,\n                       from /opt/python/run/venv/local/lib64/python2.7/site-packages/numpy/core/include/numpy/ndarrayobject.h:18,\n                       from /opt/python/run/venv/local/lib64/python2.7/site-packages/numpy/core/include/numpy/arrayobject.h:4,\n                       from pandas/io/sas/saslib.c:266:\n      /opt/python/run/venv/local/lib64/python2.7/site-packages/numpy/core/include/numpy/npy_1_7_deprecated_api.h:15:2: warning: #warning \"Using deprecated NumPy API, disable it by \" \"#defining NPY_NO_DEPRECATED_API NPY_1_7_API_VERSION\"\n      pandas/io/sas/saslib.c: In function __pyx_f_6pandas_2io_3sas_6saslib_rdc_decompress:\n      pandas/io/sas/saslib.c:3383: warning: __pyx_v_ctrl_bits may be used uninitialized in this function\n      gcc -pthread -shared build/temp.linux-x86_64-2.7/pandas/io/sas/saslib.o -L/usr/lib64 -lpython2.7 -o build/lib.linux-x86_64-2.7/pandas/io/sas/saslib.so\n      building 'pandas.hashtable' extension\n      gcc -pthread -fno-strict-aliasing -O2 -g -pipe -Wall -Wp,-D_FORTIFY_SOURCE=2 -fexceptions -fstack-protector --param=ssp-buffer-size=4 -m64 -mtune=generic -D_GNU_SOURCE -fPIC -fwrapv -DNDEBUG -O2 -g -pipe -Wall -Wp,-D_FORTIFY_SOURCE=2 -fexceptions -fstack-protector --param=ssp-buffer-size=4 -m64 -mtune=generic -D_GNU_SOURCE -fPIC -fwrapv -fPIC -Ipandas/src/klib -Ipandas/src -I/opt/python/run/venv/local/lib64/python2.7/site-packages/numpy/core/include -I/usr/include/python2.7 -c pandas/hashtable.c -o build/temp.linux-x86_64-2.7/pandas/hashtable.o -Wno-unused-function\n      In file included from /opt/python/run/venv/local/lib64/python2.7/site-packages/numpy/core/include/numpy/ndarraytypes.h:1777,\n                       from /opt/python/run/venv/local/lib64/python2.7/site-packages/numpy/core/include/numpy/ndarrayobject.h:18,\n                       from /opt/python/run/venv/local/lib64/python2.7/site-packages/numpy/core/include/numpy/arrayobject.h:4,\n                       from pandas/hashtable.c:267:\n      /opt/python/run/venv/local/lib64/python2.7/site-packages/numpy/core/include/numpy/npy_1_7_deprecated_api.h:15:2: warning: #warning \"Using deprecated NumPy API, disable it by \" \"#defining NPY_NO_DEPRECATED_API NPY_1_7_API_VERSION\"\n      gcc -pthread -shared build/temp.linux-x86_64-2.7/pandas/hashtable.o -L/usr/lib64 -lpython2.7 -o build/lib.linux-x86_64-2.7/pandas/hashtable.so\n      building 'pandas._sparse' extension\n      gcc -pthread -fno-strict-aliasing -O2 -g -pipe -Wall -Wp,-D_FORTIFY_SOURCE=2 -fexceptions -fstack-protector --param=ssp-buffer-size=4 -m64 -mtune=generic -D_GNU_SOURCE -fPIC -fwrapv -DNDEBUG -O2 -g -pipe -Wall -Wp,-D_FORTIFY_SOURCE=2 -fexceptions -fstack-protector --param=ssp-buffer-size=4 -m64 -mtune=generic -D_GNU_SOURCE -fPIC -fwrapv -fPIC -I/opt/python/run/venv/local/lib64/python2.7/site-packages/numpy/core/include -I/usr/include/python2.7 -c pandas/src/sparse.c -o build/temp.linux-x86_64-2.7/pandas/src/sparse.o -Wno-unused-function\n      In file included from /opt/python/run/venv/local/lib64/python2.7/site-packages/numpy/core/include/numpy/ndarraytypes.h:1777,\n                       from /opt/python/run/venv/local/lib64/python2.7/site-packages/numpy/core/include/numpy/ndarrayobject.h:18,\n                       from /opt/python/run/venv/local/lib64/python2.7/site-packages/numpy/core/include/numpy/arrayobject.h:4,\n                       from pandas/src/sparse.c:266:\n      /opt/python/run/venv/local/lib64/python2.7/site-packages/numpy/core/include/numpy/npy_1_7_deprecated_api.h:15:2: warning: #warning \"Using deprecated NumPy API, disable it by \" \"#defining NPY_NO_DEPRECATED_API NPY_1_7_API_VERSION\"\n      gcc -pthread -shared build/temp.linux-x86_64-2.7/pandas/src/sparse.o -L/usr/lib64 -lm -lpython2.7 -o build/lib.linux-x86_64-2.7/pandas/_sparse.so\n      building 'pandas._testing' extension\n      gcc -pthread -fno-strict-aliasing -O2 -g -pipe -Wall -Wp,-D_FORTIFY_SOURCE=2 -fexceptions -fstack-protector --param=ssp-buffer-size=4 -m64 -mtune=generic -D_GNU_SOURCE -fPIC -fwrapv -DNDEBUG -O2 -g -pipe -Wall -Wp,-D_FORTIFY_SOURCE=2 -fexceptions -fstack-protector --param=ssp-buffer-size=4 -m64 -mtune=generic -D_GNU_SOURCE -fPIC -fwrapv -fPIC -I/opt/python/run/venv/local/lib64/python2.7/site-packages/numpy/core/include -I/usr/include/python2.7 -c pandas/src/testing.c -o build/temp.linux-x86_64-2.7/pandas/src/testing.o -Wno-unused-function\n      gcc -pthread -shared build/temp.linux-x86_64-2.7/pandas/src/testing.o -L/usr/lib64 -lm -lpython2.7 -o build/lib.linux-x86_64-2.7/pandas/_testing.so\n      building 'pandas.msgpack._packer' extension\n      creating build/temp.linux-x86_64-2.7/pandas/msgpack\n      gcc -pthread -fno-strict-aliasing -O2 -g -pipe -Wall -Wp,-D_FORTIFY_SOURCE=2 -fexceptions -fstack-protector --param=ssp-buffer-size=4 -m64 -mtune=generic -D_GNU_SOURCE -fPIC -fwrapv -DNDEBUG -O2 -g -pipe -Wall -Wp,-D_FORTIFY_SOURCE=2 -fexceptions -fstack-protector --param=ssp-buffer-size=4 -m64 -mtune=generic -D_GNU_SOURCE -fPIC -fwrapv -fPIC -D__LITTLE_ENDIAN__=1 -Ipandas/src/msgpack -Ipandas/src/klib -Ipandas/src -I/opt/python/run/venv/local/lib64/python2.7/site-packages/numpy/core/include -I/usr/include/python2.7 -c pandas/msgpack/_packer.cpp -o build/temp.linux-x86_64-2.7/pandas/msgpack/_packer.o -Wno-unused-function\n      gcc: error trying to exec 'cc1plus': execvp: No such file or directory\n      error: command 'gcc' failed with exit status 1\n      \n      ----------------------------------------\n  Command \"/opt/python/run/venv/bin/python2.7 -c \"import setuptools, tokenize;__file__='/tmp/pip-build-SkQ7Dl/pandas/setup.py';exec(compile(getattr(tokenize, 'open', open)(__file__).read().replace('\\r\\n', '\\n'), __file__, 'exec'))\" install --record /tmp/pip-FemoqA-record/install-record.txt --single-version-externally-managed --compile --install-headers /opt/python/run/venv/include/site/python2.7/pandas\" failed with error code 1 in /tmp/pip-build-SkQ7Dl/pandas\n  You are using pip version 7.1.2, however version 9.0.1 is available.\n  You should consider upgrading via the 'pip install --upgrade pip' command.\n  2017-01-17 18:12:51,028 ERROR    Error installing dependencies: Command '/opt/python/run/venv/bin/pip install -r /opt/python/ondeck/app/requirements.txt' returned non-zero exit status 1\n  Traceback (most recent call last):\n    File \"/opt/elasticbeanstalk/hooks/appdeploy/pre/03deploy.py\", line 22, in main\n      install_dependencies()\n    File \"/opt/elasticbeanstalk/hooks/appdeploy/pre/03deploy.py\", line 18, in install_dependencies\n      check_call('%s install -r %s' % (os.path.join(APP_VIRTUAL_ENV, 'bin', 'pip'), requirements_file), shell=True)\n    File \"/usr/lib64/python2.7/subprocess.py\", line 541, in check_call\n      raise CalledProcessError(retcode, cmd)\n  CalledProcessError: Command '/opt/python/run/venv/bin/pip install -r /opt/python/ondeck/app/requirements.txt' returned non-zero exit status 1 (ElasticBeanstalk::ExternalInvocationError)\ncaused by: Collecting Django==1.9.8 (from -r /opt/python/ondeck/app/requirements.txt (line 1))\n    Downloading Django-1.9.8-py2.py3-none-any.whl (6.6MB)\n  Collecting django-autocomplete-light==3.2.1 (from -r /opt/python/ondeck/app/requirements.txt (line 2))\n    Downloading django-autocomplete-light-3.2.1.tar.gz (400kB)\n  Collecting django-cities==0.4.2 (from -r /opt/python/ondeck/app/requirements.txt (line 3))\n    Downloading django-cities-0.4.2.tar.gz\n  Collecting django-cors-headers==1.1.0 (from -r /opt/python/ondeck/app/requirements.txt (line 4))\n    Downloading django-cors-headers-1.1.0.tar.gz\n  Collecting django-extensions==1.6.7 (from -r /opt/python/ondeck/app/requirements.txt (line 5))\n    Downloading django_extensions-1.6.7-py2.py3-none-any.whl (206kB)\n  Collecting django-geoposition==0.2.3 (from -r /opt/python/ondeck/app/requirements.txt (line 6))\n    Downloading django-geoposition-0.2.3.tar.gz\n  Collecting django-rosetta==0.7.12 (from -r /opt/python/ondeck/app/requirements.txt (line 7))\n    Downloading django-rosetta-0.7.12.tar.gz (1.6MB)\n  Collecting djangorestframework==3.4.1 (from -r /opt/python/ondeck/app/requirements.txt (line 8))\n    Downloading djangorestframework-3.4.1-py2.py3-none-any.whl (705kB)\n  Collecting geopy==1.11.0 (from -r /opt/python/ondeck/app/requirements.txt (line 9))\n    Downloading geopy-1.11.0-py2.py3-none-any.whl (66kB)\n  Collecting microsofttranslator==0.8 (from -r /opt/python/ondeck/app/requirements.txt (line 10))\n    Downloading microsofttranslator-0.8.tar.gz\n  Collecting mysqlclient==1.3.7 (from -r /opt/python/ondeck/app/requirements.txt (line 11))\n    Downloading mysqlclient-1.3.7.tar.gz (79kB)\n  Collecting numpy==1.11.1 (from -r /opt/python/ondeck/app/requirements.txt (line 12))\n    Downloading numpy-1.11.1.zip (4.7MB)\n  Collecting pandas==0.18.1 (from -r /opt/python/ondeck/app/requirements.txt (line 13))\n    Downloading pandas-0.18.1.tar.gz (7.3MB)\n  Collecting polib==1.0.7 (from -r /opt/python/ondeck/app/requirements.txt (line 14))\n    Downloading polib-1.0.7-py2.py3-none-any.whl\n  Collecting psycopg2==2.6.2 (from -r /opt/python/ondeck/app/requirements.txt (line 15))\n    Downloading psycopg2-2.6.2.tar.gz (376kB)\n  Collecting python-dateutil==2.5.3 (from -r /opt/python/ondeck/app/requirements.txt (line 16))\n    Downloading python_dateutil-2.5.3-py2.py3-none-any.whl (201kB)\n  Collecting pytz==2016.6.1 (from -r /opt/python/ondeck/app/requirements.txt (line 17))\n    Downloading pytz-2016.6.1-py2.py3-none-any.whl (481kB)\n  Collecting requests==2.10.0 (from -r /opt/python/ondeck/app/requirements.txt (line 18))\n    Downloading requests-2.10.0-py2.py3-none-any.whl (506kB)\n  Collecting rest-condition==1.0.2 (from -r /opt/python/ondeck/app/requirements.txt (line 19))\n    Downloading rest_condition-1.0.2.tar.gz\n  Collecting rest-pandas==0.4.0 (from -r /opt/python/ondeck/app/requirements.txt (line 20))\n    Downloading rest-pandas-0.4.0.tar.gz\n  Collecting six==1.10.0 (from -r /opt/python/ondeck/app/requirements.txt (line 21))\n    Downloading six-1.10.0-py2.py3-none-any.whl\n  Collecting Werkzeug==0.11.10 (from -r /opt/python/ondeck/app/requirements.txt (line 22))\n    Downloading Werkzeug-0.11.10-py2.py3-none-any.whl (306kB)\n  Installing collected packages: Django, django-autocomplete-light, django-cities, django-cors-headers, six, django-extensions, django-geoposition, requests, polib, microsofttranslator, django-rosetta, djangorestframework, geopy, mysqlclient, numpy, python-dateutil, pytz, pandas, psycopg2, rest-condition, rest-pandas, Werkzeug\n    Running setup.py install for django-autocomplete-light\n    Running setup.py install for django-cities\n    Running setup.py install for django-cors-headers\n    Running setup.py install for django-geoposition\n    Running setup.py install for microsofttranslator\n    Running setup.py install for django-rosetta\n    Running setup.py install for mysqlclient\n    Running setup.py install for numpy\n    Running setup.py install for pandas\n      Complete output from command /opt/python/run/venv/bin/python2.7 -c \"import setuptools, tokenize;__file__='/tmp/pip-build-SkQ7Dl/pandas/setup.py';exec(compile(getattr(tokenize, 'open', open)(__file__).read().replace('\\r\\n', '\\n'), __file__, 'exec'))\" install --record /tmp/pip-FemoqA-record/install-record.txt --single-version-externally-managed --compile --install-headers /opt/python/run/venv/include/site/python2.7/pandas:\n      running install\n      running build\n      running build_py\n      creating build\n      creating build/lib.linux-x86_64-2.7\n      creating build/lib.linux-x86_64-2.7/pandas\n      copying pandas/info.py -> build/lib.linux-x86_64-2.7/pandas\n      copying pandas/__init__.py -> build/lib.linux-x86_64-2.7/pandas\n      copying pandas/_version.py -> build/lib.linux-x86_64-2.7/pandas\n      creating build/lib.linux-x86_64-2.7/pandas/compat\n      copying pandas/compat/__init__.py -> build/lib.linux-x86_64-2.7/pandas/compat\n      copying pandas/compat/openpyxl_compat.py -> build/lib.linux-x86_64-2.7/pandas/compat\n      copying pandas/compat/pickle_compat.py -> build/lib.linux-x86_64-2.7/pandas/compat\n      copying pandas/compat/chainmap.py -> build/lib.linux-x86_64-2.7/pandas/compat\n      copying pandas/compat/chainmap_impl.py -> build/lib.linux-x86_64-2.7/pandas/compat\n      creating build/lib.linux-x86_64-2.7/pandas/compat/numpy\n      copying pandas/compat/numpy/function.py -> build/lib.linux-x86_64-2.7/pandas/compat/numpy\n      copying pandas/compat/numpy/__init__.py -> build/lib.linux-x86_64-2.7/pandas/compat/numpy\n      creating build/lib.linux-x86_64-2.7/pandas/computation\n      copying pandas/computation/eval.py -> build/lib.linux-x86_64-2.7/pandas/computation\n      copying pandas/computation/__init__.py -> build/lib.linux-x86_64-2.7/pandas/computation\n      copying pandas/computation/pytables.py -> build/lib.linux-x86_64-2.7/pandas/computation\n      copying pandas/computation/engines.py -> build/lib.linux-x86_64-2.7/pandas/computation\n      copying pandas/computation/expr.py -> build/lib.linux-x86_64-2.7/pandas/computation\n      copying pandas/computation/api.py -> build/lib.linux-x86_64-2.7/pandas/computation\n      copying pandas/computation/ops.py -> build/lib.linux-x86_64-2.7/pandas/computation\n      copying pandas/computation/align.py -> build/lib.linux-x86_64-2.7/pandas/computation\n      copying pandas/computation/scope.py -> build/lib.linux-x86_64-2.7/pandas/computation\n      copying pandas/computation/expressions.py -> build/lib.linux-x86_64-2.7/pandas/computation\n      copying pandas/computation/common.py -> build/lib.linux-x86_64-2.7/pandas/computation\n      creating build/lib.linux-x86_64-2.7/pandas/computation/tests\n      copying pandas/computation/tests/test_compat.py -> build/lib.linux-x86_64-2.7/pandas/computation/tests\n      copying pandas/computation/tests/__init__.py -> build/lib.linux-x86_64-2.7/pandas/computation/tests\n      copying pandas/computation/tests/test_eval.py -> build/lib.linux-x86_64-2.7/pandas/computation/tests\n      creating build/lib.linux-x86_64-2.7/pandas/core\n      copying pandas/core/base.py -> build/lib.linux-x86_64-2.7/pandas/core\n      copying pandas/core/algorithms.py -> build/lib.linux-x86_64-2.7/pandas/core\n      copying pandas/core/series.py -> build/lib.linux-x86_64-2.7/pandas/core\n      copying pandas/core/__init__.py -> build/lib.linux-x86_64-2.7/pandas/core\n      copying pandas/core/reshape.py -> build/lib.linux-x86_64-2.7/pandas/core\n      copying pandas/core/strings.py -> build/lib.linux-x86_64-2.7/pandas/core\n      copying pandas/core/panel4d.py -> build/lib.linux-x86_64-2.7/pandas/core\n      copying pandas/core/frame.py -> build/lib.linux-x86_64-2.7/pandas/core\n      copying pandas/core/api.py -> build/lib.linux-x86_64-2.7/pandas/core\n      copying pandas/core/convert.py -> build/lib.linux-x86_64-2.7/pandas/core\n      copying pandas/core/missing.py -> build/lib.linux-x86_64-2.7/pandas/core\n      copying pandas/core/categorical.py -> build/lib.linux-x86_64-2.7/pandas/core\n      copying pandas/core/internals.py -> build/lib.linux-x86_64-2.7/pandas/core\n      copying pandas/core/ops.py -> build/lib.linux-x86_64-2.7/pandas/core\n      copying pandas/core/datetools.py -> build/lib.linux-x86_64-2.7/pandas/core\n      copying pandas/core/generic.py -> build/lib.linux-x86_64-2.7/pandas/core\n      copying pandas/core/nanops.py -> build/lib.linux-x86_64-2.7/pandas/core\n      copying pandas/core/groupby.py -> build/lib.linux-x86_64-2.7/pandas/core\n      copying pandas/core/common.py -> build/lib.linux-x86_64-2.7/pandas/core\n      copying pandas/core/config_init.py -> build/lib.linux-x86_64-2.7/pandas/core\n      copying pandas/core/panelnd.py -> build/lib.linux-x86_64-2.7/pandas/core\n      copying pandas/core/panel.py -> build/lib.linux-x86_64-2.7/pandas/core\n      copying pandas/core/index.py -> build/lib.linux-x86_64-2.7/pandas/core\n      copying pandas/core/window.py -> build/lib.linux-x86_64-2.7/pandas/core\n      copying pandas/core/indexing.py -> build/lib.linux-x86_64-2.7/pandas/core\n      copying pandas/core/config.py -> build/lib.linux-x86_64-2.7/pandas/core\n      copying pandas/core/sparse.py -> build/lib.linux-x86_64-2.7/pandas/core\n      creating build/lib.linux-x86_64-2.7/pandas/indexes\n      copying pandas/indexes/base.py -> build/lib.linux-x86_64-2.7/pandas/indexes\n      copying pandas/indexes/__init__.py -> build/lib.linux-x86_64-2.7/pandas/indexes\n      copying pandas/indexes/range.py -> build/lib.linux-x86_64-2.7/pandas/indexes\n      copying pandas/indexes/api.py -> build/lib.linux-x86_64-2.7/pandas/indexes\n      copying pandas/indexes/category.py -> build/lib.linux-x86_64-2.7/pandas/indexes\n      copying pandas/indexes/numeric.py -> build/lib.linux-x86_64-2.7/pandas/indexes\n      copying pandas/indexes/multi.py -> build/lib.linux-x86_64-2.7/pandas/indexes\n      creating build/lib.linux-x86_64-2.7/pandas/io\n      copying pandas/io/date_converters.py -> build/lib.linux-x86_64-2.7/pandas/io\n      copying pandas/io/gbq.py -> build/lib.linux-x86_64-2.7/pandas/io\n      copying pandas/io/ga.py -> build/lib.linux-x86_64-2.7/pandas/io\n      copying pandas/io/clipboard.py -> build/lib.linux-x86_64-2.7/pandas/io\n      copying pandas/io/__init__.py -> build/lib.linux-x86_64-2.7/pandas/io\n      copying pandas/io/pytables.py -> build/lib.linux-x86_64-2.7/pandas/io\n      copying pandas/io/packers.py -> build/lib.linux-x86_64-2.7/pandas/io\n      copying pandas/io/api.py -> build/lib.linux-x86_64-2.7/pandas/io\n      copying pandas/io/wb.py -> build/lib.linux-x86_64-2.7/pandas/io\n      copying pandas/io/json.py -> build/lib.linux-x86_64-2.7/pandas/io\n      copying pandas/io/pickle.py -> build/lib.linux-x86_64-2.7/pandas/io\n      copying pandas/io/html.py -> build/lib.linux-x86_64-2.7/pandas/io\n      copying pandas/io/auth.py -> build/lib.linux-x86_64-2.7/pandas/io\n      copying pandas/io/common.py -> build/lib.linux-x86_64-2.7/pandas/io\n      copying pandas/io/data.py -> build/lib.linux-x86_64-2.7/pandas/io\n      copying pandas/io/sql.py -> build/lib.linux-x86_64-2.7/pandas/io\n      copying pandas/io/stata.py -> build/lib.linux-x86_64-2.7/pandas/io\n      copying pandas/io/parsers.py -> build/lib.linux-x86_64-2.7/pandas/io\n      copying pandas/io/excel.py -> build/lib.linux-x86_64-2.7/pandas/io\n      creating build/lib.linux-x86_64-2.7/pandas/io/sas\n      copying pandas/io/sas/sas7bdat.py -> build/lib.linux-x86_64-2.7/pandas/io/sas\n      copying pandas/io/sas/__init__.py -> build/lib.linux-x86_64-2.7/pandas/io/sas\n      copying pandas/io/sas/sas_xport.py -> build/lib.linux-x86_64-2.7/pandas/io/sas\n      copying pandas/io/sas/sas_constants.py -> build/lib.linux-x86_64-2.7/pandas/io/sas\n      copying pandas/io/sas/sasreader.py -> build/lib.linux-x86_64-2.7/pandas/io/sas\n      creating build/lib.linux-x86_64-2.7/pandas/formats\n      copying pandas/formats/style.py -> build/lib.linux-x86_64-2.7/pandas/formats\n      copying pandas/formats/format.py -> build/lib.linux-x86_64-2.7/pandas/formats\n      copying pandas/formats/__init__.py -> build/lib.linux-x86_64-2.7/pandas/formats\n      copying pandas/formats/printing.py -> build/lib.linux-x86_64-2.7/pandas/formats\n      creating build/lib.linux-x86_64-2.7/pandas/rpy\n      copying pandas/rpy/base.py -> build/lib.linux-x86_64-2.7/pandas/rpy\n      copying pandas/rpy/mass.py -> build/lib.linux-x86_64-2.7/pandas/rpy\n      copying pandas/rpy/__init__.py -> build/lib.linux-x86_64-2.7/pandas/rpy\n      copying pandas/rpy/vars.py -> build/lib.linux-x86_64-2.7/pandas/rpy\n      copying pandas/rpy/common.py -> build/lib.linux-x86_64-2.7/pandas/rpy\n      creating build/lib.linux-x86_64-2.7/pandas/sandbox\n      copying pandas/sandbox/__init__.py -> build/lib.linux-x86_64-2.7/pandas/sandbox\n      copying pandas/sandbox/qtpandas.py -> build/lib.linux-x86_64-2.7/pandas/sandbox\n      creating build/lib.linux-x86_64-2.7/pandas/sparse\n      copying pandas/sparse/array.py -> build/lib.linux-x86_64-2.7/pandas/sparse\n      copying pandas/sparse/series.py -> build/lib.linux-x86_64-2.7/pandas/sparse\n      copying pandas/sparse/__init__.py -> build/lib.linux-x86_64-2.7/pandas/sparse\n      copying pandas/sparse/scipy_sparse.py -> build/lib.linux-x86_64-2.7/pandas/sparse\n      copying pandas/sparse/frame.py -> build/lib.linux-x86_64-2.7/pandas/sparse\n      copying pandas/sparse/list.py -> build/lib.linux-x86_64-2.7/pandas/sparse\n      copying pandas/sparse/api.py -> build/lib.linux-x86_64-2.7/pandas/sparse\n      copying pandas/sparse/panel.py -> build/lib.linux-x86_64-2.7/pandas/sparse\n      creating build/lib.linux-x86_64-2.7/pandas/sparse/tests\n      copying pandas/sparse/tests/test_combine_concat.py -> build/lib.linux-x86_64-2.7/pandas/sparse/tests\n      copying pandas/sparse/tests/test_libsparse.py -> build/lib.linux-x86_64-2.7/pandas/sparse/tests\n      copying pandas/sparse/tests/test_series.py -> build/lib.linux-x86_64-2.7/pandas/sparse/tests\n      copying pandas/sparse/tests/__init__.py -> build/lib.linux-x86_64-2.7/pandas/sparse/tests\n      copying pandas/sparse/tests/test_array.py -> build/lib.linux-x86_64-2.7/pandas/sparse/tests\n      copying pandas/sparse/tests/test_panel.py -> build/lib.linux-x86_64-2.7/pandas/sparse/tests\n      copying pandas/sparse/tests/test_list.py -> build/lib.linux-x86_64-2.7/pandas/sparse/tests\n      copying pandas/sparse/tests/test_indexing.py -> build/lib.linux-x86_64-2.7/pandas/sparse/tests\n      copying pandas/sparse/tests/test_frame.py -> build/lib.linux-x86_64-2.7/pandas/sparse/tests\n      creating build/lib.linux-x86_64-2.7/pandas/stats\n      copying pandas/stats/var.py -> build/lib.linux-x86_64-2.7/pandas/stats\n      copying pandas/stats/__init__.py -> build/lib.linux-x86_64-2.7/pandas/stats\n      copying pandas/stats/ols.py -> build/lib.linux-x86_64-2.7/pandas/stats\n      copying pandas/stats/misc.py -> build/lib.linux-x86_64-2.7/pandas/stats\n      copying pandas/stats/api.py -> build/lib.linux-x86_64-2.7/pandas/stats\n      copying pandas/stats/fama_macbeth.py -> build/lib.linux-x86_64-2.7/pandas/stats\n      copying pandas/stats/moments.py -> build/lib.linux-x86_64-2.7/pandas/stats\n      copying pandas/stats/plm.py -> build/lib.linux-x86_64-2.7/pandas/stats\n      copying pandas/stats/common.py -> build/lib.linux-x86_64-2.7/pandas/stats\n      copying pandas/stats/math.py -> build/lib.linux-x86_64-2.7/pandas/stats\n      copying pandas/stats/interface.py -> build/lib.linux-x86_64-2.7/pandas/stats\n      creating build/lib.linux-x86_64-2.7/pandas/util\n      copying pandas/util/testing.py -> build/lib.linux-x86_64-2.7/pandas/util\n      copying pandas/util/terminal.py -> build/lib.linux-x86_64-2.7/pandas/util\n      copying pandas/util/decorators.py -> build/lib.linux-x86_64-2.7/pandas/util\n      copying pandas/util/print_versions.py -> build/lib.linux-x86_64-2.7/pandas/util\n      copying pandas/util/clipboard.py -> build/lib.linux-x86_64-2.7/pandas/util\n      copying pandas/util/__init__.py -> build/lib.linux-x86_64-2.7/pandas/util\n      copying pandas/util/doctools.py -> build/lib.linux-x86_64-2.7/pandas/util\n      copying pandas/util/nosetester.py -> build/lib.linux-x86_64-2.7/pandas/util\n      copying pandas/util/validators.py -> build/lib.linux-x86_64-2.7/pandas/util\n      creating build/lib.linux-x86_64-2.7/pandas/tests\n      copying pandas/tests/test_generic.py -> build/lib.linux-x86_64-2.7/pandas/tests\n      copying pandas/tests/test_panel4d.py -> build/lib.linux-x86_64-2.7/pandas/tests\n      copying pandas/tests/test_compat.py -> build/lib.linux-x86_64-2.7/pandas/tests\n      copying pandas/tests/test_common.py -> build/lib.linux-x86_64-2.7/pandas/tests\n      copying pandas/tests/test_util.py -> build/lib.linux-x86_64-2.7/pandas/tests\n      copying pandas/tests/__init__.py -> build/lib.linux-x86_64-2.7/pandas/tests\n      copying pandas/tests/test_internals.py -> build/lib.linux-x86_64-2.7/pandas/tests\n      copying pandas/tests/test_panelnd.py -> build/lib.linux-x86_64-2.7/pandas/tests\n      copying pandas/tests/test_multilevel.py -> build/lib.linux-x86_64-2.7/pandas/tests\n      copying pandas/tests/test_lib.py -> build/lib.linux-x86_64-2.7/pandas/tests\n      copying pandas/tests/test_panel.py -> build/lib.linux-x86_64-2.7/pandas/tests\n      copying pandas/tests/test_categorical.py -> build/lib.linux-x86_64-2.7/pandas/tests\n      copying pandas/tests/test_nanops.py -> build/lib.linux-x86_64-2.7/pandas/tests\n      copying pandas/tests/test_stats.py -> build/lib.linux-x86_64-2.7/pandas/tests\n      copying pandas/tests/test_base.py -> build/lib.linux-x86_64-2.7/pandas/tests\n      copying pandas/tests/test_config.py -> build/lib.linux-x86_64-2.7/pandas/tests\n      copying pandas/tests/test_rplot.py -> build/lib.linux-x86_64-2.7/pandas/tests\n      copying pandas/tests/test_expressions.py -> build/lib.linux-x86_64-2.7/pandas/tests\n      copying pandas/tests/test_algos.py -> build/lib.linux-x86_64-2.7/pandas/tests\n      copying pandas/tests/test_tseries.py -> build/lib.linux-x86_64-2.7/pandas/tests\n      copying pandas/tests/test_take.py -> build/lib.linux-x86_64-2.7/pandas/tests\n      copying pandas/tests/test_graphics_others.py -> build/lib.linux-x86_64-2.7/pandas/tests\n      copying pandas/tests/test_reshape.py -> build/lib.linux-x86_64-2.7/pandas/tests\n      copying pandas/tests/test_strings.py -> build/lib.linux-x86_64-2.7/pandas/tests\n      copying pandas/tests/test_graphics.py -> build/lib.linux-x86_64-2.7/pandas/tests\n      copying pandas/tests/test_window.py -> build/lib.linux-x86_64-2.7/pandas/tests\n      copying pandas/tests/test_groupby.py -> build/lib.linux-x86_64-2.7/pandas/tests\n      copying pandas/tests/test_testing.py -> build/lib.linux-x86_64-2.7/pandas/tests\n      creating build/lib.linux-x86_64-2.7/pandas/tests/frame\n      copying pandas/tests/frame/test_query_eval.py -> build/lib.linux-x86_64-2.7/pandas/tests/frame\n      copying pandas/tests/frame/test_combine_concat.py -> build/lib.linux-x86_64-2.7/pandas/tests/frame\n      copying pandas/tests/frame/test_analytics.py -> build/lib.linux-x86_64-2.7/pandas/tests/frame\n      copying pandas/tests/frame/test_misc_api.py -> build/lib.linux-x86_64-2.7/pandas/tests/frame\n      copying pandas/tests/frame/test_operators.py -> build/lib.linux-x86_64-2.7/pandas/tests/frame\n      copying pandas/tests/frame/test_sorting.py -> build/lib.linux-x86_64-2.7/pandas/tests/frame\n      copying pandas/tests/frame/__init__.py -> build/lib.linux-x86_64-2.7/pandas/tests/frame\n      copying pandas/tests/frame/test_apply.py -> build/lib.linux-x86_64-2.7/pandas/tests/frame\n      copying pandas/tests/frame/test_block_internals.py -> build/lib.linux-x86_64-2.7/pandas/tests/frame\n      copying pandas/tests/frame/test_constructors.py -> build/lib.linux-x86_64-2.7/pandas/tests/frame\n      copying pandas/tests/frame/test_quantile.py -> build/lib.linux-x86_64-2.7/pandas/tests/frame\n      copying pandas/tests/frame/test_timeseries.py -> build/lib.linux-x86_64-2.7/pandas/tests/frame\n      copying pandas/tests/frame/test_convert_to.py -> build/lib.linux-x86_64-2.7/pandas/tests/frame\n      copying pandas/tests/frame/test_subclass.py -> build/lib.linux-x86_64-2.7/pandas/tests/frame\n      copying pandas/tests/frame/test_mutate_columns.py -> build/lib.linux-x86_64-2.7/pandas/tests/frame\n      copying pandas/tests/frame/test_replace.py -> build/lib.linux-x86_64-2.7/pandas/tests/frame\n      copying pandas/tests/frame/test_alter_axes.py -> build/lib.linux-x86_64-2.7/pandas/tests/frame\n      copying pandas/tests/frame/test_dtypes.py -> build/lib.linux-x86_64-2.7/pandas/tests/frame\n      copying pandas/tests/frame/test_repr_info.py -> build/lib.linux-x86_64-2.7/pandas/tests/frame\n      copying pandas/tests/frame/test_indexing.py -> build/lib.linux-x86_64-2.7/pandas/tests/frame\n      copying pandas/tests/frame/common.py -> build/lib.linux-x86_64-2.7/pandas/tests/frame\n      copying pandas/tests/frame/test_axis_select_reindex.py -> build/lib.linux-x86_64-2.7/pandas/tests/frame\n      copying pandas/tests/frame/test_reshape.py -> build/lib.linux-x86_64-2.7/pandas/tests/frame\n      copying pandas/tests/frame/test_to_csv.py -> build/lib.linux-x86_64-2.7/pandas/tests/frame\n      copying pandas/tests/frame/test_nonunique_indexes.py -> build/lib.linux-x86_64-2.7/pandas/tests/frame\n      copying pandas/tests/frame/test_missing.py -> build/lib.linux-x86_64-2.7/pandas/tests/frame\n      creating build/lib.linux-x86_64-2.7/pandas/tests/indexes\n      copying pandas/tests/indexes/__init__.py -> build/lib.linux-x86_64-2.7/pandas/tests/indexes\n      copying pandas/tests/indexes/test_range.py -> build/lib.linux-x86_64-2.7/pandas/tests/indexes\n      copying pandas/tests/indexes/test_base.py -> build/lib.linux-x86_64-2.7/pandas/tests/indexes\n      copying pandas/tests/indexes/test_multi.py -> build/lib.linux-x86_64-2.7/pandas/tests/indexes\n      copying pandas/tests/indexes/test_category.py -> build/lib.linux-x86_64-2.7/pandas/tests/indexes\n      copying pandas/tests/indexes/test_datetimelike.py -> build/lib.linux-x86_64-2.7/pandas/tests/indexes\n      copying pandas/tests/indexes/common.py -> build/lib.linux-x86_64-2.7/pandas/tests/indexes\n      copying pandas/tests/indexes/test_numeric.py -> build/lib.linux-x86_64-2.7/pandas/tests/indexes\n      creating build/lib.linux-x86_64-2.7/pandas/tests/series\n      copying pandas/tests/series/test_combine_concat.py -> build/lib.linux-x86_64-2.7/pandas/tests/series\n      copying pandas/tests/series/test_analytics.py -> build/lib.linux-x86_64-2.7/pandas/tests/series\n      copying pandas/tests/series/test_repr.py -> build/lib.linux-x86_64-2.7/pandas/tests/series\n      copying pandas/tests/series/test_misc_api.py -> build/lib.linux-x86_64-2.7/pandas/tests/series\n      copying pandas/tests/series/test_operators.py -> build/lib.linux-x86_64-2.7/pandas/tests/series\n      copying pandas/tests/series/__init__.py -> build/lib.linux-x86_64-2.7/pandas/tests/series\n      copying pandas/tests/series/test_internals.py -> build/lib.linux-x86_64-2.7/pandas/tests/series\n      copying pandas/tests/series/test_apply.py -> build/lib.linux-x86_64-2.7/pandas/tests/series\n      copying pandas/tests/series/test_datetime_values.py -> build/lib.linux-x86_64-2.7/pandas/tests/series\n      copying pandas/tests/series/test_constructors.py -> build/lib.linux-x86_64-2.7/pandas/tests/series\n      copying pandas/tests/series/test_quantile.py -> build/lib.linux-x86_64-2.7/pandas/tests/series\n      copying pandas/tests/series/test_timeseries.py -> build/lib.linux-x86_64-2.7/pandas/tests/series\n      copying pandas/tests/series/test_subclass.py -> build/lib.linux-x86_64-2.7/pandas/tests/series\n      copying pandas/tests/series/test_io.py -> build/lib.linux-x86_64-2.7/pandas/tests/series\n      copying pandas/tests/series/test_replace.py -> build/lib.linux-x86_64-2.7/pandas/tests/series\n      copying pandas/tests/series/test_alter_axes.py -> build/lib.linux-x86_64-2.7/pandas/tests/series\n      copying pandas/tests/series/test_dtypes.py -> build/lib.linux-x86_64-2.7/pandas/tests/series\n      copying pandas/tests/series/test_indexing.py -> build/lib.linux-x86_64-2.7/pandas/tests/series\n      copying pandas/tests/series/common.py -> build/lib.linux-x86_64-2.7/pandas/tests/series\n      copying pandas/tests/series/test_missing.py -> build/lib.linux-x86_64-2.7/pandas/tests/series\n      creating build/lib.linux-x86_64-2.7/pandas/tests/formats\n      copying pandas/tests/formats/__init__.py -> build/lib.linux-x86_64-2.7/pandas/tests/formats\n      copying pandas/tests/formats/test_printing.py -> build/lib.linux-x86_64-2.7/pandas/tests/formats\n      copying pandas/tests/formats/test_style.py -> build/lib.linux-x86_64-2.7/pandas/tests/formats\n      copying pandas/tests/formats/test_format.py -> build/lib.linux-x86_64-2.7/pandas/tests/formats\n      creating build/lib.linux-x86_64-2.7/pandas/tests/types\n      copying pandas/tests/types/test_generic.py -> build/lib.linux-x86_64-2.7/pandas/tests/types\n      copying pandas/tests/types/__init__.py -> build/lib.linux-x86_64-2.7/pandas/tests/types\n      copying pandas/tests/types/test_dtypes.py -> build/lib.linux-x86_64-2.7/pandas/tests/types\n      creating build/lib.linux-x86_64-2.7/pandas/tests/test_msgpack\n      copying pandas/tests/test_msgpack/test_unpack.py -> build/lib.linux-x86_64-2.7/pandas/tests/test_msgpack\n      copying pandas/tests/test_msgpack/test_seq.py -> build/lib.linux-x86_64-2.7/pandas/tests/test_msgpack\n      copying pandas/tests/test_msgpack/__init__.py -> build/lib.linux-x86_64-2.7/pandas/tests/test_msgpack\n      copying pandas/tests/test_msgpack/test_buffer.py -> build/lib.linux-x86_64-2.7/pandas/tests/test_msgpack\n      copying pandas/tests/test_msgpack/test_extension.py -> build/lib.linux-x86_64-2.7/pandas/tests/test_msgpack\n      copying pandas/tests/test_msgpack/test_except.py -> build/lib.linux-x86_64-2.7/pandas/tests/test_msgpack\n      copying pandas/tests/test_msgpack/test_read_size.py -> build/lib.linux-x86_64-2.7/pandas/tests/test_msgpack\n      copying pandas/tests/test_msgpack/test_unpack_raw.py -> build/lib.linux-x86_64-2.7/pandas/tests/test_msgpack\n      copying pandas/tests/test_msgpack/test_pack.py -> build/lib.linux-x86_64-2.7/pandas/tests/test_msgpack\n      copying pandas/tests/test_msgpack/test_limits.py -> build/lib.linux-x86_64-2.7/pandas/tests/test_msgpack\n      copying pandas/tests/test_msgpack/test_sequnpack.py -> build/lib.linux-x86_64-2.7/pandas/tests/test_msgpack\n      copying pandas/tests/test_msgpack/test_newspec.py -> build/lib.linux-x86_64-2.7/pandas/tests/test_msgpack\n      copying pandas/tests/test_msgpack/test_case.py -> build/lib.linux-x86_64-2.7/pandas/tests/test_msgpack\n      copying pandas/tests/test_msgpack/test_format.py -> build/lib.linux-x86_64-2.7/pandas/tests/test_msgpack\n      copying pandas/tests/test_msgpack/test_subtype.py -> build/lib.linux-x86_64-2.7/pandas/tests/test_msgpack\n      copying pandas/tests/test_msgpack/test_obj.py -> build/lib.linux-x86_64-2.7/pandas/tests/test_msgpack\n      creating build/lib.linux-x86_64-2.7/pandas/tools\n      copying pandas/tools/util.py -> build/lib.linux-x86_64-2.7/pandas/tools\n      copying pandas/tools/__init__.py -> build/lib.linux-x86_64-2.7/pandas/tools\n      copying pandas/tools/tile.py -> build/lib.linux-x86_64-2.7/pandas/tools\n      copying pandas/tools/rplot.py -> build/lib.linux-x86_64-2.7/pandas/tools\n      copying pandas/tools/pivot.py -> build/lib.linux-x86_64-2.7/pandas/tools\n      copying pandas/tools/plotting.py -> build/lib.linux-x86_64-2.7/pandas/tools\n      copying pandas/tools/merge.py -> build/lib.linux-x86_64-2.7/pandas/tools\n      creating build/lib.linux-x86_64-2.7/pandas/tools/tests\n      copying pandas/tools/tests/test_util.py -> build/lib.linux-x86_64-2.7/pandas/tools/tests\n      copying pandas/tools/tests/__init__.py -> build/lib.linux-x86_64-2.7/pandas/tools/tests\n      copying pandas/tools/tests/test_pivot.py -> build/lib.linux-x86_64-2.7/pandas/tools/tests\n      copying pandas/tools/tests/test_tile.py -> build/lib.linux-x86_64-2.7/pandas/tools/tests\n      copying pandas/tools/tests/test_merge.py -> build/lib.linux-x86_64-2.7/pandas/tools/tests\n      creating build/lib.linux-x86_64-2.7/pandas/tseries\n      copying pandas/tseries/base.py -> build/lib.linux-x86_64-2.7/pandas/tseries\n      copying pandas/tseries/util.py -> build/lib.linux-x86_64-2.7/pandas/tseries\n      copying pandas/tseries/resample.py -> build/lib.linux-x86_64-2.7/pandas/tseries\n      copying pandas/tseries/period.py -> build/lib.linux-x86_64-2.7/pandas/tseries\n      copying pandas/tseries/converter.py -> build/lib.linux-x86_64-2.7/pandas/tseries\n      copying pandas/tseries/__init__.py -> build/lib.linux-x86_64-2.7/pandas/tseries\n      copying pandas/tseries/frequencies.py -> build/lib.linux-x86_64-2.7/pandas/tseries\n      copying pandas/tseries/offsets.py -> build/lib.linux-x86_64-2.7/pandas/tseries\n      copying pandas/tseries/api.py -> build/lib.linux-x86_64-2.7/pandas/tseries\n      copying pandas/tseries/holiday.py -> build/lib.linux-x86_64-2.7/pandas/tseries\n      copying pandas/tseries/common.py -> build/lib.linux-x86_64-2.7/pandas/tseries\n      copying pandas/tseries/timedeltas.py -> build/lib.linux-x86_64-2.7/pandas/tseries\n      copying pandas/tseries/plotting.py -> build/lib.linux-x86_64-2.7/pandas/tseries\n      copying pandas/tseries/index.py -> build/lib.linux-x86_64-2.7/pandas/tseries\n      copying pandas/tseries/tools.py -> build/lib.linux-x86_64-2.7/pandas/tseries\n      copying pandas/tseries/interval.py -> build/lib.linux-x86_64-2.7/pandas/tseries\n      copying pandas/tseries/tdi.py -> build/lib.linux-x86_64-2.7/pandas/tseries\n      creating build/lib.linux-x86_64-2.7/pandas/tseries/tests\n      copying pandas/tseries/tests/test_daterange.py -> build/lib.linux-x86_64-2.7/pandas/tseries/tests\n      copying pandas/tseries/tests/test_offsets.py -> build/lib.linux-x86_64-2.7/pandas/tseries/tests\n      copying pandas/tseries/tests/test_util.py -> build/lib.linux-x86_64-2.7/pandas/tseries/tests\n      copying pandas/tseries/tests/test_plotting.py -> build/lib.linux-x86_64-2.7/pandas/tseries/tests\n      copying pandas/tseries/tests/test_timezones.py -> build/lib.linux-x86_64-2.7/pandas/tseries/tests\n      copying pandas/tseries/tests/__init__.py -> build/lib.linux-x86_64-2.7/pandas/tseries/tests\n      copying pandas/tseries/tests/test_converter.py -> build/lib.linux-x86_64-2.7/pandas/tseries/tests\n      copying pandas/tseries/tests/test_period.py -> build/lib.linux-x86_64-2.7/pandas/tseries/tests\n      copying pandas/tseries/tests/test_timeseries.py -> build/lib.linux-x86_64-2.7/pandas/tseries/tests\n      copying pandas/tseries/tests/test_resample.py -> build/lib.linux-x86_64-2.7/pandas/tseries/tests\n      copying pandas/tseries/tests/test_base.py -> build/lib.linux-x86_64-2.7/pandas/tseries/tests\n      copying pandas/tseries/tests/test_timedeltas.py -> build/lib.linux-x86_64-2.7/pandas/tseries/tests\n      copying pandas/tseries/tests/test_holiday.py -> build/lib.linux-x86_64-2.7/pandas/tseries/tests\n      copying pandas/tseries/tests/test_frequencies.py -> build/lib.linux-x86_64-2.7/pandas/tseries/tests\n      copying pandas/tseries/tests/test_timeseries_legacy.py -> build/lib.linux-x86_64-2.7/pandas/tseries/tests\n      copying pandas/tseries/tests/test_tslib.py -> build/lib.linux-x86_64-2.7/pandas/tseries/tests\n      creating build/lib.linux-x86_64-2.7/pandas/types\n      copying pandas/types/__init__.py -> build/lib.linux-x86_64-2.7/pandas/types\n      copying pandas/types/api.py -> build/lib.linux-x86_64-2.7/pandas/types\n      copying pandas/types/concat.py -> build/lib.linux-x86_64-2.7/pandas/types\n      copying pandas/types/generic.py -> build/lib.linux-x86_64-2.7/pandas/types\n      copying pandas/types/dtypes.py -> build/lib.linux-x86_64-2.7/pandas/types\n      creating build/lib.linux-x86_64-2.7/pandas/io/tests\n      copying pandas/io/tests/test_common.py -> build/lib.linux-x86_64-2.7/pandas/io/tests\n      copying pandas/io/tests/test_wb.py -> build/lib.linux-x86_64-2.7/pandas/io/tests\n      copying pandas/io/tests/__init__.py -> build/lib.linux-x86_64-2.7/pandas/io/tests\n      copying pandas/io/tests/test_clipboard.py -> build/lib.linux-x86_64-2.7/pandas/io/tests\n      copying pandas/io/tests/test_packers.py -> build/lib.linux-x86_64-2.7/pandas/io/tests\n      copying pandas/io/tests/test_ga.py -> build/lib.linux-x86_64-2.7/pandas/io/tests\n      copying pandas/io/tests/test_sql.py -> build/lib.linux-x86_64-2.7/pandas/io/tests\n      copying pandas/io/tests/test_data.py -> build/lib.linux-x86_64-2.7/pandas/io/tests\n      copying pandas/io/tests/test_html.py -> build/lib.linux-x86_64-2.7/pandas/io/tests\n      copying pandas/io/tests/test_pickle.py -> build/lib.linux-x86_64-2.7/pandas/io/tests\n      copying pandas/io/tests/test_gbq.py -> build/lib.linux-x86_64-2.7/pandas/io/tests\n      copying pandas/io/tests/test_stata.py -> build/lib.linux-x86_64-2.7/pandas/io/tests\n      copying pandas/io/tests/test_excel.py -> build/lib.linux-x86_64-2.7/pandas/io/tests\n      copying pandas/io/tests/test_date_converters.py -> build/lib.linux-x86_64-2.7/pandas/io/tests\n      copying pandas/io/tests/generate_legacy_storage_files.py -> build/lib.linux-x86_64-2.7/pandas/io/tests\n      copying pandas/io/tests/test_pytables.py -> build/lib.linux-x86_64-2.7/pandas/io/tests\n      creating build/lib.linux-x86_64-2.7/pandas/io/tests/json\n      copying pandas/io/tests/json/test_json_norm.py -> build/lib.linux-x86_64-2.7/pandas/io/tests/json\n      copying pandas/io/tests/json/test_ujson.py -> build/lib.linux-x86_64-2.7/pandas/io/tests/json\n      copying pandas/io/tests/json/__init__.py -> build/lib.linux-x86_64-2.7/pandas/io/tests/json\n      copying pandas/io/tests/json/test_pandas.py -> build/lib.linux-x86_64-2.7/pandas/io/tests/json\n      creating build/lib.linux-x86_64-2.7/pandas/io/tests/parser\n      copying pandas/io/tests/parser/usecols.py -> build/lib.linux-x86_64-2.7/pandas/io/tests/parser\n      copying pandas/io/tests/parser/multithread.py -> build/lib.linux-x86_64-2.7/pandas/io/tests/parser\n      copying pandas/io/tests/parser/comment.py -> build/lib.linux-x86_64-2.7/pandas/io/tests/parser\n      copying pandas/io/tests/parser/__init__.py -> build/lib.linux-x86_64-2.7/pandas/io/tests/parser\n      copying pandas/io/tests/parser/c_parser_only.py -> build/lib.linux-x86_64-2.7/pandas/io/tests/parser\n      copying pandas/io/tests/parser/test_read_fwf.py -> build/lib.linux-x86_64-2.7/pandas/io/tests/parser\n      copying pandas/io/tests/parser/parse_dates.py -> build/lib.linux-x86_64-2.7/pandas/io/tests/parser\n      copying pandas/io/tests/parser/test_parsers.py -> build/lib.linux-x86_64-2.7/pandas/io/tests/parser\n      copying pandas/io/tests/parser/compression.py -> build/lib.linux-x86_64-2.7/pandas/io/tests/parser\n      copying pandas/io/tests/parser/converters.py -> build/lib.linux-x86_64-2.7/pandas/io/tests/parser\n      copying pandas/io/tests/parser/test_unsupported.py -> build/lib.linux-x86_64-2.7/pandas/io/tests/parser\n      copying pandas/io/tests/parser/na_values.py -> build/lib.linux-x86_64-2.7/pandas/io/tests/parser\n      copying pandas/io/tests/parser/common.py -> build/lib.linux-x86_64-2.7/pandas/io/tests/parser\n      copying pandas/io/tests/parser/python_parser_only.py -> build/lib.linux-x86_64-2.7/pandas/io/tests/parser\n      copying pandas/io/tests/parser/test_textreader.py -> build/lib.linux-x86_64-2.7/pandas/io/tests/parser\n      copying pandas/io/tests/parser/test_network.py -> build/lib.linux-x86_64-2.7/pandas/io/tests/parser\n      copying pandas/io/tests/parser/header.py -> build/lib.linux-x86_64-2.7/pandas/io/tests/parser\n      copying pandas/io/tests/parser/skiprows.py -> build/lib.linux-x86_64-2.7/pandas/io/tests/parser\n      copying pandas/io/tests/parser/index_col.py -> build/lib.linux-x86_64-2.7/pandas/io/tests/parser\n      package init file 'pandas/io/tests/sas/__init__.py' not found (or not a regular file)\n      creating build/lib.linux-x86_64-2.7/pandas/io/tests/sas\n      copying pandas/io/tests/sas/test_xport.py -> build/lib.linux-x86_64-2.7/pandas/io/tests/sas\n      copying pandas/io/tests/sas/test_sas7bdat.py -> build/lib.linux-x86_64-2.7/pandas/io/tests/sas\n      creating build/lib.linux-x86_64-2.7/pandas/stats/tests\n      copying pandas/stats/tests/__init__.py -> build/lib.linux-x86_64-2.7/pandas/stats/tests\n      copying pandas/stats/tests/test_fama_macbeth.py -> build/lib.linux-x86_64-2.7/pandas/stats/tests\n      copying pandas/stats/tests/test_math.py -> build/lib.linux-x86_64-2.7/pandas/stats/tests\n      copying pandas/stats/tests/test_var.py -> build/lib.linux-x86_64-2.7/pandas/stats/tests\n      copying pandas/stats/tests/test_ols.py -> build/lib.linux-x86_64-2.7/pandas/stats/tests\n      copying pandas/stats/tests/common.py -> build/lib.linux-x86_64-2.7/pandas/stats/tests\n      creating build/lib.linux-x86_64-2.7/pandas/msgpack\n      copying pandas/msgpack/__init__.py -> build/lib.linux-x86_64-2.7/pandas/msgpack\n      copying pandas/msgpack/exceptions.py -> build/lib.linux-x86_64-2.7/pandas/msgpack\n      copying pandas/msgpack/_version.py -> build/lib.linux-x86_64-2.7/pandas/msgpack\n      creating build/lib.linux-x86_64-2.7/pandas/io/tests/data\n      creating build/lib.linux-x86_64-2.7/pandas/io/tests/data/legacy_hdf\n      copying pandas/io/tests/data/legacy_hdf/datetimetz_object.h5 -> build/lib.linux-x86_64-2.7/pandas/io/tests/data/legacy_hdf\n      copying pandas/io/tests/data/legacy_hdf/legacy.h5 -> build/lib.linux-x86_64-2.7/pandas/io/tests/data/legacy_hdf\n      copying pandas/io/tests/data/legacy_hdf/legacy_0.10.h5 -> build/lib.linux-x86_64-2.7/pandas/io/tests/data/legacy_hdf\n      copying pandas/io/tests/data/legacy_hdf/pytables_native2.h5 -> build/lib.linux-x86_64-2.7/pandas/io/tests/data/legacy_hdf\n      copying pandas/io/tests/data/legacy_hdf/pytables_native.h5 -> build/lib.linux-x86_64-2.7/pandas/io/tests/data/legacy_hdf\n      copying pandas/io/tests/data/legacy_hdf/legacy_table_0.11.h5 -> build/lib.linux-x86_64-2.7/pandas/io/tests/data/legacy_hdf\n      copying pandas/io/tests/data/legacy_hdf/legacy_table.h5 -> build/lib.linux-x86_64-2.7/pandas/io/tests/data/legacy_hdf\n      creating build/lib.linux-x86_64-2.7/pandas/io/tests/data/legacy_pickle\n      creating build/lib.linux-x86_64-2.7/pandas/io/tests/data/legacy_pickle/0.16.2\n      copying pandas/io/tests/data/legacy_pickle/0.16.2/0.16.2_x86_64_darwin_2.7.10.pickle -> build/lib.linux-x86_64-2.7/pandas/io/tests/data/legacy_pickle/0.16.2\n      copying pandas/io/tests/data/legacy_pickle/0.16.2/0.16.2_x86_64_linux_3.4.3.pickle -> build/lib.linux-x86_64-2.7/pandas/io/tests/data/legacy_pickle/0.16.2\n      copying pandas/io/tests/data/legacy_pickle/0.16.2/0.16.2_x86_64_darwin_3.4.3.pickle -> build/lib.linux-x86_64-2.7/pandas/io/tests/data/legacy_pickle/0.16.2\n      copying pandas/io/tests/data/legacy_pickle/0.16.2/0.16.2_x86_64_linux_2.7.10.pickle -> build/lib.linux-x86_64-2.7/pandas/io/tests/data/legacy_pickle/0.16.2\n      copying pandas/io/tests/data/legacy_pickle/0.16.2/0.16.2_AMD64_windows_3.4.3.pickle -> build/lib.linux-x86_64-2.7/pandas/io/tests/data/legacy_pickle/0.16.2\n      copying pandas/io/tests/data/legacy_pickle/0.16.2/0.16.2_x86_64_darwin_2.7.9.pickle -> build/lib.linux-x86_64-2.7/pandas/io/tests/data/legacy_pickle/0.16.2\n      copying pandas/io/tests/data/legacy_pickle/0.16.2/0.16.2_AMD64_windows_2.7.10.pickle -> build/lib.linux-x86_64-2.7/pandas/io/tests/data/legacy_pickle/0.16.2\n      creating build/lib.linux-x86_64-2.7/pandas/io/tests/data/legacy_pickle/0.10.1\n      copying pandas/io/tests/data/legacy_pickle/0.10.1/x86_64_linux_2.7.3.pickle -> build/lib.linux-x86_64-2.7/pandas/io/tests/data/legacy_pickle/0.10.1\n      copying pandas/io/tests/data/legacy_pickle/0.10.1/AMD64_windows_2.7.3.pickle -> build/lib.linux-x86_64-2.7/pandas/io/tests/data/legacy_pickle/0.10.1\n      creating build/lib.linux-x86_64-2.7/pandas/io/tests/data/legacy_pickle/0.13.0\n      copying pandas/io/tests/data/legacy_pickle/0.13.0/0.13.0_i686_linux_2.6.5.pickle -> build/lib.linux-x86_64-2.7/pandas/io/tests/data/legacy_pickle/0.13.0\n      copying pandas/io/tests/data/legacy_pickle/0.13.0/0.13.0_x86_64_linux_3.3.0.pickle -> build/lib.linux-x86_64-2.7/pandas/io/tests/data/legacy_pickle/0.13.0\n      copying pandas/io/tests/data/legacy_pickle/0.13.0/0.13.0_x86_64_linux_2.7.8.pickle -> build/lib.linux-x86_64-2.7/pandas/io/tests/data/legacy_pickle/0.13.0\n      copying pandas/io/tests/data/legacy_pickle/0.13.0/0.13.0_i686_linux_3.2.3.pickle -> build/lib.linux-x86_64-2.7/pandas/io/tests/data/legacy_pickle/0.13.0\n      copying pandas/io/tests/data/legacy_pickle/0.13.0/0.13.0_x86_64_darwin_2.7.5.pickle -> build/lib.linux-x86_64-2.7/pandas/io/tests/data/legacy_pickle/0.13.0\n      copying pandas/io/tests/data/legacy_pickle/0.13.0/0.13.0_AMD64_windows_2.7.3.pickle -> build/lib.linux-x86_64-2.7/pandas/io/tests/data/legacy_pickle/0.13.0\n      copying pandas/io/tests/data/legacy_pickle/0.13.0/0.13.0_x86_64_linux_2.7.3.pickle -> build/lib.linux-x86_64-2.7/pandas/io/tests/data/legacy_pickle/0.13.0\n      copying pandas/io/tests/data/legacy_pickle/0.13.0/0.13.0_x86_64_darwin_2.7.6.pickle -> build/lib.linux-x86_64-2.7/pandas/io/tests/data/legacy_pickle/0.13.0\n      copying pandas/io/tests/data/legacy_pickle/0.13.0/0.13.0_i686_linux_2.7.3.pickle -> build/lib.linux-x86_64-2.7/pandas/io/tests/data/legacy_pickle/0.13.0\n      creating build/lib.linux-x86_64-2.7/pandas/io/tests/data/legacy_pickle/0.16.0\n      copying pandas/io/tests/data/legacy_pickle/0.16.0/0.16.0_x86_64_darwin_2.7.9.pickle -> build/lib.linux-x86_64-2.7/pandas/io/tests/data/legacy_pickle/0.16.0\n      creating build/lib.linux-x86_64-2.7/pandas/io/tests/data/legacy_pickle/0.15.0\n      copying pandas/io/tests/data/legacy_pickle/0.15.0/0.15.0_x86_64_linux_2.7.8.pickle -> build/lib.linux-x86_64-2.7/pandas/io/tests/data/legacy_pickle/0.15.0\n      creating build/lib.linux-x86_64-2.7/pandas/io/tests/data/legacy_pickle/0.17.1\n      copying pandas/io/tests/data/legacy_pickle/0.17.1/0.17.1_AMD64_windows_2.7.11.pickle -> build/lib.linux-x86_64-2.7/pandas/io/tests/data/legacy_pickle/0.17.1\n      copying pandas/io/tests/data/legacy_pickle/0.17.1/0.17.1_x86_64_darwin_2.7.11.pickle -> build/lib.linux-x86_64-2.7/pandas/io/tests/data/legacy_pickle/0.17.1\n      creating build/lib.linux-x86_64-2.7/pandas/io/tests/data/legacy_pickle/0.15.2\n      copying pandas/io/tests/data/legacy_pickle/0.15.2/0.15.2_x86_64_darwin_2.7.9.pickle -> build/lib.linux-x86_64-2.7/pandas/io/tests/data/legacy_pickle/0.15.2\n      creating build/lib.linux-x86_64-2.7/pandas/io/tests/data/legacy_pickle/0.12.0\n      copying pandas/io/tests/data/legacy_pickle/0.12.0/0.12.0_x86_64_linux_2.7.3.pickle -> build/lib.linux-x86_64-2.7/pandas/io/tests/data/legacy_pickle/0.12.0\n      copying pandas/io/tests/data/legacy_pickle/0.12.0/0.12.0_AMD64_windows_2.7.3.pickle -> build/lib.linux-x86_64-2.7/pandas/io/tests/data/legacy_pickle/0.12.0\n      creating build/lib.linux-x86_64-2.7/pandas/io/tests/data/legacy_pickle/0.14.0\n      copying pandas/io/tests/data/legacy_pickle/0.14.0/0.14.0_x86_64_linux_2.7.8.pickle -> build/lib.linux-x86_64-2.7/pandas/io/tests/data/legacy_pickle/0.14.0\n      copying pandas/io/tests/data/legacy_pickle/0.14.0/0.14.0_x86_64_darwin_2.7.6.pickle -> build/lib.linux-x86_64-2.7/pandas/io/tests/data/legacy_pickle/0.14.0\n      creating build/lib.linux-x86_64-2.7/pandas/io/tests/data/legacy_pickle/0.18.0\n      copying pandas/io/tests/data/legacy_pickle/0.18.0/0.18.0_x86_64_darwin_3.5.1.pickle -> build/lib.linux-x86_64-2.7/pandas/io/tests/data/legacy_pickle/0.18.0\n      copying pandas/io/tests/data/legacy_pickle/0.18.0/0.18.0_x86_64_darwin_2.7.11.pickle -> build/lib.linux-x86_64-2.7/pandas/io/tests/data/legacy_pickle/0.18.0\n      copying pandas/io/tests/data/legacy_pickle/0.18.0/0.18.0_AMD64_windows_3.5.1.pickle -> build/lib.linux-x86_64-2.7/pandas/io/tests/data/legacy_pickle/0.18.0\n      copying pandas/io/tests/data/legacy_pickle/0.18.0/0.18.0_AMD64_windows_2.7.11.pickle -> build/lib.linux-x86_64-2.7/pandas/io/tests/data/legacy_pickle/0.18.0\n      creating build/lib.linux-x86_64-2.7/pandas/io/tests/data/legacy_pickle/0.14.1\n      copying pandas/io/tests/data/legacy_pickle/0.14.1/0.14.1_x86_64_linux_2.7.8.pickle -> build/lib.linux-x86_64-2.7/pandas/io/tests/data/legacy_pickle/0.14.1\n      creating build/lib.linux-x86_64-2.7/pandas/io/tests/data/legacy_pickle/0.11.0\n      copying pandas/io/tests/data/legacy_pickle/0.11.0/x86_64_linux_2.7.3.pickle -> build/lib.linux-x86_64-2.7/pandas/io/tests/data/legacy_pickle/0.11.0\n      copying pandas/io/tests/data/legacy_pickle/0.11.0/0.11.0_x86_64_linux_3.3.0.pickle -> build/lib.linux-x86_64-2.7/pandas/io/tests/data/legacy_pickle/0.11.0\n      copying pandas/io/tests/data/legacy_pickle/0.11.0/x86_64_linux_3.3.0.pickle -> build/lib.linux-x86_64-2.7/pandas/io/tests/data/legacy_pickle/0.11.0\n      creating build/lib.linux-x86_64-2.7/pandas/io/tests/data/legacy_msgpack\n      creating build/lib.linux-x86_64-2.7/pandas/io/tests/data/legacy_msgpack/0.16.2\n      copying pandas/io/tests/data/legacy_msgpack/0.16.2/0.16.2_x86_64_darwin_2.7.10.msgpack -> build/lib.linux-x86_64-2.7/pandas/io/tests/data/legacy_msgpack/0.16.2\n      copying pandas/io/tests/data/legacy_msgpack/0.16.2/0.16.2_x86_64_linux_2.7.10.msgpack -> build/lib.linux-x86_64-2.7/pandas/io/tests/data/legacy_msgpack/0.16.2\n      copying pandas/io/tests/data/legacy_msgpack/0.16.2/0.16.2_x86_64_linux_3.4.3.msgpack -> build/lib.linux-x86_64-2.7/pandas/io/tests/data/legacy_msgpack/0.16.2\n      copying pandas/io/tests/data/legacy_msgpack/0.16.2/0.16.2_AMD64_windows_2.7.10.msgpack -> build/lib.linux-x86_64-2.7/pandas/io/tests/data/legacy_msgpack/0.16.2\n      copying pandas/io/tests/data/legacy_msgpack/0.16.2/0.16.2_AMD64_windows_3.4.3.msgpack -> build/lib.linux-x86_64-2.7/pandas/io/tests/data/legacy_msgpack/0.16.2\n      copying pandas/io/tests/data/legacy_msgpack/0.16.2/0.16.2_x86_64_darwin_3.4.3.msgpack -> build/lib.linux-x86_64-2.7/pandas/io/tests/data/legacy_msgpack/0.16.2\n      copying pandas/io/tests/data/legacy_msgpack/0.16.2/0.16.2_x86_64_darwin_2.7.9.msgpack -> build/lib.linux-x86_64-2.7/pandas/io/tests/data/legacy_msgpack/0.16.2\n      creating build/lib.linux-x86_64-2.7/pandas/io/tests/data/legacy_msgpack/0.16.0\n      copying pandas/io/tests/data/legacy_msgpack/0.16.0/0.16.0_x86_64_darwin_2.7.9.msgpack -> build/lib.linux-x86_64-2.7/pandas/io/tests/data/legacy_msgpack/0.16.0\n      creating build/lib.linux-x86_64-2.7/pandas/io/tests/data/legacy_msgpack/0.17.1\n      copying pandas/io/tests/data/legacy_msgpack/0.17.1/0.17.1_AMD64_windows_2.7.11.msgpack -> build/lib.linux-x86_64-2.7/pandas/io/tests/data/legacy_msgpack/0.17.1\n      copying pandas/io/tests/data/legacy_msgpack/0.17.1/0.17.1_x86_64_linux_2.7.11.msgpack -> build/lib.linux-x86_64-2.7/pandas/io/tests/data/legacy_msgpack/0.17.1\n      copying pandas/io/tests/data/legacy_msgpack/0.17.1/0.17.1_x86_64_linux_3.4.4.msgpack -> build/lib.linux-x86_64-2.7/pandas/io/tests/data/legacy_msgpack/0.17.1\n      copying pandas/io/tests/data/legacy_msgpack/0.17.1/0.17.1_AMD64_windows_3.5.1.msgpack -> build/lib.linux-x86_64-2.7/pandas/io/tests/data/legacy_msgpack/0.17.1\n      copying pandas/io/tests/data/legacy_msgpack/0.17.1/0.17.1_x86_64_darwin_3.5.1.msgpack -> build/lib.linux-x86_64-2.7/pandas/io/tests/data/legacy_msgpack/0.17.1\n      copying pandas/io/tests/data/legacy_msgpack/0.17.1/0.17.1_x86_64_darwin_2.7.11.msgpack -> build/lib.linux-x86_64-2.7/pandas/io/tests/data/legacy_msgpack/0.17.1\n      creating build/lib.linux-x86_64-2.7/pandas/io/tests/data/legacy_msgpack/0.18.0\n      copying pandas/io/tests/data/legacy_msgpack/0.18.0/0.18.0_AMD64_windows_2.7.11.msgpack -> build/lib.linux-x86_64-2.7/pandas/io/tests/data/legacy_msgpack/0.18.0\n      copying pandas/io/tests/data/legacy_msgpack/0.18.0/0.18.0_x86_64_darwin_2.7.11.msgpack -> build/lib.linux-x86_64-2.7/pandas/io/tests/data/legacy_msgpack/0.18.0\n      copying pandas/io/tests/data/legacy_msgpack/0.18.0/0.18.0_AMD64_windows_3.5.1.msgpack -> build/lib.linux-x86_64-2.7/pandas/io/tests/data/legacy_msgpack/0.18.0\n      copying pandas/io/tests/data/legacy_msgpack/0.18.0/0.18.0_x86_64_darwin_3.5.1.msgpack -> build/lib.linux-x86_64-2.7/pandas/io/tests/data/legacy_msgpack/0.18.0\n      copying pandas/io/tests/data/stata3.csv -> build/lib.linux-x86_64-2.7/pandas/io/tests/data\n      copying pandas/io/tests/data/stata5.csv -> build/lib.linux-x86_64-2.7/pandas/io/tests/data\n      copying pandas/io/tests/data/iris.csv -> build/lib.linux-x86_64-2.7/pandas/io/tests/data\n      copying pandas/io/tests/data/tips.csv -> build/lib.linux-x86_64-2.7/pandas/io/tests/data\n      copying pandas/io/tests/data/banklist.csv -> build/lib.linux-x86_64-2.7/pandas/io/tests/data\n      copying pandas/io/tests/data/test1.csv -> build/lib.linux-x86_64-2.7/pandas/io/tests/data\n      copying pandas/io/tests/data/stata6.csv -> build/lib.linux-x86_64-2.7/pandas/io/tests/data\n      copying pandas/io/tests/data/stata7_115.dta -> build/lib.linux-x86_64-2.7/pandas/io/tests/data\n      copying pandas/io/tests/data/stata2_117.dta -> build/lib.linux-x86_64-2.7/pandas/io/tests/data\n      copying pandas/io/tests/data/stata8_117.dta -> build/lib.linux-x86_64-2.7/pandas/io/tests/data\n      copying pandas/io/tests/data/stata12_117.dta -> build/lib.linux-x86_64-2.7/pandas/io/tests/data\n      copying pandas/io/tests/data/stata11_115.dta -> build/lib.linux-x86_64-2.7/pandas/io/tests/data\n      copying pandas/io/tests/data/stata2_113.dta -> build/lib.linux-x86_64-2.7/pandas/io/tests/data\n      copying pandas/io/tests/data/stata10_117.dta -> build/lib.linux-x86_64-2.7/pandas/io/tests/data\n      copying pandas/io/tests/data/stata6_115.dta -> build/lib.linux-x86_64-2.7/pandas/io/tests/data\n      copying pandas/io/tests/data/stata4_114.dta -> build/lib.linux-x86_64-2.7/pandas/io/tests/data\n      copying pandas/io/tests/data/stata5_113.dta -> build/lib.linux-x86_64-2.7/pandas/io/tests/data\n      copying pandas/io/tests/data/stata5_115.dta -> build/lib.linux-x86_64-2.7/pandas/io/tests/data\n      copying pandas/io/tests/data/stata5_117.dta -> build/lib.linux-x86_64-2.7/pandas/io/tests/data\n      copying pandas/io/tests/data/stata10_115.dta -> build/lib.linux-x86_64-2.7/pandas/io/tests/data\n      copying pandas/io/tests/data/stata1_117.dta -> build/lib.linux-x86_64-2.7/pandas/io/tests/data\n      copying pandas/io/tests/data/stata3_115.dta -> build/lib.linux-x86_64-2.7/pandas/io/tests/data\n      copying pandas/io/tests/data/stata4_117.dta -> build/lib.linux-x86_64-2.7/pandas/io/tests/data\n      copying pandas/io/tests/data/stata8_115.dta -> build/lib.linux-x86_64-2.7/pandas/io/tests/data\n      copying pandas/io/tests/data/stata3_117.dta -> build/lib.linux-x86_64-2.7/pandas/io/tests/data\n      copying pandas/io/tests/data/stata9_117.dta -> build/lib.linux-x86_64-2.7/pandas/io/tests/data\n      copying pandas/io/tests/data/stata2_115.dta -> build/lib.linux-x86_64-2.7/pandas/io/tests/data\n      copying pandas/io/tests/data/stata11_117.dta -> build/lib.linux-x86_64-2.7/pandas/io/tests/data\n      copying pandas/io/tests/data/stata4_113.dta -> build/lib.linux-x86_64-2.7/pandas/io/tests/data\n      copying pandas/io/tests/data/stata9_115.dta -> build/lib.linux-x86_64-2.7/pandas/io/tests/data\n      copying pandas/io/tests/data/stata3_114.dta -> build/lib.linux-x86_64-2.7/pandas/io/tests/data\n      copying pandas/io/tests/data/stata8_113.dta -> build/lib.linux-x86_64-2.7/pandas/io/tests/data\n      copying pandas/io/tests/data/stata7_117.dta -> build/lib.linux-x86_64-2.7/pandas/io/tests/data\n      copying pandas/io/tests/data/stata5_114.dta -> build/lib.linux-x86_64-2.7/pandas/io/tests/data\n      copying pandas/io/tests/data/stata4_115.dta -> build/lib.linux-x86_64-2.7/pandas/io/tests/data\n      copying pandas/io/tests/data/stata6_117.dta -> build/lib.linux-x86_64-2.7/pandas/io/tests/data\n      copying pandas/io/tests/data/stata6_113.dta -> build/lib.linux-x86_64-2.7/pandas/io/tests/data\n      copying pandas/io/tests/data/stata1_114.dta -> build/lib.linux-x86_64-2.7/pandas/io/tests/data\n      copying pandas/io/tests/data/stata14_118.dta -> build/lib.linux-x86_64-2.7/pandas/io/tests/data\n      copying pandas/io/tests/data/stata1_encoding.dta -> build/lib.linux-x86_64-2.7/pandas/io/tests/data\n      copying pandas/io/tests/data/stata6_114.dta -> build/lib.linux-x86_64-2.7/pandas/io/tests/data\n      copying pandas/io/tests/data/S4_EDUC1.dta -> build/lib.linux-x86_64-2.7/pandas/io/tests/data\n      copying pandas/io/tests/data/stata2_114.dta -> build/lib.linux-x86_64-2.7/pandas/io/tests/data\n      copying pandas/io/tests/data/stata3_113.dta -> build/lib.linux-x86_64-2.7/pandas/io/tests/data\n      copying pandas/io/tests/data/gbq_fake_job.txt -> build/lib.linux-x86_64-2.7/pandas/io/tests/data\n      copying pandas/io/tests/data/test_converters.xls -> build/lib.linux-x86_64-2.7/pandas/io/tests/data\n      copying pandas/io/tests/data/times_1900.xls -> build/lib.linux-x86_64-2.7/pandas/io/tests/data\n      copying pandas/io/tests/data/times_1904.xls -> build/lib.linux-x86_64-2.7/pandas/io/tests/data\n      copying pandas/io/tests/data/test2.xls -> build/lib.linux-x86_64-2.7/pandas/io/tests/data\n      copying pandas/io/tests/data/blank_with_header.xls -> build/lib.linux-x86_64-2.7/pandas/io/tests/data\n      copying pandas/io/tests/data/testmultiindex.xls -> build/lib.linux-x86_64-2.7/pandas/io/tests/data\n      copying pandas/io/tests/data/testskiprows.xls -> build/lib.linux-x86_64-2.7/pandas/io/tests/data\n      copying pandas/io/tests/data/test_types.xls -> build/lib.linux-x86_64-2.7/pandas/io/tests/data\n      copying pandas/io/tests/data/test_squeeze.xls -> build/lib.linux-x86_64-2.7/pandas/io/tests/data\n      copying pandas/io/tests/data/test4.xls -> build/lib.linux-x86_64-2.7/pandas/io/tests/data\n      copying pandas/io/tests/data/test1.xls -> build/lib.linux-x86_64-2.7/pandas/io/tests/data\n      copying pandas/io/tests/data/test_index_name_pre17.xls -> build/lib.linux-x86_64-2.7/pandas/io/tests/data\n      copying pandas/io/tests/data/test3.xls -> build/lib.linux-x86_64-2.7/pandas/io/tests/data\n      copying pandas/io/tests/data/test_multisheet.xls -> build/lib.linux-x86_64-2.7/pandas/io/tests/data\n      copying pandas/io/tests/data/blank.xls -> build/lib.linux-x86_64-2.7/pandas/io/tests/data\n      copying pandas/io/tests/data/test_index_name_pre17.xlsx -> build/lib.linux-x86_64-2.7/pandas/io/tests/data\n      copying pandas/io/tests/data/blank.xlsx -> build/lib.linux-x86_64-2.7/pandas/io/tests/data\n      copying pandas/io/tests/data/test_multisheet.xlsx -> build/lib.linux-x86_64-2.7/pandas/io/tests/data\n      copying pandas/io/tests/data/test2.xlsx -> build/lib.linux-x86_64-2.7/pandas/io/tests/data\n      copying pandas/io/tests/data/test_converters.xlsx -> build/lib.linux-x86_64-2.7/pandas/io/tests/data\n      copying pandas/io/tests/data/test_squeeze.xlsx -> build/lib.linux-x86_64-2.7/pandas/io/tests/data\n      copying pandas/io/tests/data/test4.xlsx -> build/lib.linux-x86_64-2.7/pandas/io/tests/data\n      copying pandas/io/tests/data/testmultiindex.xlsx -> build/lib.linux-x86_64-2.7/pandas/io/tests/data\n      copying pandas/io/tests/data/times_1904.xlsx -> build/lib.linux-x86_64-2.7/pandas/io/tests/data\n      copying pandas/io/tests/data/testskiprows.xlsx -> build/lib.linux-x86_64-2.7/pandas/io/tests/data\n      copying pandas/io/tests/data/times_1900.xlsx -> build/lib.linux-x86_64-2.7/pandas/io/tests/data\n      copying pandas/io/tests/data/test_types.xlsx -> build/lib.linux-x86_64-2.7/pandas/io/tests/data\n      copying pandas/io/tests/data/test3.xlsx -> build/lib.linux-x86_64-2.7/pandas/io/tests/data\n      copying pandas/io/tests/data/test1.xlsx -> build/lib.linux-x86_64-2.7/pandas/io/tests/data\n      copying pandas/io/tests/data/blank_with_header.xlsx -> build/lib.linux-x86_64-2.7/pandas/io/tests/data\n      copying pandas/io/tests/data/test_index_name_pre17.xlsm -> build/lib.linux-x86_64-2.7/pandas/io/tests/data\n      copying pandas/io/tests/data/blank.xlsm -> build/lib.linux-x86_64-2.7/pandas/io/tests/data\n      copying pandas/io/tests/data/times_1904.xlsm -> build/lib.linux-x86_64-2.7/pandas/io/tests/data\n      copying pandas/io/tests/data/test3.xlsm -> build/lib.linux-x86_64-2.7/pandas/io/tests/data\n      copying pandas/io/tests/data/test_types.xlsm -> build/lib.linux-x86_64-2.7/pandas/io/tests/data\n      copying pandas/io/tests/data/test1.xlsm -> build/lib.linux-x86_64-2.7/pandas/io/tests/data\n      copying pandas/io/tests/data/test4.xlsm -> build/lib.linux-x86_64-2.7/pandas/io/tests/data\n      copying pandas/io/tests/data/test_multisheet.xlsm -> build/lib.linux-x86_64-2.7/pandas/io/tests/data\n      copying pandas/io/tests/data/blank_with_header.xlsm -> build/lib.linux-x86_64-2.7/pandas/io/tests/data\n      copying pandas/io/tests/data/test_converters.xlsm -> build/lib.linux-x86_64-2.7/pandas/io/tests/data\n      copying pandas/io/tests/data/test2.xlsm -> build/lib.linux-x86_64-2.7/pandas/io/tests/data\n      copying pandas/io/tests/data/times_1900.xlsm -> build/lib.linux-x86_64-2.7/pandas/io/tests/data\n      copying pandas/io/tests/data/testskiprows.xlsm -> build/lib.linux-x86_64-2.7/pandas/io/tests/data\n      copying pandas/io/tests/data/testmultiindex.xlsm -> build/lib.linux-x86_64-2.7/pandas/io/tests/data\n      copying pandas/io/tests/data/test_squeeze.xlsm -> build/lib.linux-x86_64-2.7/pandas/io/tests/data\n      creating build/lib.linux-x86_64-2.7/pandas/io/tests/parser/data\n      copying pandas/io/tests/parser/data/salary.table.csv -> build/lib.linux-x86_64-2.7/pandas/io/tests/parser/data\n      copying pandas/io/tests/parser/data/iris.csv -> build/lib.linux-x86_64-2.7/pandas/io/tests/parser/data\n      copying pandas/io/tests/parser/data/unicode_series.csv -> build/lib.linux-x86_64-2.7/pandas/io/tests/parser/data\n      copying pandas/io/tests/parser/data/tips.csv -> build/lib.linux-x86_64-2.7/pandas/io/tests/parser/data\n      copying pandas/io/tests/parser/data/test1.csv -> build/lib.linux-x86_64-2.7/pandas/io/tests/parser/data\n      copying pandas/io/tests/parser/data/test2.csv -> build/lib.linux-x86_64-2.7/pandas/io/tests/parser/data\n      copying pandas/io/tests/parser/data/salary.table.gz -> build/lib.linux-x86_64-2.7/pandas/io/tests/parser/data\n      copying pandas/io/tests/parser/data/test1.csv.gz -> build/lib.linux-x86_64-2.7/pandas/io/tests/parser/data\n      copying pandas/io/tests/parser/data/test1.csv.bz2 -> build/lib.linux-x86_64-2.7/pandas/io/tests/parser/data\n      copying pandas/io/tests/parser/data/utf16_ex.txt -> build/lib.linux-x86_64-2.7/pandas/io/tests/parser/data\n      creating build/lib.linux-x86_64-2.7/pandas/io/tests/sas/data\n      copying pandas/io/tests/sas/data/productsales.csv -> build/lib.linux-x86_64-2.7/pandas/io/tests/sas/data\n      copying pandas/io/tests/sas/data/test_12659.csv -> build/lib.linux-x86_64-2.7/pandas/io/tests/sas/data\n      copying pandas/io/tests/sas/data/SSHSV1_A.csv -> build/lib.linux-x86_64-2.7/pandas/io/tests/sas/data\n      copying pandas/io/tests/sas/data/DEMO_G.csv -> build/lib.linux-x86_64-2.7/pandas/io/tests/sas/data\n      copying pandas/io/tests/sas/data/airline.csv -> build/lib.linux-x86_64-2.7/pandas/io/tests/sas/data\n      copying pandas/io/tests/sas/data/test_sas7bdat_1.csv -> build/lib.linux-x86_64-2.7/pandas/io/tests/sas/data\n      copying pandas/io/tests/sas/data/DRXFCD_G.csv -> build/lib.linux-x86_64-2.7/pandas/io/tests/sas/data\n      copying pandas/io/tests/sas/data/paxraw_d_short.csv -> build/lib.linux-x86_64-2.7/pandas/io/tests/sas/data\n      copying pandas/io/tests/sas/data/test_sas7bdat_2.csv -> build/lib.linux-x86_64-2.7/pandas/io/tests/sas/data\n      copying pandas/io/tests/sas/data/SSHSV1_A.xpt -> build/lib.linux-x86_64-2.7/pandas/io/tests/sas/data\n      copying pandas/io/tests/sas/data/DRXFCD_G.xpt -> build/lib.linux-x86_64-2.7/pandas/io/tests/sas/data\n      copying pandas/io/tests/sas/data/paxraw_d_short.xpt -> build/lib.linux-x86_64-2.7/pandas/io/tests/sas/data\n      copying pandas/io/tests/sas/data/DEMO_G.xpt -> build/lib.linux-x86_64-2.7/pandas/io/tests/sas/data\n      copying pandas/io/tests/sas/data/test2.sas7bdat -> build/lib.linux-x86_64-2.7/pandas/io/tests/sas/data\n      copying pandas/io/tests/sas/data/test1.sas7bdat -> build/lib.linux-x86_64-2.7/pandas/io/tests/sas/data\n      copying pandas/io/tests/sas/data/test5.sas7bdat -> build/lib.linux-x86_64-2.7/pandas/io/tests/sas/data\n      copying pandas/io/tests/sas/data/test10.sas7bdat -> build/lib.linux-x86_64-2.7/pandas/io/tests/sas/data\n      copying pandas/io/tests/sas/data/test11.sas7bdat -> build/lib.linux-x86_64-2.7/pandas/io/tests/sas/data\n      copying pandas/io/tests/sas/data/test3.sas7bdat -> build/lib.linux-x86_64-2.7/pandas/io/tests/sas/data\n      copying pandas/io/tests/sas/data/test16.sas7bdat -> build/lib.linux-x86_64-2.7/pandas/io/tests/sas/data\n      copying pandas/io/tests/sas/data/airline.sas7bdat -> build/lib.linux-x86_64-2.7/pandas/io/tests/sas/data\n      copying pandas/io/tests/sas/data/test14.sas7bdat -> build/lib.linux-x86_64-2.7/pandas/io/tests/sas/data\n      copying pandas/io/tests/sas/data/test8.sas7bdat -> build/lib.linux-x86_64-2.7/pandas/io/tests/sas/data\n      copying pandas/io/tests/sas/data/test13.sas7bdat -> build/lib.linux-x86_64-2.7/pandas/io/tests/sas/data\n      copying pandas/io/tests/sas/data/test6.sas7bdat -> build/lib.linux-x86_64-2.7/pandas/io/tests/sas/data\n      copying pandas/io/tests/sas/data/test12.sas7bdat -> build/lib.linux-x86_64-2.7/pandas/io/tests/sas/data\n      copying pandas/io/tests/sas/data/productsales.sas7bdat -> build/lib.linux-x86_64-2.7/pandas/io/tests/sas/data\n      copying pandas/io/tests/sas/data/test_12659.sas7bdat -> build/lib.linux-x86_64-2.7/pandas/io/tests/sas/data\n      copying pandas/io/tests/sas/data/test4.sas7bdat -> build/lib.linux-x86_64-2.7/pandas/io/tests/sas/data\n      copying pandas/io/tests/sas/data/test7.sas7bdat -> build/lib.linux-x86_64-2.7/pandas/io/tests/sas/data\n      copying pandas/io/tests/sas/data/test15.sas7bdat -> build/lib.linux-x86_64-2.7/pandas/io/tests/sas/data\n      copying pandas/io/tests/sas/data/test9.sas7bdat -> build/lib.linux-x86_64-2.7/pandas/io/tests/sas/data\n      copying pandas/io/tests/data/nyse_wsj.html -> build/lib.linux-x86_64-2.7/pandas/io/tests/data\n      copying pandas/io/tests/data/valid_markup.html -> build/lib.linux-x86_64-2.7/pandas/io/tests/data\n      copying pandas/io/tests/data/banklist.html -> build/lib.linux-x86_64-2.7/pandas/io/tests/data\n      copying pandas/io/tests/data/yahoo_options1.html -> build/lib.linux-x86_64-2.7/pandas/io/tests/data\n      copying pandas/io/tests/data/spam.html -> build/lib.linux-x86_64-2.7/pandas/io/tests/data\n      copying pandas/io/tests/data/wikipedia_states.html -> build/lib.linux-x86_64-2.7/pandas/io/tests/data\n      copying pandas/io/tests/data/yahoo_options2.html -> build/lib.linux-x86_64-2.7/pandas/io/tests/data\n      copying pandas/io/tests/data/computer_sales_page.html -> build/lib.linux-x86_64-2.7/pandas/io/tests/data\n      copying pandas/io/tests/data/yahoo_options3.html -> build/lib.linux-x86_64-2.7/pandas/io/tests/data\n      copying pandas/io/tests/data/macau.html -> build/lib.linux-x86_64-2.7/pandas/io/tests/data\n      creating build/lib.linux-x86_64-2.7/pandas/io/tests/data/html_encoding\n      copying pandas/io/tests/data/html_encoding/chinese_utf-16.html -> build/lib.linux-x86_64-2.7/pandas/io/tests/data/html_encoding\n      copying pandas/io/tests/data/html_encoding/chinese_utf-8.html -> build/lib.linux-x86_64-2.7/pandas/io/tests/data/html_encoding\n      copying pandas/io/tests/data/html_encoding/chinese_utf-32.html -> build/lib.linux-x86_64-2.7/pandas/io/tests/data/html_encoding\n      copying pandas/io/tests/data/html_encoding/letz_latin1.html -> build/lib.linux-x86_64-2.7/pandas/io/tests/data/html_encoding\n      creating build/lib.linux-x86_64-2.7/pandas/io/tests/json/data\n      copying pandas/io/tests/json/data/tsframe_iso_v012.json -> build/lib.linux-x86_64-2.7/pandas/io/tests/json/data\n      copying pandas/io/tests/json/data/tsframe_v012.json -> build/lib.linux-x86_64-2.7/pandas/io/tests/json/data\n      creating build/lib.linux-x86_64-2.7/pandas/tests/data\n      copying pandas/tests/data/categorical_0_14_1.pickle -> build/lib.linux-x86_64-2.7/pandas/tests/data\n      copying pandas/tests/data/categorical_0_15_2.pickle -> build/lib.linux-x86_64-2.7/pandas/tests/data\n      copying pandas/tests/data/iris.csv -> build/lib.linux-x86_64-2.7/pandas/tests/data\n      copying pandas/tests/data/tips.csv -> build/lib.linux-x86_64-2.7/pandas/tests/data\n      creating build/lib.linux-x86_64-2.7/pandas/tests/indexes/data\n      copying pandas/tests/indexes/data/s2-0.12.0.pickle -> build/lib.linux-x86_64-2.7/pandas/tests/indexes/data\n      copying pandas/tests/indexes/data/mindex_073.pickle -> build/lib.linux-x86_64-2.7/pandas/tests/indexes/data\n      copying pandas/tests/indexes/data/multiindex_v1.pickle -> build/lib.linux-x86_64-2.7/pandas/tests/indexes/data\n      copying pandas/tests/indexes/data/s1-0.12.0.pickle -> build/lib.linux-x86_64-2.7/pandas/tests/indexes/data\n      creating build/lib.linux-x86_64-2.7/pandas/tests/formats/data\n      copying pandas/tests/formats/data/unicode_series.csv -> build/lib.linux-x86_64-2.7/pandas/tests/formats/data\n      copying pandas/tools/tests/cut_data.csv -> build/lib.linux-x86_64-2.7/pandas/tools/tests\n      creating build/lib.linux-x86_64-2.7/pandas/tseries/tests/data\n      copying pandas/tseries/tests/data/series_daterange0.pickle -> build/lib.linux-x86_64-2.7/pandas/tseries/tests/data\n      copying pandas/tseries/tests/data/frame.pickle -> build/lib.linux-x86_64-2.7/pandas/tseries/tests/data\n      copying pandas/tseries/tests/data/series.pickle -> build/lib.linux-x86_64-2.7/pandas/tseries/tests/data\n      copying pandas/tseries/tests/data/dateoffset_0_15_2.pickle -> build/lib.linux-x86_64-2.7/pandas/tseries/tests/data\n      copying pandas/tseries/tests/data/cday-0.14.1.pickle -> build/lib.linux-x86_64-2.7/pandas/tseries/tests/data\n      copying pandas/tseries/tests/data/daterange_073.pickle -> build/lib.linux-x86_64-2.7/pandas/tseries/tests/data\n      package init file 'pandas/io/tests/sas/__init__.py' not found (or not a regular file)\n      UPDATING build/lib.linux-x86_64-2.7/pandas/_version.py\n      set build/lib.linux-x86_64-2.7/pandas/_version.py to '0.18.1'\n      running build_ext\n      building 'pandas.index' extension\n      creating build/temp.linux-x86_64-2.7\n      creating build/temp.linux-x86_64-2.7/pandas\n      creating build/temp.linux-x86_64-2.7/pandas/src\n      creating build/temp.linux-x86_64-2.7/pandas/src/datetime\n      gcc -pthread -fno-strict-aliasing -O2 -g -pipe -Wall -Wp,-D_FORTIFY_SOURCE=2 -fexceptions -fstack-protector --param=ssp-buffer-size=4 -m64 -mtune=generic -D_GNU_SOURCE -fPIC -fwrapv -DNDEBUG -O2 -g -pipe -Wall -Wp,-D_FORTIFY_SOURCE=2 -fexceptions -fstack-protector --param=ssp-buffer-size=4 -m64 -mtune=generic -D_GNU_SOURCE -fPIC -fwrapv -fPIC -Ipandas/src/klib -Ipandas/src -I/opt/python/run/venv/local/lib64/python2.7/site-packages/numpy/core/include -I/usr/include/python2.7 -c pandas/index.c -o build/temp.linux-x86_64-2.7/pandas/index.o -Wno-unused-function\n      In file included from /opt/python/run/venv/local/lib64/python2.7/site-packages/numpy/core/include/numpy/ndarraytypes.h:1777,\n                       from /opt/python/run/venv/local/lib64/python2.7/site-packages/numpy/core/include/numpy/ndarrayobject.h:18,\n                       from /opt/python/run/venv/local/lib64/python2.7/site-packages/numpy/core/include/numpy/arrayobject.h:4,\n                       from pandas/index.c:266:\n      /opt/python/run/venv/local/lib64/python2.7/site-packages/numpy/core/include/numpy/npy_1_7_deprecated_api.h:15:2: warning: #warning \"Using deprecated NumPy API, disable it by \" \"#defining NPY_NO_DEPRECATED_API NPY_1_7_API_VERSION\"\n      pandas/index.c: In function __pyx_f_6pandas_5index_11IndexEngine__maybe_get_bool_indexer:\n      pandas/index.c:4431: warning: __pyx_v_last_true may be used uninitialized in this function\n      pandas/index.c: In function __pyx_f_6pandas_5index_13Float64Engine__maybe_get_bool_indexer:\n      pandas/index.c:8370: warning: __pyx_v_last_true may be used uninitialized in this function\n      pandas/index.c: In function __pyx_f_6pandas_5index_11Int64Engine__maybe_get_bool_indexer:\n      pandas/index.c:7720: warning: __pyx_v_last_true may be used uninitialized in this function\n      gcc -pthread -fno-strict-aliasing -O2 -g -pipe -Wall -Wp,-D_FORTIFY_SOURCE=2 -fexceptions -fstack-protector --param=ssp-buffer-size=4 -m64 -mtune=generic -D_GNU_SOURCE -fPIC -fwrapv -DNDEBUG -O2 -g -pipe -Wall -Wp,-D_FORTIFY_SOURCE=2 -fexceptions -fstack-protector --param=ssp-buffer-size=4 -m64 -mtune=generic -D_GNU_SOURCE -fPIC -fwrapv -fPIC -Ipandas/src/klib -Ipandas/src -I/opt/python/run/venv/local/lib64/python2.7/site-packages/numpy/core/include -I/usr/include/python2.7 -c pandas/src/datetime/np_datetime.c -o build/temp.linux-x86_64-2.7/pandas/src/datetime/np_datetime.o -Wno-unused-function\n      In file included from /opt/python/run/venv/local/lib64/python2.7/site-packages/numpy/core/include/numpy/ndarraytypes.h:1777,\n                       from /opt/python/run/venv/local/lib64/python2.7/site-packages/numpy/core/include/numpy/ndarrayobject.h:18,\n                       from /opt/python/run/venv/local/lib64/python2.7/site-packages/numpy/core/include/numpy/arrayobject.h:4,\n                       from pandas/src/datetime/np_datetime.c:18:\n      /opt/python/run/venv/local/lib64/python2.7/site-packages/numpy/core/include/numpy/npy_1_7_deprecated_api.h:15:2: warning: #warning \"Using deprecated NumPy API, disable it by \" \"#defining NPY_NO_DEPRECATED_API NPY_1_7_API_VERSION\"\n      /usr/include/python2.7/datetime.h:188: warning: PyDateTimeAPI defined but not used\n      gcc -pthread -fno-strict-aliasing -O2 -g -pipe -Wall -Wp,-D_FORTIFY_SOURCE=2 -fexceptions -fstack-protector --param=ssp-buffer-size=4 -m64 -mtune=generic -D_GNU_SOURCE -fPIC -fwrapv -DNDEBUG -O2 -g -pipe -Wall -Wp,-D_FORTIFY_SOURCE=2 -fexceptions -fstack-protector --param=ssp-buffer-size=4 -m64 -mtune=generic -D_GNU_SOURCE -fPIC -fwrapv -fPIC -Ipandas/src/klib -Ipandas/src -I/opt/python/run/venv/local/lib64/python2.7/site-packages/numpy/core/include -I/usr/include/python2.7 -c pandas/src/datetime/np_datetime_strings.c -o build/temp.linux-x86_64-2.7/pandas/src/datetime/np_datetime_strings.o -Wno-unused-function\n      In file included from /opt/python/run/venv/local/lib64/python2.7/site-packages/numpy/core/include/numpy/ndarraytypes.h:1777,\n                       from /opt/python/run/venv/local/lib64/python2.7/site-packages/numpy/core/include/numpy/ndarrayobject.h:18,\n                       from /opt/python/run/venv/local/lib64/python2.7/site-packages/numpy/core/include/numpy/arrayobject.h:4,\n                       from pandas/src/datetime/np_datetime_strings.c:17:\n      /opt/python/run/venv/local/lib64/python2.7/site-packages/numpy/core/include/numpy/npy_1_7_deprecated_api.h:15:2: warning: #warning \"Using deprecated NumPy API, disable it by \" \"#defining NPY_NO_DEPRECATED_API NPY_1_7_API_VERSION\"\n      gcc -pthread -shared build/temp.linux-x86_64-2.7/pandas/index.o build/temp.linux-x86_64-2.7/pandas/src/datetime/np_datetime.o build/temp.linux-x86_64-2.7/pandas/src/datetime/np_datetime_strings.o -L/usr/lib64 -lpython2.7 -o build/lib.linux-x86_64-2.7/pandas/index.so\n      building 'pandas._period' extension\n      gcc -pthread -fno-strict-aliasing -O2 -g -pipe -Wall -Wp,-D_FORTIFY_SOURCE=2 -fexceptions -fstack-protector --param=ssp-buffer-size=4 -m64 -mtune=generic -D_GNU_SOURCE -fPIC -fwrapv -DNDEBUG -O2 -g -pipe -Wall -Wp,-D_FORTIFY_SOURCE=2 -fexceptions -fstack-protector --param=ssp-buffer-size=4 -m64 -mtune=generic -D_GNU_SOURCE -fPIC -fwrapv -fPIC -Ipandas/src/klib -Ipandas/src -I/opt/python/run/venv/local/lib64/python2.7/site-packages/numpy/core/include -I/usr/include/python2.7 -c pandas/src/period.c -o build/temp.linux-x86_64-2.7/pandas/src/period.o -Wno-unused-function\n      In file included from /opt/python/run/venv/local/lib64/python2.7/site-packages/numpy/core/include/numpy/ndarraytypes.h:1777,\n                       from /opt/python/run/venv/local/lib64/python2.7/site-packages/numpy/core/include/numpy/ndarrayobject.h:18,\n                       from /opt/python/run/venv/local/lib64/python2.7/site-packages/numpy/core/include/numpy/arrayobject.h:4,\n                       from pandas/src/period.c:267:\n      /opt/python/run/venv/local/lib64/python2.7/site-packages/numpy/core/include/numpy/npy_1_7_deprecated_api.h:15:2: warning: #warning \"Using deprecated NumPy API, disable it by \" \"#defining NPY_NO_DEPRECATED_API NPY_1_7_API_VERSION\"\n      pandas/src/period.c: In function __Pyx_WriteUnraisable.clone.1:\n      pandas/src/period.c:24813: warning: state may be used uninitialized in this function\n      gcc -pthread -fno-strict-aliasing -O2 -g -pipe -Wall -Wp,-D_FORTIFY_SOURCE=2 -fexceptions -fstack-protector --param=ssp-buffer-size=4 -m64 -mtune=generic -D_GNU_SOURCE -fPIC -fwrapv -DNDEBUG -O2 -g -pipe -Wall -Wp,-D_FORTIFY_SOURCE=2 -fexceptions -fstack-protector --param=ssp-buffer-size=4 -m64 -mtune=generic -D_GNU_SOURCE -fPIC -fwrapv -fPIC -Ipandas/src/klib -Ipandas/src -I/opt/python/run/venv/local/lib64/python2.7/site-packages/numpy/core/include -I/usr/include/python2.7 -c pandas/src/datetime/np_datetime.c -o build/temp.linux-x86_64-2.7/pandas/src/datetime/np_datetime.o -Wno-unused-function\n      In file included from /opt/python/run/venv/local/lib64/python2.7/site-packages/numpy/core/include/numpy/ndarraytypes.h:1777,\n                       from /opt/python/run/venv/local/lib64/python2.7/site-packages/numpy/core/include/numpy/ndarrayobject.h:18,\n                       from /opt/python/run/venv/local/lib64/python2.7/site-packages/numpy/core/include/numpy/arrayobject.h:4,\n                       from pandas/src/datetime/np_datetime.c:18:\n      /opt/python/run/venv/local/lib64/python2.7/site-packages/numpy/core/include/numpy/npy_1_7_deprecated_api.h:15:2: warning: #warning \"Using deprecated NumPy API, disable it by \" \"#defining NPY_NO_DEPRECATED_API NPY_1_7_API_VERSION\"\n      /usr/include/python2.7/datetime.h:188: warning: PyDateTimeAPI defined but not used\n      gcc -pthread -fno-strict-aliasing -O2 -g -pipe -Wall -Wp,-D_FORTIFY_SOURCE=2 -fexceptions -fstack-protector --param=ssp-buffer-size=4 -m64 -mtune=generic -D_GNU_SOURCE -fPIC -fwrapv -DNDEBUG -O2 -g -pipe -Wall -Wp,-D_FORTIFY_SOURCE=2 -fexceptions -fstack-protector --param=ssp-buffer-size=4 -m64 -mtune=generic -D_GNU_SOURCE -fPIC -fwrapv -fPIC -Ipandas/src/klib -Ipandas/src -I/opt/python/run/venv/local/lib64/python2.7/site-packages/numpy/core/include -I/usr/include/python2.7 -c pandas/src/datetime/np_datetime_strings.c -o build/temp.linux-x86_64-2.7/pandas/src/datetime/np_datetime_strings.o -Wno-unused-function\n      In file included from /opt/python/run/venv/local/lib64/python2.7/site-packages/numpy/core/include/numpy/ndarraytypes.h:1777,\n                       from /opt/python/run/venv/local/lib64/python2.7/site-packages/numpy/core/include/numpy/ndarrayobject.h:18,\n                       from /opt/python/run/venv/local/lib64/python2.7/site-packages/numpy/core/include/numpy/arrayobject.h:4,\n                       from pandas/src/datetime/np_datetime_strings.c:17:\n      /opt/python/run/venv/local/lib64/python2.7/site-packages/numpy/core/include/numpy/npy_1_7_deprecated_api.h:15:2: warning: #warning \"Using deprecated NumPy API, disable it by \" \"#defining NPY_NO_DEPRECATED_API NPY_1_7_API_VERSION\"\n      gcc -pthread -fno-strict-aliasing -O2 -g -pipe -Wall -Wp,-D_FORTIFY_SOURCE=2 -fexceptions -fstack-protector --param=ssp-buffer-size=4 -m64 -mtune=generic -D_GNU_SOURCE -fPIC -fwrapv -DNDEBUG -O2 -g -pipe -Wall -Wp,-D_FORTIFY_SOURCE=2 -fexceptions -fstack-protector --param=ssp-buffer-size=4 -m64 -mtune=generic -D_GNU_SOURCE -fPIC -fwrapv -fPIC -Ipandas/src/klib -Ipandas/src -I/opt/python/run/venv/local/lib64/python2.7/site-packages/numpy/core/include -I/usr/include/python2.7 -c pandas/src/period_helper.c -o build/temp.linux-x86_64-2.7/pandas/src/period_helper.o -Wno-unused-function\n      In file included from /opt/python/run/venv/local/lib64/python2.7/site-packages/numpy/core/include/numpy/ndarraytypes.h:1777,\n                       from pandas/src/period_helper.h:12,\n                       from pandas/src/period_helper.c:1:\n      /opt/python/run/venv/local/lib64/python2.7/site-packages/numpy/core/include/numpy/npy_1_7_deprecated_api.h:15:2: warning: #warning \"Using deprecated NumPy API, disable it by \" \"#defining NPY_NO_DEPRECATED_API NPY_1_7_API_VERSION\"\n      gcc -pthread -shared build/temp.linux-x86_64-2.7/pandas/src/period.o build/temp.linux-x86_64-2.7/pandas/src/datetime/np_datetime.o build/temp.linux-x86_64-2.7/pandas/src/datetime/np_datetime_strings.o build/temp.linux-x86_64-2.7/pandas/src/period_helper.o -L/usr/lib64 -lpython2.7 -o build/lib.linux-x86_64-2.7/pandas/_period.so\n      building 'pandas.algos' extension\n      gcc -pthread -fno-strict-aliasing -O2 -g -pipe -Wall -Wp,-D_FORTIFY_SOURCE=2 -fexceptions -fstack-protector --param=ssp-buffer-size=4 -m64 -mtune=generic -D_GNU_SOURCE -fPIC -fwrapv -DNDEBUG -O2 -g -pipe -Wall -Wp,-D_FORTIFY_SOURCE=2 -fexceptions -fstack-protector --param=ssp-buffer-size=4 -m64 -mtune=generic -D_GNU_SOURCE -fPIC -fwrapv -fPIC -Ipandas/src/klib -Ipandas/src -I/opt/python/run/venv/local/lib64/python2.7/site-packages/numpy/core/include -I/usr/include/python2.7 -c pandas/algos.c -o build/temp.linux-x86_64-2.7/pandas/algos.o -Wno-unused-function\n      In file included from /opt/python/run/venv/local/lib64/python2.7/site-packages/numpy/core/include/numpy/ndarraytypes.h:1777,\n                       from /opt/python/run/venv/local/lib64/python2.7/site-packages/numpy/core/include/numpy/ndarrayobject.h:18,\n                       from /opt/python/run/venv/local/lib64/python2.7/site-packages/numpy/core/include/numpy/arrayobject.h:4,\n                       from pandas/algos.c:266:\n      /opt/python/run/venv/local/lib64/python2.7/site-packages/numpy/core/include/numpy/npy_1_7_deprecated_api.h:15:2: warning: #warning \"Using deprecated NumPy API, disable it by \" \"#defining NPY_NO_DEPRECATED_API NPY_1_7_API_VERSION\"\n      gcc -pthread -shared build/temp.linux-x86_64-2.7/pandas/algos.o -L/usr/lib64 -lpython2.7 -o build/lib.linux-x86_64-2.7/pandas/algos.so\n      building 'pandas.lib' extension\n      gcc -pthread -fno-strict-aliasing -O2 -g -pipe -Wall -Wp,-D_FORTIFY_SOURCE=2 -fexceptions -fstack-protector --param=ssp-buffer-size=4 -m64 -mtune=generic -D_GNU_SOURCE -fPIC -fwrapv -DNDEBUG -O2 -g -pipe -Wall -Wp,-D_FORTIFY_SOURCE=2 -fexceptions -fstack-protector --param=ssp-buffer-size=4 -m64 -mtune=generic -D_GNU_SOURCE -fPIC -fwrapv -fPIC -Ipandas/src/klib -Ipandas/src -I/opt/python/run/venv/local/lib64/python2.7/site-packages/numpy/core/include -I/usr/include/python2.7 -c pandas/lib.c -o build/temp.linux-x86_64-2.7/pandas/lib.o -Wno-unused-function\n      In file included from /opt/python/run/venv/local/lib64/python2.7/site-packages/numpy/core/include/numpy/ndarraytypes.h:1777,\n                       from /opt/python/run/venv/local/lib64/python2.7/site-packages/numpy/core/include/numpy/ndarrayobject.h:18,\n                       from /opt/python/run/venv/local/lib64/python2.7/site-packages/numpy/core/include/numpy/arrayobject.h:4,\n                       from pandas/lib.c:266:\n      /opt/python/run/venv/local/lib64/python2.7/site-packages/numpy/core/include/numpy/npy_1_7_deprecated_api.h:15:2: warning: #warning \"Using deprecated NumPy API, disable it by \" \"#defining NPY_NO_DEPRECATED_API NPY_1_7_API_VERSION\"\n      pandas/lib.c: In function __pyx_gb_6pandas_3lib_118generator:\n      pandas/lib.c:26292: warning: __pyx_t_5 may be used uninitialized in this function\n      pandas/lib.c:26297: warning: __pyx_t_10 may be used uninitialized in this function\n      pandas/lib.c:26301: warning: __pyx_t_14 may be used uninitialized in this function\n      pandas/lib.c:26298: warning: __pyx_t_11 may be used uninitialized in this function\n      pandas/lib.c:26309: warning: __pyx_t_22 may be used uninitialized in this function\n      gcc -pthread -shared build/temp.linux-x86_64-2.7/pandas/lib.o -L/usr/lib64 -lpython2.7 -o build/lib.linux-x86_64-2.7/pandas/lib.so\n      building 'pandas.tslib' extension\n      gcc -pthread -fno-strict-aliasing -O2 -g -pipe -Wall -Wp,-D_FORTIFY_SOURCE=2 -fexceptions -fstack-protector --param=ssp-buffer-size=4 -m64 -mtune=generic -D_GNU_SOURCE -fPIC -fwrapv -DNDEBUG -O2 -g -pipe -Wall -Wp,-D_FORTIFY_SOURCE=2 -fexceptions -fstack-protector --param=ssp-buffer-size=4 -m64 -mtune=generic -D_GNU_SOURCE -fPIC -fwrapv -fPIC -Ipandas/src/klib -Ipandas/src -I/opt/python/run/venv/local/lib64/python2.7/site-packages/numpy/core/include -I/usr/include/python2.7 -c pandas/tslib.c -o build/temp.linux-x86_64-2.7/pandas/tslib.o -Wno-unused-function\n      In file included from /opt/python/run/venv/local/lib64/python2.7/site-packages/numpy/core/include/numpy/ndarraytypes.h:1777,\n                       from /opt/python/run/venv/local/lib64/python2.7/site-packages/numpy/core/include/numpy/ndarrayobject.h:18,\n                       from /opt/python/run/venv/local/lib64/python2.7/site-packages/numpy/core/include/numpy/arrayobject.h:4,\n                       from pandas/tslib.c:266:\n      /opt/python/run/venv/local/lib64/python2.7/site-packages/numpy/core/include/numpy/npy_1_7_deprecated_api.h:15:2: warning: #warning \"Using deprecated NumPy API, disable it by \" \"#defining NPY_NO_DEPRECATED_API NPY_1_7_API_VERSION\"\n      pandas/tslib.c: In function __pyx_f_6pandas_5tslib__check_dts_bounds:\n      pandas/tslib.c:29050: warning: implicit declaration of function cmp_pandas_datetimestruct\n      pandas/tslib.c: In function __pyx_f_6pandas_5tslib__parse_dateabbr_string:\n      pandas/tslib.c:32473: warning: __pyx_v_year may be used uninitialized in this function\n      pandas/tslib.c:32474: warning: __pyx_v_quarter may be used uninitialized in this function\n      gcc -pthread -fno-strict-aliasing -O2 -g -pipe -Wall -Wp,-D_FORTIFY_SOURCE=2 -fexceptions -fstack-protector --param=ssp-buffer-size=4 -m64 -mtune=generic -D_GNU_SOURCE -fPIC -fwrapv -DNDEBUG -O2 -g -pipe -Wall -Wp,-D_FORTIFY_SOURCE=2 -fexceptions -fstack-protector --param=ssp-buffer-size=4 -m64 -mtune=generic -D_GNU_SOURCE -fPIC -fwrapv -fPIC -Ipandas/src/klib -Ipandas/src -I/opt/python/run/venv/local/lib64/python2.7/site-packages/numpy/core/include -I/usr/include/python2.7 -c pandas/src/datetime/np_datetime.c -o build/temp.linux-x86_64-2.7/pandas/src/datetime/np_datetime.o -Wno-unused-function\n      In file included from /opt/python/run/venv/local/lib64/python2.7/site-packages/numpy/core/include/numpy/ndarraytypes.h:1777,\n                       from /opt/python/run/venv/local/lib64/python2.7/site-packages/numpy/core/include/numpy/ndarrayobject.h:18,\n                       from /opt/python/run/venv/local/lib64/python2.7/site-packages/numpy/core/include/numpy/arrayobject.h:4,\n                       from pandas/src/datetime/np_datetime.c:18:\n      /opt/python/run/venv/local/lib64/python2.7/site-packages/numpy/core/include/numpy/npy_1_7_deprecated_api.h:15:2: warning: #warning \"Using deprecated NumPy API, disable it by \" \"#defining NPY_NO_DEPRECATED_API NPY_1_7_API_VERSION\"\n      /usr/include/python2.7/datetime.h:188: warning: PyDateTimeAPI defined but not used\n      gcc -pthread -fno-strict-aliasing -O2 -g -pipe -Wall -Wp,-D_FORTIFY_SOURCE=2 -fexceptions -fstack-protector --param=ssp-buffer-size=4 -m64 -mtune=generic -D_GNU_SOURCE -fPIC -fwrapv -DNDEBUG -O2 -g -pipe -Wall -Wp,-D_FORTIFY_SOURCE=2 -fexceptions -fstack-protector --param=ssp-buffer-size=4 -m64 -mtune=generic -D_GNU_SOURCE -fPIC -fwrapv -fPIC -Ipandas/src/klib -Ipandas/src -I/opt/python/run/venv/local/lib64/python2.7/site-packages/numpy/core/include -I/usr/include/python2.7 -c pandas/src/datetime/np_datetime_strings.c -o build/temp.linux-x86_64-2.7/pandas/src/datetime/np_datetime_strings.o -Wno-unused-function\n      In file included from /opt/python/run/venv/local/lib64/python2.7/site-packages/numpy/core/include/numpy/ndarraytypes.h:1777,\n                       from /opt/python/run/venv/local/lib64/python2.7/site-packages/numpy/core/include/numpy/ndarrayobject.h:18,\n                       from /opt/python/run/venv/local/lib64/python2.7/site-packages/numpy/core/include/numpy/arrayobject.h:4,\n                       from pandas/src/datetime/np_datetime_strings.c:17:\n      /opt/python/run/venv/local/lib64/python2.7/site-packages/numpy/core/include/numpy/npy_1_7_deprecated_api.h:15:2: warning: #warning \"Using deprecated NumPy API, disable it by \" \"#defining NPY_NO_DEPRECATED_API NPY_1_7_API_VERSION\"\n      gcc -pthread -fno-strict-aliasing -O2 -g -pipe -Wall -Wp,-D_FORTIFY_SOURCE=2 -fexceptions -fstack-protector --param=ssp-buffer-size=4 -m64 -mtune=generic -D_GNU_SOURCE -fPIC -fwrapv -DNDEBUG -O2 -g -pipe -Wall -Wp,-D_FORTIFY_SOURCE=2 -fexceptions -fstack-protector --param=ssp-buffer-size=4 -m64 -mtune=generic -D_GNU_SOURCE -fPIC -fwrapv -fPIC -Ipandas/src/klib -Ipandas/src -I/opt/python/run/venv/local/lib64/python2.7/site-packages/numpy/core/include -I/usr/include/python2.7 -c pandas/src/period_helper.c -o build/temp.linux-x86_64-2.7/pandas/src/period_helper.o -Wno-unused-function\n      In file included from /opt/python/run/venv/local/lib64/python2.7/site-packages/numpy/core/include/numpy/ndarraytypes.h:1777,\n                       from pandas/src/period_helper.h:12,\n                       from pandas/src/period_helper.c:1:\n      /opt/python/run/venv/local/lib64/python2.7/site-packages/numpy/core/include/numpy/npy_1_7_deprecated_api.h:15:2: warning: #warning \"Using deprecated NumPy API, disable it by \" \"#defining NPY_NO_DEPRECATED_API NPY_1_7_API_VERSION\"\n      gcc -pthread -shared build/temp.linux-x86_64-2.7/pandas/tslib.o build/temp.linux-x86_64-2.7/pandas/src/datetime/np_datetime.o build/temp.linux-x86_64-2.7/pandas/src/datetime/np_datetime_strings.o build/temp.linux-x86_64-2.7/pandas/src/period_helper.o -L/usr/lib64 -lpython2.7 -o build/lib.linux-x86_64-2.7/pandas/tslib.so\n      building 'pandas.parser' extension\n      creating build/temp.linux-x86_64-2.7/pandas/src/parser\n      gcc -pthread -fno-strict-aliasing -O2 -g -pipe -Wall -Wp,-D_FORTIFY_SOURCE=2 -fexceptions -fstack-protector --param=ssp-buffer-size=4 -m64 -mtune=generic -D_GNU_SOURCE -fPIC -fwrapv -DNDEBUG -O2 -g -pipe -Wall -Wp,-D_FORTIFY_SOURCE=2 -fexceptions -fstack-protector --param=ssp-buffer-size=4 -m64 -mtune=generic -D_GNU_SOURCE -fPIC -fwrapv -fPIC -Ipandas/src/klib -Ipandas/src -I/opt/python/run/venv/local/lib64/python2.7/site-packages/numpy/core/include -I/usr/include/python2.7 -c pandas/parser.c -o build/temp.linux-x86_64-2.7/pandas/parser.o -Wno-unused-function\n      In file included from /opt/python/run/venv/local/lib64/python2.7/site-packages/numpy/core/include/numpy/ndarraytypes.h:1777,\n                       from /opt/python/run/venv/local/lib64/python2.7/site-packages/numpy/core/include/numpy/ndarrayobject.h:18,\n                       from /opt/python/run/venv/local/lib64/python2.7/site-packages/numpy/core/include/numpy/arrayobject.h:4,\n                       from pandas/parser.c:267:\n      /opt/python/run/venv/local/lib64/python2.7/site-packages/numpy/core/include/numpy/npy_1_7_deprecated_api.h:15:2: warning: #warning \"Using deprecated NumPy API, disable it by \" \"#defining NPY_NO_DEPRECATED_API NPY_1_7_API_VERSION\"\n      pandas/parser.c: In function __pyx_f_6pandas_6parser_10TextReader__get_header:\n      pandas/parser.c:7101: warning: __pyx_v_data_line may be used uninitialized in this function\n      gcc -pthread -fno-strict-aliasing -O2 -g -pipe -Wall -Wp,-D_FORTIFY_SOURCE=2 -fexceptions -fstack-protector --param=ssp-buffer-size=4 -m64 -mtune=generic -D_GNU_SOURCE -fPIC -fwrapv -DNDEBUG -O2 -g -pipe -Wall -Wp,-D_FORTIFY_SOURCE=2 -fexceptions -fstack-protector --param=ssp-buffer-size=4 -m64 -mtune=generic -D_GNU_SOURCE -fPIC -fwrapv -fPIC -Ipandas/src/klib -Ipandas/src -I/opt/python/run/venv/local/lib64/python2.7/site-packages/numpy/core/include -I/usr/include/python2.7 -c pandas/src/parser/tokenizer.c -o build/temp.linux-x86_64-2.7/pandas/src/parser/tokenizer.o -Wno-unused-function\n      pandas/src/parser/tokenizer.c:911:17: warning: multi-line comment\n      gcc -pthread -fno-strict-aliasing -O2 -g -pipe -Wall -Wp,-D_FORTIFY_SOURCE=2 -fexceptions -fstack-protector --param=ssp-buffer-size=4 -m64 -mtune=generic -D_GNU_SOURCE -fPIC -fwrapv -DNDEBUG -O2 -g -pipe -Wall -Wp,-D_FORTIFY_SOURCE=2 -fexceptions -fstack-protector --param=ssp-buffer-size=4 -m64 -mtune=generic -D_GNU_SOURCE -fPIC -fwrapv -fPIC -Ipandas/src/klib -Ipandas/src -I/opt/python/run/venv/local/lib64/python2.7/site-packages/numpy/core/include -I/usr/include/python2.7 -c pandas/src/parser/io.c -o build/temp.linux-x86_64-2.7/pandas/src/parser/io.o -Wno-unused-function\n      gcc -pthread -shared build/temp.linux-x86_64-2.7/pandas/parser.o build/temp.linux-x86_64-2.7/pandas/src/parser/tokenizer.o build/temp.linux-x86_64-2.7/pandas/src/parser/io.o -L/usr/lib64 -lpython2.7 -o build/lib.linux-x86_64-2.7/pandas/parser.so\n      building 'pandas.io.sas.saslib' extension\n      creating build/temp.linux-x86_64-2.7/pandas/io\n      creating build/temp.linux-x86_64-2.7/pandas/io/sas\n      gcc -pthread -fno-strict-aliasing -O2 -g -pipe -Wall -Wp,-D_FORTIFY_SOURCE=2 -fexceptions -fstack-protector --param=ssp-buffer-size=4 -m64 -mtune=generic -D_GNU_SOURCE -fPIC -fwrapv -DNDEBUG -O2 -g -pipe -Wall -Wp,-D_FORTIFY_SOURCE=2 -fexceptions -fstack-protector --param=ssp-buffer-size=4 -m64 -mtune=generic -D_GNU_SOURCE -fPIC -fwrapv -fPIC -Ipandas/src/klib -Ipandas/src -I/opt/python/run/venv/local/lib64/python2.7/site-packages/numpy/core/include -I/usr/include/python2.7 -c pandas/io/sas/saslib.c -o build/temp.linux-x86_64-2.7/pandas/io/sas/saslib.o -Wno-unused-function\n      In file included from /opt/python/run/venv/local/lib64/python2.7/site-packages/numpy/core/include/numpy/ndarraytypes.h:1777,\n                       from /opt/python/run/venv/local/lib64/python2.7/site-packages/numpy/core/include/numpy/ndarrayobject.h:18,\n                       from /opt/python/run/venv/local/lib64/python2.7/site-packages/numpy/core/include/numpy/arrayobject.h:4,\n                       from pandas/io/sas/saslib.c:266:\n      /opt/python/run/venv/local/lib64/python2.7/site-packages/numpy/core/include/numpy/npy_1_7_deprecated_api.h:15:2: warning: #warning \"Using deprecated NumPy API, disable it by \" \"#defining NPY_NO_DEPRECATED_API NPY_1_7_API_VERSION\"\n      pandas/io/sas/saslib.c: In function __pyx_f_6pandas_2io_3sas_6saslib_rdc_decompress:\n      pandas/io/sas/saslib.c:3383: warning: __pyx_v_ctrl_bits may be used uninitialized in this function\n      gcc -pthread -shared build/temp.linux-x86_64-2.7/pandas/io/sas/saslib.o -L/usr/lib64 -lpython2.7 -o build/lib.linux-x86_64-2.7/pandas/io/sas/saslib.so\n      building 'pandas.hashtable' extension\n      gcc -pthread -fno-strict-aliasing -O2 -g -pipe -Wall -Wp,-D_FORTIFY_SOURCE=2 -fexceptions -fstack-protector --param=ssp-buffer-size=4 -m64 -mtune=generic -D_GNU_SOURCE -fPIC -fwrapv -DNDEBUG -O2 -g -pipe -Wall -Wp,-D_FORTIFY_SOURCE=2 -fexceptions -fstack-protector --param=ssp-buffer-size=4 -m64 -mtune=generic -D_GNU_SOURCE -fPIC -fwrapv -fPIC -Ipandas/src/klib -Ipandas/src -I/opt/python/run/venv/local/lib64/python2.7/site-packages/numpy/core/include -I/usr/include/python2.7 -c pandas/hashtable.c -o build/temp.linux-x86_64-2.7/pandas/hashtable.o -Wno-unused-function\n      In file included from /opt/python/run/venv/local/lib64/python2.7/site-packages/numpy/core/include/numpy/ndarraytypes.h:1777,\n                       from /opt/python/run/venv/local/lib64/python2.7/site-packages/numpy/core/include/numpy/ndarrayobject.h:18,\n                       from /opt/python/run/venv/local/lib64/python2.7/site-packages/numpy/core/include/numpy/arrayobject.h:4,\n                       from pandas/hashtable.c:267:\n      /opt/python/run/venv/local/lib64/python2.7/site-packages/numpy/core/include/numpy/npy_1_7_deprecated_api.h:15:2: warning: #warning \"Using deprecated NumPy API, disable it by \" \"#defining NPY_NO_DEPRECATED_API NPY_1_7_API_VERSION\"\n      gcc -pthread -shared build/temp.linux-x86_64-2.7/pandas/hashtable.o -L/usr/lib64 -lpython2.7 -o build/lib.linux-x86_64-2.7/pandas/hashtable.so\n      building 'pandas._sparse' extension\n      gcc -pthread -fno-strict-aliasing -O2 -g -pipe -Wall -Wp,-D_FORTIFY_SOURCE=2 -fexceptions -fstack-protector --param=ssp-buffer-size=4 -m64 -mtune=generic -D_GNU_SOURCE -fPIC -fwrapv -DNDEBUG -O2 -g -pipe -Wall -Wp,-D_FORTIFY_SOURCE=2 -fexceptions -fstack-protector --param=ssp-buffer-size=4 -m64 -mtune=generic -D_GNU_SOURCE -fPIC -fwrapv -fPIC -I/opt/python/run/venv/local/lib64/python2.7/site-packages/numpy/core/include -I/usr/include/python2.7 -c pandas/src/sparse.c -o build/temp.linux-x86_64-2.7/pandas/src/sparse.o -Wno-unused-function\n      In file included from /opt/python/run/venv/local/lib64/python2.7/site-packages/numpy/core/include/numpy/ndarraytypes.h:1777,\n                       from /opt/python/run/venv/local/lib64/python2.7/site-packages/numpy/core/include/numpy/ndarrayobject.h:18,\n                       from /opt/python/run/venv/local/lib64/python2.7/site-packages/numpy/core/include/numpy/arrayobject.h:4,\n                       from pandas/src/sparse.c:266:\n      /opt/python/run/venv/local/lib64/python2.7/site-packages/numpy/core/include/numpy/npy_1_7_deprecated_api.h:15:2: warning: #warning \"Using deprecated NumPy API, disable it by \" \"#defining NPY_NO_DEPRECATED_API NPY_1_7_API_VERSION\"\n      gcc -pthread -shared build/temp.linux-x86_64-2.7/pandas/src/sparse.o -L/usr/lib64 -lm -lpython2.7 -o build/lib.linux-x86_64-2.7/pandas/_sparse.so\n      building 'pandas._testing' extension\n      gcc -pthread -fno-strict-aliasing -O2 -g -pipe -Wall -Wp,-D_FORTIFY_SOURCE=2 -fexceptions -fstack-protector --param=ssp-buffer-size=4 -m64 -mtune=generic -D_GNU_SOURCE -fPIC -fwrapv -DNDEBUG -O2 -g -pipe -Wall -Wp,-D_FORTIFY_SOURCE=2 -fexceptions -fstack-protector --param=ssp-buffer-size=4 -m64 -mtune=generic -D_GNU_SOURCE -fPIC -fwrapv -fPIC -I/opt/python/run/venv/local/lib64/python2.7/site-packages/numpy/core/include -I/usr/include/python2.7 -c pandas/src/testing.c -o build/temp.linux-x86_64-2.7/pandas/src/testing.o -Wno-unused-function\n      gcc -pthread -shared build/temp.linux-x86_64-2.7/pandas/src/testing.o -L/usr/lib64 -lm -lpython2.7 -o build/lib.linux-x86_64-2.7/pandas/_testing.so\n      building 'pandas.msgpack._packer' extension\n      creating build/temp.linux-x86_64-2.7/pandas/msgpack\n      gcc -pthread -fno-strict-aliasing -O2 -g -pipe -Wall -Wp,-D_FORTIFY_SOURCE=2 -fexceptions -fstack-protector --param=ssp-buffer-size=4 -m64 -mtune=generic -D_GNU_SOURCE -fPIC -fwrapv -DNDEBUG -O2 -g -pipe -Wall -Wp,-D_FORTIFY_SOURCE=2 -fexceptions -fstack-protector --param=ssp-buffer-size=4 -m64 -mtune=generic -D_GNU_SOURCE -fPIC -fwrapv -fPIC -D__LITTLE_ENDIAN__=1 -Ipandas/src/msgpack -Ipandas/src/klib -Ipandas/src -I/opt/python/run/venv/local/lib64/python2.7/site-packages/numpy/core/include -I/usr/include/python2.7 -c pandas/msgpack/_packer.cpp -o build/temp.linux-x86_64-2.7/pandas/msgpack/_packer.o -Wno-unused-function\n      gcc: error trying to exec 'cc1plus': execvp: No such file or directory\n      error: command 'gcc' failed with exit status 1\n      \n      ----------------------------------------\n  Command \"/opt/python/run/venv/bin/python2.7 -c \"import setuptools, tokenize;__file__='/tmp/pip-build-SkQ7Dl/pandas/setup.py';exec(compile(getattr(tokenize, 'open', open)(__file__).read().replace('\\r\\n', '\\n'), __file__, 'exec'))\" install --record /tmp/pip-FemoqA-record/install-record.txt --single-version-externally-managed --compile --install-headers /opt/python/run/venv/include/site/python2.7/pandas\" failed with error code 1 in /tmp/pip-build-SkQ7Dl/pandas\n  You are using pip version 7.1.2, however version 9.0.1 is available.\n  You should consider upgrading via the 'pip install --upgrade pip' command.\n  2017-01-17 18:12:51,028 ERROR    Error installing dependencies: Command '/opt/python/run/venv/bin/pip install -r /opt/python/ondeck/app/requirements.txt' returned non-zero exit status 1\n  Traceback (most recent call last):\n    File \"/opt/elasticbeanstalk/hooks/appdeploy/pre/03deploy.py\", line 22, in main\n      install_dependencies()\n    File \"/opt/elasticbeanstalk/hooks/appdeploy/pre/03deploy.py\", line 18, in install_dependencies\n      check_call('%s install -r %s' % (os.path.join(APP_VIRTUAL_ENV, 'bin', 'pip'), requirements_file), shell=True)\n    File \"/usr/lib64/python2.7/subprocess.py\", line 541, in check_call\n      raise CalledProcessError(retcode, cmd)\n  CalledProcessError: Command '/opt/python/run/venv/bin/pip install -r /opt/python/ondeck/app/requirements.txt' returned non-zero exit status 1 (Executor::NonZeroExitStatus)\n\n\n[2017-01-17T18:12:51.040Z] INFO  [2962]  - [Application deployment app-170117_190150@1/StartupStage0/AppDeployPreHook/03deploy.py] : Activity failed.\n[2017-01-17T18:12:51.040Z] INFO  [2962]  - [Application deployment app-170117_190150@1/StartupStage0/AppDeployPreHook] : Activity failed.\n[2017-01-17T18:12:51.040Z] INFO  [2962]  - [Application deployment app-170117_190150@1/StartupStage0] : Activity failed.\n[2017-01-17T18:12:51.043Z] INFO  [2962]  - [Application deployment app-170117_190150@1] : Completed activity. Result:\n  Application deployment - Command CMD-Startup failed\n[2017-01-17T18:14:13.165Z] INFO  [6942]  - [CMD-BundleLogs] : Starting activity...\n[2017-01-17T18:14:13.165Z] INFO  [6942]  - [CMD-BundleLogs/AddonsBefore] : Starting activity...\n[2017-01-17T18:14:13.165Z] INFO  [6942]  - [CMD-BundleLogs/AddonsBefore] : Completed activity.\n[2017-01-17T18:14:13.165Z] INFO  [6942]  - [CMD-BundleLogs/BundleLogs] : Starting activity...\n[2017-01-17T18:14:13.165Z] INFO  [6942]  - [CMD-BundleLogs/BundleLogs/BundleLogs] : Starting activity...\n[2017-01-17T18:14:13.462Z] INFO  [6942]  - [CMD-BundleLogs/BundleLogs/BundleLogs] : Completed activity.\n[2017-01-17T18:14:13.462Z] INFO  [6942]  - [CMD-BundleLogs/BundleLogs] : Completed activity. Result:\n  CMD-BundleLogs - stage 0 - Command CMD-BundleLogs stage 0 completed\n[2017-01-17T18:14:13.462Z] INFO  [6942]  - [CMD-BundleLogs/AddonsAfter] : Starting activity...\n[2017-01-17T18:14:13.462Z] INFO  [6942]  - [CMD-BundleLogs/AddonsAfter] : Completed activity.\n[2017-01-17T18:14:13.462Z] INFO  [6942]  - [CMD-BundleLogs] : Completed activity. Result:\n  CMD-BundleLogs - Command CMD-BundleLogs succeeded\n[2017-01-17T18:17:01.428Z] INFO  [7039]  - [CMD-BundleLogs] : Starting activity...\n[2017-01-17T18:17:01.428Z] INFO  [7039]  - [CMD-BundleLogs/AddonsBefore] : Starting activity...\n[2017-01-17T18:17:01.428Z] INFO  [7039]  - [CMD-BundleLogs/AddonsBefore] : Completed activity.\n[2017-01-17T18:17:01.428Z] INFO  [7039]  - [CMD-BundleLogs/BundleLogs] : Starting activity...\n[2017-01-17T18:17:01.428Z] INFO  [7039]  - [CMD-BundleLogs/BundleLogs/BundleLogs] : Starting activity...\n","defaultMarkerLayerId":"0","markerLayers":{"0":{"id":"0","maintainHistory":false,"markersById":{},"version":2},"1":{"id":"1","maintainHistory":false,"markersById":{},"version":2},"2":{"id":"2","maintainHistory":true,"markersById":{"1":{"range":{"start":{"row":1197,"column":26},"end":{"row":1197,"column":31}},"properties":{"type":"selection","goalScreenRange":null},"reversed":false,"tailed":true,"valid":true,"invalidate":"never"}},"version":2},"3":{"id":"3","maintainHistory":false,"markersById":{},"version":2}},"nextMarkerLayerId":4,"history":{"version":3,"nextCheckpointId":1,"undoStack":[],"redoStack":[]},"encoding":"utf8","filePath":"/home/juanjo/CLIENTES/proyectobutano/butanoServer/.elasticbeanstalk/logs/i-0456500401cca7796/var/log/eb-activity.log","digestWhenLastPersisted":"b221c8c9ed638d48fbd2229a1c4971470d58065d","preferredLineEnding":null,"nextMarkerId":479,"deserializer":"TextBuffer","version":5}]},"workspace":{"deserializer":"Workspace","paneContainer":{"deserializer":"PaneContainer","version":1,"root":{"deserializer":"Pane","id":3,"items":[{"deserializer":"TextEditor","id":4,"softTabs":true,"firstVisibleScreenRow":932,"firstVisibleScreenColumn":0,"displayBuffer":{"deserializer":"DisplayBuffer","id":5,"softWrapped":false,"tokenizedBuffer":{"deserializer":"TokenizedBuffer","bufferPath":"/home/juanjo/CLIENTES/proyectobutano/butanoServer/.elasticbeanstalk/logs/i-0456500401cca7796/var/log/eb-activity.log","bufferId":"a9dc3ebc24117c1219aa910271f588a6","largeFileMode":false},"largeFileMode":false,"foldsMarkerLayerId":"1"},"selectionsMarkerLayerId":"2"}],"activeItemURI":"/home/juanjo/CLIENTES/proyectobutano/butanoServer/.elasticbeanstalk/logs/i-0456500401cca7796/var/log/eb-activity.log","focused":true,"flexScale":1},"activePaneId":3},"packagesWithActiveGrammars":["language-hyperlink","language-todo"],"destroyedItemURIs":[]},"packageStates":{"find-and-replace":{"findOptions":{"findPattern":"pg_config","replacePattern":"","pathsPattern":"","useRegex":false,"wholeWord":false,"caseSensitive":false,"inCurrentSelection":false},"findHistory":["ERROR","pg_config"],"replaceHistory":[],"pathsHistory":[]},"fuzzy-finder":{"/home/juanjo/CLIENTES/proyectobutano/butanoServer/.elasticbeanstalk/logs/i-0456500401cca7796/var/log/eb-activity.log":1484677189081},"metrics":{"sessionLength":80829},"tabs":[{}],"tree-view":{"directoryExpansionStates":{"/home/juanjo/CLIENTES/proyectobutano/butanoServer/.elasticbeanstalk/logs/i-0456500401cca7796/var/log":{"isExpanded":true,"entries":{"healthd":{"isExpanded":false,"entries":{}},"httpd":{"isExpanded":false,"entries":{}}}}},"selectedPath":"/home/juanjo/CLIENTES/proyectobutano/butanoServer/.elasticbeanstalk/logs/i-0456500401cca7796/var/log/eb-activity.log","hasFocus":false,"attached":true,"scrollLeft":0,"scrollTop":0,"width":200}},"fullScreen":false}